#
# There is insufficient memory for the Java Runtime Environment to continue.
# Native memory allocation (malloc) failed to allocate 77520 bytes for Chunk::new
# Possible reasons:
#   The system is out of physical RAM or swap space
#   In 32 bit mode, the process size limit was hit
# Possible solutions:
#   Reduce memory load on the system
#   Increase physical memory or swap space
#   Check if swap backing store is full
#   Use 64 bit Java on a 64 bit OS
#   Decrease Java heap size (-Xmx/-Xms)
#   Decrease number of Java threads
#   Decrease Java thread stack sizes (-Xss)
#   Set larger code cache with -XX:ReservedCodeCacheSize=
# This output file may be truncated or incomplete.
#
#  Out of Memory Error (allocation.cpp:390), pid=13324, tid=524
#
# JRE version: Java(TM) SE Runtime Environment (8.0_60-b27) (build 1.8.0_60-b27)
# Java VM: Java HotSpot(TM) 64-Bit Server VM (25.60-b23 mixed mode windows-amd64 compressed oops)
# Failed to write core dump. Minidumps are not enabled by default on client versions of Windows
#

---------------  T H R E A D  ---------------

Current thread (0x0000000014aaf800):  JavaThread "C2 CompilerThread0" daemon [_thread_in_native, id=524, stack(0x0000000016100000,0x0000000016200000)]

Stack: [0x0000000016100000,0x0000000016200000]
[error occurred during error reporting (printing stack bounds), id 0xc0000005]

Native frames: (J=compiled Java code, j=interpreted, Vv=VM code, C=native code)


Current CompileTask:
C2: 796860 10848       4       java.util.regex.Pattern::escape (1151 bytes)


---------------  P R O C E S S  ---------------

Java Threads: ( => current thread )
  0x0000000017ea9000 JavaThread "stdout" daemon [_thread_in_native, id=15460, stack(0x0000000024fa0000,0x00000000250a0000)]
  0x0000000017eae000 JavaThread "stderr" daemon [_thread_in_native, id=19988, stack(0x0000000024ea0000,0x0000000024fa0000)]
  0x0000000017ead800 JavaThread "stdout" daemon [_thread_in_native, id=20240, stack(0x0000000024da0000,0x0000000024ea0000)]
  0x0000000017eac000 JavaThread "stderr" daemon [_thread_in_native, id=20464, stack(0x0000000024ca0000,0x0000000024da0000)]
  0x0000000017eaa800 JavaThread "stdout" daemon [_thread_in_native, id=17860, stack(0x0000000024ba0000,0x0000000024ca0000)]
  0x0000000017ea8000 JavaThread "stderr" daemon [_thread_in_native, id=11048, stack(0x0000000024aa0000,0x0000000024ba0000)]
  0x0000000017eac800 JavaThread "stdout" daemon [_thread_in_native, id=11024, stack(0x00000000249a0000,0x0000000024aa0000)]
  0x0000000017eaf000 JavaThread "stderr" daemon [_thread_in_native, id=2208, stack(0x00000000248a0000,0x00000000249a0000)]
  0x0000000017ea9800 JavaThread "stdout" daemon [_thread_in_native, id=17772, stack(0x00000000247a0000,0x00000000248a0000)]
  0x0000000017ea4800 JavaThread "stderr" daemon [_thread_in_native, id=11856, stack(0x00000000246a0000,0x00000000247a0000)]
  0x0000000017ea6000 JavaThread "stdout" daemon [_thread_in_native, id=19628, stack(0x00000000245a0000,0x00000000246a0000)]
  0x0000000017eab000 JavaThread "stderr" daemon [_thread_in_native, id=5044, stack(0x00000000244a0000,0x00000000245a0000)]
  0x0000000017ea0800 JavaThread "stdout" daemon [_thread_in_native, id=10284, stack(0x00000000243a0000,0x00000000244a0000)]
  0x0000000017ea5000 JavaThread "stderr" daemon [_thread_in_native, id=1320, stack(0x00000000242a0000,0x00000000243a0000)]
  0x0000000017ea3000 JavaThread "stdout" daemon [_thread_in_native, id=17632, stack(0x00000000241a0000,0x00000000242a0000)]
  0x0000000017ea7800 JavaThread "stderr" daemon [_thread_in_native, id=18108, stack(0x00000000240a0000,0x00000000241a0000)]
  0x0000000017ea2000 JavaThread "stdout" daemon [_thread_in_native, id=10696, stack(0x0000000023fa0000,0x00000000240a0000)]
  0x0000000017ea0000 JavaThread "stderr" daemon [_thread_in_native, id=7524, stack(0x0000000023ea0000,0x0000000023fa0000)]
  0x0000000017ea1800 JavaThread "stdout" daemon [_thread_in_native, id=4624, stack(0x0000000023da0000,0x0000000023ea0000)]
  0x0000000017ea6800 JavaThread "stderr" daemon [_thread_in_native, id=12016, stack(0x0000000023ca0000,0x0000000023da0000)]
  0x0000000017ea3800 JavaThread "stdout" daemon [_thread_in_native, id=18720, stack(0x0000000023ba0000,0x0000000023ca0000)]
  0x000000001c1df800 JavaThread "stderr" daemon [_thread_in_native, id=19492, stack(0x0000000023aa0000,0x0000000023ba0000)]
  0x000000001c1de800 JavaThread "stdout" daemon [_thread_in_native, id=13892, stack(0x00000000239a0000,0x0000000023aa0000)]
  0x000000001c1dc000 JavaThread "stderr" daemon [_thread_in_native, id=5220, stack(0x00000000238a0000,0x00000000239a0000)]
  0x000000001c1de000 JavaThread "stdout" daemon [_thread_in_native, id=9536, stack(0x00000000237a0000,0x00000000238a0000)]
  0x000000001c1db800 JavaThread "stderr" daemon [_thread_in_native, id=2544, stack(0x00000000236a0000,0x00000000237a0000)]
  0x000000001c1dd000 JavaThread "stdout" daemon [_thread_in_native, id=5180, stack(0x00000000235a0000,0x00000000236a0000)]
  0x000000001c1d4000 JavaThread "stderr" daemon [_thread_in_native, id=13128, stack(0x00000000234a0000,0x00000000235a0000)]
  0x000000001c1d8800 JavaThread "stdout" daemon [_thread_in_native, id=11436, stack(0x00000000233a0000,0x00000000234a0000)]
  0x000000001c1da800 JavaThread "stderr" daemon [_thread_in_native, id=16368, stack(0x00000000232a0000,0x00000000233a0000)]
  0x000000001c1da000 JavaThread "stdout" daemon [_thread_in_native, id=10500, stack(0x00000000231a0000,0x00000000232a0000)]
  0x000000001c1d3000 JavaThread "stderr" daemon [_thread_in_native, id=2620, stack(0x00000000230a0000,0x00000000231a0000)]
  0x000000001c1d9000 JavaThread "stdout" daemon [_thread_in_native, id=9656, stack(0x0000000022fa0000,0x00000000230a0000)]
  0x000000001c1d1800 JavaThread "stderr" daemon [_thread_in_native, id=17084, stack(0x0000000022d50000,0x0000000022e50000)]
  0x000000001c1d1000 JavaThread "stdout" daemon [_thread_in_native, id=560, stack(0x0000000022c50000,0x0000000022d50000)]
  0x000000001c1d7800 JavaThread "stderr" daemon [_thread_in_native, id=11664, stack(0x0000000022b50000,0x0000000022c50000)]
  0x000000001c1d7000 JavaThread "stdout" daemon [_thread_in_native, id=13704, stack(0x0000000022a50000,0x0000000022b50000)]
  0x000000001c1d0000 JavaThread "stderr" daemon [_thread_in_native, id=4452, stack(0x0000000022950000,0x0000000022a50000)]
  0x000000001c1d4800 JavaThread "stdout" daemon [_thread_in_native, id=5628, stack(0x0000000022850000,0x0000000022950000)]
  0x000000001c1d6000 JavaThread "stderr" daemon [_thread_in_native, id=17420, stack(0x0000000022750000,0x0000000022850000)]
  0x000000001c1d2800 JavaThread "png-cruncher_40" daemon [_thread_blocked, id=11292, stack(0x0000000022650000,0x0000000022750000)]
  0x000000001c1d5800 JavaThread "png-cruncher_39" daemon [_thread_blocked, id=9840, stack(0x0000000022550000,0x0000000022650000)]
  0x000000001c5b1000 JavaThread "png-cruncher_38" daemon [_thread_blocked, id=12064, stack(0x0000000022450000,0x0000000022550000)]
  0x000000001c5b0000 JavaThread "png-cruncher_37" daemon [_thread_blocked, id=15192, stack(0x0000000022350000,0x0000000022450000)]
  0x000000001c5af800 JavaThread "png-cruncher_36" daemon [_thread_blocked, id=14532, stack(0x0000000022250000,0x0000000022350000)]
  0x000000001c5ae800 JavaThread "png-cruncher_35" daemon [_thread_blocked, id=15932, stack(0x0000000022150000,0x0000000022250000)]
  0x000000001c5ae000 JavaThread "png-cruncher_34" daemon [_thread_blocked, id=11728, stack(0x0000000022050000,0x0000000022150000)]
  0x000000001c5ad000 JavaThread "png-cruncher_33" daemon [_thread_blocked, id=968, stack(0x0000000021f50000,0x0000000022050000)]
  0x000000001c5a5800 JavaThread "png-cruncher_32" daemon [_thread_blocked, id=1780, stack(0x0000000021e50000,0x0000000021f50000)]
  0x000000001c5ac800 JavaThread "png-cruncher_31" daemon [_thread_blocked, id=15148, stack(0x0000000021d50000,0x0000000021e50000)]
  0x000000001c5ab800 JavaThread "png-cruncher_30" daemon [_thread_in_Java, id=18760, stack(0x0000000021c50000,0x0000000021d50000)]
  0x000000001c5a4000 JavaThread "png-cruncher_29" daemon [_thread_blocked, id=7400, stack(0x00000000216e0000,0x00000000217e0000)]
  0x000000001c5a9800 JavaThread "png-cruncher_28" daemon [_thread_in_Java, id=15996, stack(0x00000000211a0000,0x00000000212a0000)]
  0x000000001c5ab000 JavaThread "png-cruncher_27" daemon [_thread_blocked, id=9432, stack(0x00000000210a0000,0x00000000211a0000)]
  0x000000001c5aa000 JavaThread "png-cruncher_26" daemon [_thread_blocked, id=18940, stack(0x0000000020fa0000,0x00000000210a0000)]
  0x000000001c5a8800 JavaThread "png-cruncher_25" daemon [_thread_blocked, id=2504, stack(0x0000000021b50000,0x0000000021c50000)]
  0x000000001c5a2800 JavaThread "png-cruncher_24" daemon [_thread_blocked, id=2476, stack(0x0000000021a50000,0x0000000021b50000)]
  0x000000001c5a5000 JavaThread "png-cruncher_23" daemon [_thread_blocked, id=15064, stack(0x0000000021950000,0x0000000021a50000)]
  0x000000001c5a8000 JavaThread "png-cruncher_22" daemon [_thread_blocked, id=9068, stack(0x0000000021850000,0x0000000021950000)]
  0x000000001c5a7000 JavaThread "png-cruncher_21" daemon [_thread_blocked, id=18956, stack(0x0000000021390000,0x0000000021490000)]
  0x000000001c5a2000 JavaThread "pool-3-thread-4" [_thread_blocked, id=4456, stack(0x00000000215e0000,0x00000000216e0000)]
  0x000000001c5a3800 JavaThread "pool-3-thread-3" [_thread_blocked, id=19828, stack(0x00000000214e0000,0x00000000215e0000)]
  0x000000001c5a6800 JavaThread "pool-3-thread-2" [_thread_blocked, id=5420, stack(0x0000000018e90000,0x0000000018f90000)]
  0x0000000017d00000 JavaThread "pool-3-thread-1" [_thread_blocked, id=6728, stack(0x0000000018b90000,0x0000000018c90000)]
  0x0000000017d01800 JavaThread "Daemon worker Thread 2" [_thread_blocked, id=12228, stack(0x0000000018a90000,0x0000000018b90000)]
  0x0000000017d01000 JavaThread "Cancel handler" [_thread_blocked, id=18892, stack(0x0000000017220000,0x0000000017320000)]
  0x0000000017cff800 JavaThread "Handler for socket connection from /127.0.0.1:65375 to /127.0.0.1:50310" [_thread_in_native, id=13320, stack(0x0000000000a60000,0x0000000000b60000)]
  0x0000000017d04800 JavaThread "Daemon Thread 2" [_thread_blocked, id=4708, stack(0x00000000007c0000,0x00000000008c0000)]
  0x0000000017d05800 JavaThread "pool-2-thread-3" [_thread_blocked, id=6792, stack(0x0000000020ea0000,0x0000000020fa0000)]
  0x0000000017d03000 JavaThread "pool-2-thread-2" [_thread_blocked, id=1840, stack(0x00000000208a0000,0x00000000209a0000)]
  0x0000000017d02800 JavaThread "pool-2-thread-4" [_thread_blocked, id=1816, stack(0x000000001e700000,0x000000001e800000)]
  0x0000000017cfe800 JavaThread "pool-2-thread-1" [_thread_blocked, id=6628, stack(0x000000001d340000,0x000000001d440000)]
  0x000000001a29c000 JavaThread "File lock request listener" [_thread_in_native, id=18680, stack(0x000000001c890000,0x000000001c990000)]
  0x0000000017676000 JavaThread "Incoming local TCP Connector on port 65375" [_thread_in_native, id=14668, stack(0x00000000186b0000,0x00000000187b0000)]
  0x000000001641e000 JavaThread "Service Thread" daemon [_thread_blocked, id=6892, stack(0x0000000016800000,0x0000000016900000)]
  0x0000000014b0e000 JavaThread "C1 CompilerThread2" daemon [_thread_blocked, id=20144, stack(0x0000000016300000,0x0000000016400000)]
  0x0000000014aff800 JavaThread "C2 CompilerThread1" daemon [_thread_in_native, id=12376, stack(0x0000000016200000,0x0000000016300000)]
=>0x0000000014aaf800 JavaThread "C2 CompilerThread0" daemon [_thread_in_native, id=524, stack(0x0000000016100000,0x0000000016200000)]
  0x0000000014aad800 JavaThread "Attach Listener" daemon [_thread_blocked, id=15764, stack(0x0000000016000000,0x0000000016100000)]
  0x0000000014aac800 JavaThread "Signal Dispatcher" daemon [_thread_blocked, id=8936, stack(0x0000000015f00000,0x0000000016000000)]
  0x00000000023d7800 JavaThread "Finalizer" daemon [_thread_blocked, id=11660, stack(0x0000000015d20000,0x0000000015e20000)]
  0x0000000014a79000 JavaThread "Reference Handler" daemon [_thread_blocked, id=20248, stack(0x0000000015c20000,0x0000000015d20000)]
  0x000000000227e800 JavaThread "main" [_thread_blocked, id=20188, stack(0x0000000002160000,0x0000000002260000)]

Other Threads:
  0x0000000014a77800 VMThread [stack: 0x0000000015b20000,0x0000000015c20000] [id=980]
  0x0000000016424000 WatcherThread [stack: 0x0000000016900000,0x0000000016a00000] [id=8428]

VM state:not at safepoint (normal execution)

VM Mutex/Monitor currently owned by a thread: None

Heap:
 PSYoungGen      total 139776K, used 56846K [0x00000000eab00000, 0x00000000f5200000, 0x0000000100000000)
  eden space 119808K, 40% used [0x00000000eab00000,0x00000000eda8ee40,0x00000000f2000000)
  from space 19968K, 40% used [0x00000000f2000000,0x00000000f27f49c8,0x00000000f3380000)
  to   space 19456K, 0% used [0x00000000f3f00000,0x00000000f3f00000,0x00000000f5200000)
 ParOldGen       total 63488K, used 38389K [0x00000000c0000000, 0x00000000c3e00000, 0x00000000eab00000)
  object space 63488K, 60% used [0x00000000c0000000,0x00000000c257d600,0x00000000c3e00000)
 Metaspace       used 55736K, capacity 57404K, committed 57472K, reserved 1099776K
  class space    used 7405K, capacity 7796K, committed 7808K, reserved 1048576K

Card table byte_map: [0x00000000117a0000,0x00000000119b0000] byte_map_base: 0x00000000111a0000

Marking Bits: (ParMarkBitMap*) 0x000000007329a5b0
 Begin Bits: [0x0000000011f10000, 0x0000000012f10000)
 End Bits:   [0x0000000012f10000, 0x0000000013f10000)

Polling page: 0x0000000002260000

CodeCache: size=245760Kb used=31288Kb max_used=31598Kb free=214471Kb
 bounds [0x00000000023e0000, 0x00000000042f0000, 0x00000000113e0000]
 total_blobs=9682 nmethods=8957 adapters=636
 compilation: enabled

Compilation events (10 events):
Event: 795.823 Thread 0x0000000014b0e000 10844       3       com.android.builder.png.AaptProcess::crunch (276 bytes)
Event: 795.843 Thread 0x0000000014b0e000 nmethod 10844 0x0000000002d47f50 code [0x0000000002d48660, 0x0000000002d4dad8]
Event: 795.852 Thread 0x0000000014aff800 10845       4       com.android.build.gradle.internal.LoggerWrapper::verbose (59 bytes)
Event: 795.858 Thread 0x0000000014aff800 nmethod 10845 0x0000000002cf2f90 code [0x0000000002cf30e0, 0x0000000002cf3218]
Event: 796.157 Thread 0x0000000014aaf800 10846       4       com.android.build.gradle.tasks.MergeResources$FilteringLogger::verbose (12 bytes)
Event: 796.166 Thread 0x0000000014aaf800 nmethod 10846 0x000000000365ac10 code [0x000000000365ad60, 0x000000000365aef8]
Event: 796.224 Thread 0x0000000014aff800 10847       4       java.util.regex.Pattern::atom (379 bytes)
Event: 796.302 Thread 0x0000000014aff800 nmethod 10847 0x00000000042e3450 code [0x00000000042e3860, 0x00000000042e45a8]
Event: 796.431 Thread 0x0000000014aaf800 10848       4       java.util.regex.Pattern::escape (1151 bytes)
Event: 796.451 Thread 0x0000000014aff800 10849       4       java.util.regex.Pattern::sequence (553 bytes)

GC Heap History (10 events):
Event: 95.006 GC heap before
{Heap before GC invocations=18 (full 2):
 PSYoungGen      total 103936K, used 103931K [0x00000000eab00000, 0x00000000f3a00000, 0x0000000100000000)
  eden space 89088K, 100% used [0x00000000eab00000,0x00000000f0200000,0x00000000f0200000)
  from space 14848K, 99% used [0x00000000f0200000,0x00000000f107ef10,0x00000000f1080000)
  to   space 18944K, 0% used [0x00000000f2780000,0x00000000f2780000,0x00000000f3a00000)
 ParOldGen       total 63488K, used 27963K [0x00000000c0000000, 0x00000000c3e00000, 0x00000000eab00000)
  object space 63488K, 44% used [0x00000000c0000000,0x00000000c1b4ecb8,0x00000000c3e00000)
 Metaspace       used 47975K, capacity 49364K, committed 49536K, reserved 1091584K
  class space    used 6611K, capacity 6928K, committed 7040K, reserved 1048576K
Event: 95.092 GC heap after
Heap after GC invocations=18 (full 2):
 PSYoungGen      total 122368K, used 8790K [0x00000000eab00000, 0x00000000f3680000, 0x0000000100000000)
  eden space 107008K, 0% used [0x00000000eab00000,0x00000000eab00000,0x00000000f1380000)
  from space 15360K, 57% used [0x00000000f2780000,0x00000000f3015808,0x00000000f3680000)
  to   space 17920K, 0% used [0x00000000f1380000,0x00000000f1380000,0x00000000f2500000)
 ParOldGen       total 63488K, used 36415K [0x00000000c0000000, 0x00000000c3e00000, 0x00000000eab00000)
  object space 63488K, 57% used [0x00000000c0000000,0x00000000c238fd88,0x00000000c3e00000)
 Metaspace       used 47975K, capacity 49364K, committed 49536K, reserved 1091584K
  class space    used 6611K, capacity 6928K, committed 7040K, reserved 1048576K
}
Event: 112.215 GC heap before
{Heap before GC invocations=19 (full 2):
 PSYoungGen      total 122368K, used 115798K [0x00000000eab00000, 0x00000000f3680000, 0x0000000100000000)
  eden space 107008K, 100% used [0x00000000eab00000,0x00000000f1380000,0x00000000f1380000)
  from space 15360K, 57% used [0x00000000f2780000,0x00000000f3015808,0x00000000f3680000)
  to   space 17920K, 0% used [0x00000000f1380000,0x00000000f1380000,0x00000000f2500000)
 ParOldGen       total 63488K, used 36415K [0x00000000c0000000, 0x00000000c3e00000, 0x00000000eab00000)
  object space 63488K, 57% used [0x00000000c0000000,0x00000000c238fd88,0x00000000c3e00000)
 Metaspace       used 54549K, capacity 56026K, committed 56064K, reserved 1097728K
  class space    used 7320K, capacity 7669K, committed 7680K, reserved 1048576K
Event: 112.313 GC heap after
Heap after GC invocations=19 (full 2):
 PSYoungGen      total 124928K, used 14664K [0x00000000eab00000, 0x00000000f4680000, 0x0000000100000000)
  eden space 107008K, 0% used [0x00000000eab00000,0x00000000eab00000,0x00000000f1380000)
  from space 17920K, 81% used [0x00000000f1380000,0x00000000f21d2010,0x00000000f2500000)
  to   space 19456K, 0% used [0x00000000f3380000,0x00000000f3380000,0x00000000f4680000)
 ParOldGen       total 63488K, used 36423K [0x00000000c0000000, 0x00000000c3e00000, 0x00000000eab00000)
  object space 63488K, 57% used [0x00000000c0000000,0x00000000c2391d88,0x00000000c3e00000)
 Metaspace       used 54549K, capacity 56026K, committed 56064K, reserved 1097728K
  class space    used 7320K, capacity 7669K, committed 7680K, reserved 1048576K
}
Event: 206.168 GC heap before
{Heap before GC invocations=20 (full 2):
 PSYoungGen      total 124928K, used 59540K [0x00000000eab00000, 0x00000000f4680000, 0x0000000100000000)
  eden space 107008K, 41% used [0x00000000eab00000,0x00000000ed6d33e8,0x00000000f1380000)
  from space 17920K, 81% used [0x00000000f1380000,0x00000000f21d2010,0x00000000f2500000)
  to   space 19456K, 0% used [0x00000000f3380000,0x00000000f3380000,0x00000000f4680000)
 ParOldGen       total 63488K, used 36423K [0x00000000c0000000, 0x00000000c3e00000, 0x00000000eab00000)
  object space 63488K, 57% used [0x00000000c0000000,0x00000000c2391d88,0x00000000c3e00000)
 Metaspace       used 54865K, capacity 56370K, committed 56448K, reserved 1097728K
  class space    used 7363K, capacity 7737K, committed 7808K, reserved 1048576K
Event: 206.536 GC heap after
Heap after GC invocations=20 (full 2):
 PSYoungGen      total 139264K, used 13493K [0x00000000eab00000, 0x00000000f4780000, 0x0000000100000000)
  eden space 119808K, 0% used [0x00000000eab00000,0x00000000eab00000,0x00000000f2000000)
  from space 19456K, 69% used [0x00000000f3380000,0x00000000f40ad6d0,0x00000000f4680000)
  to   space 19968K, 0% used [0x00000000f2000000,0x00000000f2000000,0x00000000f3380000)
 ParOldGen       total 63488K, used 36431K [0x00000000c0000000, 0x00000000c3e00000, 0x00000000eab00000)
  object space 63488K, 57% used [0x00000000c0000000,0x00000000c2393d88,0x00000000c3e00000)
 Metaspace       used 54865K, capacity 56370K, committed 56448K, reserved 1097728K
  class space    used 7363K, capacity 7737K, committed 7808K, reserved 1048576K
}
Event: 206.536 GC heap before
{Heap before GC invocations=21 (full 3):
 PSYoungGen      total 139264K, used 13493K [0x00000000eab00000, 0x00000000f4780000, 0x0000000100000000)
  eden space 119808K, 0% used [0x00000000eab00000,0x00000000eab00000,0x00000000f2000000)
  from space 19456K, 69% used [0x00000000f3380000,0x00000000f40ad6d0,0x00000000f4680000)
  to   space 19968K, 0% used [0x00000000f2000000,0x00000000f2000000,0x00000000f3380000)
 ParOldGen       total 63488K, used 36431K [0x00000000c0000000, 0x00000000c3e00000, 0x00000000eab00000)
  object space 63488K, 57% used [0x00000000c0000000,0x00000000c2393d88,0x00000000c3e00000)
 Metaspace       used 54865K, capacity 56370K, committed 56448K, reserved 1097728K
  class space    used 7363K, capacity 7737K, committed 7808K, reserved 1048576K
Event: 215.547 GC heap after
Heap after GC invocations=21 (full 3):
 PSYoungGen      total 139264K, used 0K [0x00000000eab00000, 0x00000000f4780000, 0x0000000100000000)
  eden space 119808K, 0% used [0x00000000eab00000,0x00000000eab00000,0x00000000f2000000)
  from space 19456K, 0% used [0x00000000f3380000,0x00000000f3380000,0x00000000f4680000)
  to   space 19968K, 0% used [0x00000000f2000000,0x00000000f2000000,0x00000000f3380000)
 ParOldGen       total 63488K, used 38381K [0x00000000c0000000, 0x00000000c3e00000, 0x00000000eab00000)
  object space 63488K, 60% used [0x00000000c0000000,0x00000000c257b600,0x00000000c3e00000)
 Metaspace       used 54865K, capacity 56370K, committed 56448K, reserved 1097728K
  class space    used 7363K, capacity 7737K, committed 7808K, reserved 1048576K
}
Event: 789.131 GC heap before
{Heap before GC invocations=22 (full 3):
 PSYoungGen      total 139264K, used 119808K [0x00000000eab00000, 0x00000000f4780000, 0x0000000100000000)
  eden space 119808K, 100% used [0x00000000eab00000,0x00000000f2000000,0x00000000f2000000)
  from space 19456K, 0% used [0x00000000f3380000,0x00000000f3380000,0x00000000f4680000)
  to   space 19968K, 0% used [0x00000000f2000000,0x00000000f2000000,0x00000000f3380000)
 ParOldGen       total 63488K, used 38381K [0x00000000c0000000, 0x00000000c3e00000, 0x00000000eab00000)
  object space 63488K, 60% used [0x00000000c0000000,0x00000000c257b600,0x00000000c3e00000)
 Metaspace       used 55634K, capacity 57340K, committed 57472K, reserved 1099776K
  class space    used 7405K, capacity 7796K, committed 7808K, reserved 1048576K
Event: 789.492 GC heap after
Heap after GC invocations=22 (full 3):
 PSYoungGen      total 139776K, used 8146K [0x00000000eab00000, 0x00000000f5200000, 0x0000000100000000)
  eden space 119808K, 0% used [0x00000000eab00000,0x00000000eab00000,0x00000000f2000000)
  from space 19968K, 40% used [0x00000000f2000000,0x00000000f27f49c8,0x00000000f3380000)
  to   space 19456K, 0% used [0x00000000f3f00000,0x00000000f3f00000,0x00000000f5200000)
 ParOldGen       total 63488K, used 38389K [0x00000000c0000000, 0x00000000c3e00000, 0x00000000eab00000)
  object space 63488K, 60% used [0x00000000c0000000,0x00000000c257d600,0x00000000c3e00000)
 Metaspace       used 55634K, capacity 57340K, committed 57472K, reserved 1099776K
  class space    used 7405K, capacity 7796K, committed 7808K, reserved 1048576K
}

Deoptimization events (10 events):
Event: 762.896 Thread 0x0000000017d01800 Uncommon trap: reason=class_check action=maybe_recompile pc=0x000000000415d834 method=com.google.common.reflect.TypeToken.<init>(Ljava/lang/reflect/Type;)V @ 9
Event: 762.897 Thread 0x0000000017d01800 Uncommon trap: reason=class_check action=maybe_recompile pc=0x000000000415d834 method=com.google.common.reflect.TypeToken.<init>(Ljava/lang/reflect/Type;)V @ 9
Event: 762.923 Thread 0x0000000017d01800 Uncommon trap: reason=class_check action=maybe_recompile pc=0x000000000415d834 method=com.google.common.reflect.TypeToken.<init>(Ljava/lang/reflect/Type;)V @ 9
Event: 762.923 Thread 0x0000000017d01800 Uncommon trap: reason=class_check action=maybe_recompile pc=0x000000000415d834 method=com.google.common.reflect.TypeToken.<init>(Ljava/lang/reflect/Type;)V @ 9
Event: 763.537 Thread 0x0000000017d01800 Uncommon trap: reason=bimorphic action=maybe_recompile pc=0x00000000041574b8 method=com.google.common.collect.AbstractMapBasedMultimap.put(Ljava/lang/Object;Ljava/lang/Object;)Z @ 70
Event: 763.537 Thread 0x0000000017d01800 Uncommon trap: reason=bimorphic action=maybe_recompile pc=0x00000000041574b8 method=com.google.common.collect.AbstractMapBasedMultimap.put(Ljava/lang/Object;Ljava/lang/Object;)Z @ 70
Event: 790.527 Thread 0x0000000017d01800 Uncommon trap: reason=null_check action=make_not_entrant pc=0x000000000424afe4 method=com.sun.org.apache.xerces.internal.dom.NamedNodeMapImpl.findNamePoint(Ljava/lang/String;Ljava/lang/String;)I @ 76
Event: 790.977 Thread 0x0000000017d01800 Uncommon trap: reason=class_check action=maybe_recompile pc=0x00000000038c6e94 method=com.sun.org.apache.xerces.internal.dom.AttrImpl.getOwnerElement()Lorg/w3c/dom/Element; @ 18
Event: 790.978 Thread 0x0000000017d01800 Uncommon trap: reason=class_check action=maybe_recompile pc=0x00000000038c6e94 method=com.sun.org.apache.xerces.internal.dom.AttrImpl.getOwnerElement()Lorg/w3c/dom/Element; @ 18
Event: 795.214 Thread 0x000000001c1d5800 Uncommon trap: reason=unstable_if action=reinterpret pc=0x0000000002a52980 method=java.util.concurrent.locks.ReentrantLock$Sync.nonfairTryAcquire(I)Z @ 19

Internal exceptions (10 events):
Event: 221.360 Thread 0x000000001768e000 Exception <a 'java/lang/NoSuchMethodError': <clinit>> (0x00000000eb20c0c0) thrown at [C:\re\workspace\8-2-build-windows-amd64-cygwin\jdk8u60\4407\hotspot\src\share\vm\prims\jni.cpp, line 1591]
Event: 221.385 Thread 0x000000001768e000 Exception <a 'java/lang/NoSuchMethodError': <clinit>> (0x00000000eb228940) thrown at [C:\re\workspace\8-2-build-windows-amd64-cygwin\jdk8u60\4407\hotspot\src\share\vm\prims\jni.cpp, line 1591]
Event: 221.505 Thread 0x000000001768e000 Exception <a 'java/lang/NoSuchMethodError': <clinit>> (0x00000000eb247a70) thrown at [C:\re\workspace\8-2-build-windows-amd64-cygwin\jdk8u60\4407\hotspot\src\share\vm\prims\jni.cpp, line 1591]
Event: 221.733 Thread 0x000000001768e000 Exception <a 'java/lang/NoSuchMethodError': <clinit>> (0x00000000eb261898) thrown at [C:\re\workspace\8-2-build-windows-amd64-cygwin\jdk8u60\4407\hotspot\src\share\vm\prims\jni.cpp, line 1591]
Event: 222.436 Thread 0x0000000016ba8000 Exception <a 'java/lang/NoSuchMethodError': <clinit>> (0x00000000eb3846b0) thrown at [C:\re\workspace\8-2-build-windows-amd64-cygwin\jdk8u60\4407\hotspot\src\share\vm\prims\jni.cpp, line 1591]
Event: 730.671 Thread 0x0000000017d01800 Exception <a 'java/lang/ClassNotFoundException': asLocalRepo140_hoo2dh8xdkcupsuiw04vtwz1BeanInfo> (0x00000000eb8821a8) thrown at [C:\re\workspace\8-2-build-windows-amd64-cygwin\jdk8u60\4407\hotspot\src\share\vm\classfile\systemDictionary.cpp, line 210]
Event: 730.679 Thread 0x0000000017d01800 Exception <a 'java/lang/ClassNotFoundException': asLocalRepo140_hoo2dh8xdkcupsuiw04vtwz1Customizer> (0x00000000eb88bb10) thrown at [C:\re\workspace\8-2-build-windows-amd64-cygwin\jdk8u60\4407\hotspot\src\share\vm\classfile\systemDictionary.cpp, line 210]
Event: 753.447 Thread 0x0000000017d01800 Implicit null exception at 0x0000000003e7dd0e to 0x0000000003e7de49
Event: 753.456 Thread 0x0000000017d01800 Implicit null exception at 0x0000000003e7e38e to 0x0000000003e7e531
Event: 790.527 Thread 0x0000000017d01800 Implicit null exception at 0x000000000424a4d6 to 0x000000000424afc4

Events (10 events):
Event: 795.814 Thread 0x0000000014b0e000 flushing nmethod 0x000000000363eb90
Event: 795.814 Thread 0x0000000014b0e000 flushing nmethod 0x000000000365ac10
Event: 795.816 Thread 0x0000000014b0e000 flushing nmethod 0x00000000037288d0
Event: 795.845 Thread 0x0000000014b0e000 flushing nmethod 0x0000000003b4aa10
Event: 795.862 Thread 0x0000000014aff800 flushing nmethod 0x0000000003e30450
Event: 795.878 Executing VM operation: BulkRevokeBias
Event: 795.955 Executing VM operation: BulkRevokeBias done
Event: 795.956 Executing VM operation: RevokeBias
Event: 795.964 Executing VM operation: RevokeBias done
Event: 796.166 Thread 0x0000000014aaf800 flushing nmethod 0x0000000003ea2490


Dynamic libraries:
0x00007ff7f0400000 - 0x00007ff7f0437000 	C:\Program Files\Java\jdk1.8.0_60\bin\java.exe
0x00007ffd16590000 - 0x00007ffd16751000 	C:\WINDOWS\SYSTEM32\ntdll.dll
0x00007ffd14290000 - 0x00007ffd1433d000 	C:\WINDOWS\system32\KERNEL32.DLL
0x00007ffd13a80000 - 0x00007ffd13c5d000 	C:\WINDOWS\system32\KERNELBASE.dll
0x00007ffd13f00000 - 0x00007ffd13fa6000 	C:\WINDOWS\system32\ADVAPI32.dll
0x00007ffd143f0000 - 0x00007ffd1448d000 	C:\WINDOWS\system32\msvcrt.dll
0x00007ffd14090000 - 0x00007ffd140eb000 	C:\WINDOWS\system32\sechost.dll
0x00007ffd16460000 - 0x00007ffd16586000 	C:\WINDOWS\system32\RPCRT4.dll
0x00007ffd14b50000 - 0x00007ffd14c9e000 	C:\WINDOWS\system32\USER32.dll
0x00007ffd140f0000 - 0x00007ffd14276000 	C:\WINDOWS\system32\GDI32.dll
0x00007ffd072e0000 - 0x00007ffd07554000 	C:\WINDOWS\WinSxS\amd64_microsoft.windows.common-controls_6595b64144ccf1df_6.0.10240.16384_none_f41f7b285750ef43\COMCTL32.dll
0x00007ffd14340000 - 0x00007ffd14376000 	C:\WINDOWS\system32\IMM32.DLL
0x00007ffd14730000 - 0x00007ffd1488c000 	C:\WINDOWS\system32\MSCTF.dll
0x00000000726a0000 - 0x0000000072772000 	C:\Program Files\Java\jdk1.8.0_60\jre\bin\msvcr100.dll
0x0000000072a90000 - 0x0000000073319000 	C:\Program Files\Java\jdk1.8.0_60\jre\bin\server\jvm.dll
0x00007ffd14280000 - 0x00007ffd14288000 	C:\WINDOWS\system32\PSAPI.DLL
0x00007ffd06650000 - 0x00007ffd06659000 	C:\WINDOWS\SYSTEM32\WSOCK32.dll
0x00007ffd11570000 - 0x00007ffd11593000 	C:\WINDOWS\SYSTEM32\WINMM.dll
0x00007ffd14380000 - 0x00007ffd143e9000 	C:\WINDOWS\system32\WS2_32.dll
0x00007ffd162f0000 - 0x00007ffd162f8000 	C:\WINDOWS\system32\NSI.dll
0x00007ffd11500000 - 0x00007ffd1152c000 	C:\WINDOWS\SYSTEM32\WINMMBASE.dll
0x00007ffd13110000 - 0x00007ffd13154000 	C:\WINDOWS\system32\cfgmgr32.dll
0x00007ffd08870000 - 0x00007ffd0887a000 	C:\WINDOWS\SYSTEM32\VERSION.dll
0x00007ffd11950000 - 0x00007ffd11977000 	C:\WINDOWS\SYSTEM32\DEVOBJ.dll
0x0000000073bd0000 - 0x0000000073bdf000 	C:\Program Files\Java\jdk1.8.0_60\jre\bin\verify.dll
0x0000000073ba0000 - 0x0000000073bc9000 	C:\Program Files\Java\jdk1.8.0_60\jre\bin\java.dll
0x0000000073b80000 - 0x0000000073b96000 	C:\Program Files\Java\jdk1.8.0_60\jre\bin\zip.dll
0x00007ffd14ca0000 - 0x00007ffd161c2000 	C:\WINDOWS\system32\SHELL32.dll
0x00007ffd13450000 - 0x00007ffd13a78000 	C:\WINDOWS\system32\windows.storage.dll
0x00007ffd13c60000 - 0x00007ffd13edc000 	C:\WINDOWS\system32\combase.dll
0x00007ffd14660000 - 0x00007ffd146b1000 	C:\WINDOWS\system32\shlwapi.dll
0x00007ffd13050000 - 0x00007ffd1305f000 	C:\WINDOWS\system32\kernel.appcore.dll
0x00007ffd13330000 - 0x00007ffd133e3000 	C:\WINDOWS\system32\shcore.dll
0x00007ffd13000000 - 0x00007ffd1304a000 	C:\WINDOWS\system32\powrprof.dll
0x00007ffd12fe0000 - 0x00007ffd12ff3000 	C:\WINDOWS\system32\profapi.dll
0x0000000073b60000 - 0x0000000073b7a000 	C:\Program Files\Java\jdk1.8.0_60\jre\bin\net.dll
0x00007ffd12830000 - 0x00007ffd1288d000 	C:\WINDOWS\system32\mswsock.dll
0x0000000073b40000 - 0x0000000073b51000 	C:\Program Files\Java\jdk1.8.0_60\jre\bin\nio.dll
0x00007ffd01170000 - 0x00007ffd01182000 	C:\Users\Harry\Documents\GitHub\Sunshine-Android-Studio-Course\gradle\native\19\windows-amd64\native-platform.dll
0x00007ffd10560000 - 0x00007ffd10598000 	C:\WINDOWS\SYSTEM32\IPHLPAPI.DLL
0x00007ffd10610000 - 0x00007ffd1061b000 	C:\WINDOWS\SYSTEM32\WINNSI.DLL
0x00007ffd0c6e0000 - 0x00007ffd0c6f6000 	C:\WINDOWS\SYSTEM32\dhcpcsvc6.DLL
0x00007ffd104e0000 - 0x00007ffd104fa000 	C:\WINDOWS\SYSTEM32\dhcpcsvc.DLL
0x00007ffd12890000 - 0x00007ffd128a7000 	C:\WINDOWS\SYSTEM32\CRYPTSP.dll
0x00007ffd12b00000 - 0x00007ffd12b28000 	C:\WINDOWS\SYSTEM32\bcrypt.dll
0x00007ffd124e0000 - 0x00007ffd12513000 	C:\WINDOWS\system32\rsaenh.dll
0x00007ffd125d0000 - 0x00007ffd125ef000 	C:\WINDOWS\SYSTEM32\USERENV.dll
0x00007ffd12e10000 - 0x00007ffd12e7b000 	C:\WINDOWS\system32\bcryptprimitives.dll
0x00007ffd12a00000 - 0x00007ffd12a0b000 	C:\WINDOWS\SYSTEM32\CRYPTBASE.dll
0x0000000073b30000 - 0x0000000073b3d000 	C:\Program Files\Java\jdk1.8.0_60\jre\bin\management.dll

VM Arguments:
jvm_args: -XX:MaxPermSize=256m -XX:+HeapDumpOnOutOfMemoryError -Xmx1024m -Dfile.encoding=windows-1252 -Duser.country=US -Duser.language=en -Duser.variant 
java_command: org.gradle.launcher.daemon.bootstrap.GradleDaemon 2.10
java_class_path (initial): C:\Program Files\Android\Android Studio\gradle\gradle-2.10\lib\gradle-launcher-2.10.jar
Launcher Type: SUN_STANDARD

Environment Variables:
PATH=C:\Program Files (x86)\Razer Chroma SDK\bin;C:\Program Files\Razer Chroma SDK\bin;C:\ProgramData\Oracle\Java\javapath;C:\Program Files (x86)\NVIDIA Corporation\PhysX\Common;C:\Program Files (x86)\Intel\iCLS Client\;C:\Program Files\Intel\iCLS Client\;C:\WINDOWS\system32;C:\WINDOWS;C:\WINDOWS\System32\Wbem;C:\WINDOWS\System32\WindowsPowerShell\v1.0\;C:\Program Files (x86)\Intel\OpenCL SDK\3.0\bin\x86;C:\Program Files (x86)\Intel\OpenCL SDK\3.0\bin\x64;C:\Program Files\Intel\Intel(R) Management Engine Components\DAL;C:\Program Files\Intel\Intel(R) Management Engine Components\IPT;C:\Program Files (x86)\Intel\Intel(R) Management Engine Components\DAL;C:\Program Files (x86)\Intel\Intel(R) Management Engine Components\IPT;C:\Program Files\Sony\VAIO Improvement;C:\Program Files (x86)\Sony\VAIO BIOS Data Transfer Utility\;C:\Program Files (x86)\Sony\VAIO Startup Setting Tool;C:\Program Files (x86)\Windows Live\Shared;C:\Program Files\Intel\WiFi\bin\;C:\Program Files\Common Files\Intel\WirelessCommon\;C:\Program Files (x86)\PharosSystems\Core;c:\Program Files (x86)\Microsoft SQL Server\110\Tools\Binn\;c:\Program Files\Microsoft SQL Server\110\Tools\Binn\;c:\Program Files\Microsoft SQL Server\110\DTS\Binn\;C:\Program Files\nodejs\;C:\Program Files\Microsoft SQL Server\120\Tools\Binn\;C:\Program Files (x86)\Skype\Phone\;C:\Users\Harry\AppData\Roaming\npm;C:\Program Files\Intel\WiFi\bin\;C:\Program Files\Common Files\Intel\WirelessCommon\;C:\Users\Harry\AppData\Roaming\npm
USERNAME=Harry
OS=Windows_NT
PROCESSOR_IDENTIFIER=Intel64 Family 6 Model 69 Stepping 1, GenuineIntel



---------------  S Y S T E M  ---------------

OS: Windows 10.0 , 64 bit Build 10240 (10.0.10240.16384)

CPU:total 4 (2 cores per cpu, 2 threads per core) family 6 model 69 stepping 1, cmov, cx8, fxsr, mmx, sse, sse2, sse3, ssse3, sse4.1, sse4.2, popcnt, avx, avx2, aes, clmul, erms, lzcnt, ht, tsc, tscinvbit, bmi1, bmi2

Memory: 4k page, physical 4098948k(131708k free), swap 8783772k(0k free)

vm_info: Java HotSpot(TM) 64-Bit Server VM (25.60-b23) for windows-amd64 JRE (1.8.0_60-b27), built on Aug  4 2015 11:06:27 by "java_re" with MS VC++ 10.0 (VS2010)

time: Wed Apr 20 18:17:55 2016
elapsed time: 796 seconds (0d 0h 13m 16s)

