#
# There is insufficient memory for the Java Runtime Environment to continue.
# Native memory allocation (malloc) failed to allocate 952176 bytes for Chunk::new
# Possible reasons:
#   The system is out of physical RAM or swap space
#   In 32 bit mode, the process size limit was hit
# Possible solutions:
#   Reduce memory load on the system
#   Increase physical memory or swap space
#   Check if swap backing store is full
#   Use 64 bit Java on a 64 bit OS
#   Decrease Java heap size (-Xmx/-Xms)
#   Decrease number of Java threads
#   Decrease Java thread stack sizes (-Xss)
#   Set larger code cache with -XX:ReservedCodeCacheSize=
# This output file may be truncated or incomplete.
#
#  Out of Memory Error (allocation.cpp:390), pid=19836, tid=14536
#
# JRE version: Java(TM) SE Runtime Environment (8.0_60-b27) (build 1.8.0_60-b27)
# Java VM: Java HotSpot(TM) 64-Bit Server VM (25.60-b23 mixed mode windows-amd64 compressed oops)
# Failed to write core dump. Minidumps are not enabled by default on client versions of Windows
#

---------------  T H R E A D  ---------------

Current thread (0x00000000147c7000):  JavaThread "C2 CompilerThread1" daemon [_thread_in_native, id=14536, stack(0x0000000015ea0000,0x0000000015fa0000)]

Stack: [0x0000000015ea0000,0x0000000015fa0000]
[error occurred during error reporting (printing stack bounds), id 0xc0000005]

Native frames: (J=compiled Java code, j=interpreted, Vv=VM code, C=native code)


Current CompileTask:
C2:  30482 2130 %     4       com.android.dx.ssa.SsaConverter::placePhiFunctions @ 131 (394 bytes)


---------------  P R O C E S S  ---------------

Java Threads: ( => current thread )
  0x0000000016374000 JavaThread "pool-2-thread-4" [_thread_blocked, id=17420, stack(0x0000000016aa0000,0x0000000016ba0000)]
  0x0000000016373000 JavaThread "pool-2-thread-3" [_thread_blocked, id=15088, stack(0x00000000169a0000,0x0000000016aa0000)]
  0x0000000016371800 JavaThread "pool-2-thread-2" [_thread_blocked, id=15460, stack(0x00000000168a0000,0x00000000169a0000)]
  0x0000000016369800 JavaThread "pool-3-thread-1" [_thread_blocked, id=19312, stack(0x00000000167a0000,0x00000000168a0000)]
  0x0000000016369000 JavaThread "pool-2-thread-1" [_thread_in_Java, id=7396, stack(0x00000000166a0000,0x00000000167a0000)]
  0x00000000160a5000 JavaThread "Service Thread" daemon [_thread_blocked, id=10444, stack(0x00000000164a0000,0x00000000165a0000)]
  0x00000000147cd000 JavaThread "C1 CompilerThread2" daemon [_thread_blocked, id=16884, stack(0x0000000015fa0000,0x00000000160a0000)]
=>0x00000000147c7000 JavaThread "C2 CompilerThread1" daemon [_thread_in_native, id=14536, stack(0x0000000015ea0000,0x0000000015fa0000)]
  0x000000001476d800 JavaThread "C2 CompilerThread0" daemon [_thread_in_native, id=17492, stack(0x0000000015da0000,0x0000000015ea0000)]
  0x000000001476b800 JavaThread "Attach Listener" daemon [_thread_blocked, id=5836, stack(0x0000000015ca0000,0x0000000015da0000)]
  0x000000001476a800 JavaThread "Signal Dispatcher" daemon [_thread_blocked, id=10712, stack(0x0000000015ba0000,0x0000000015ca0000)]
  0x0000000002096800 JavaThread "Finalizer" daemon [_thread_blocked, id=3728, stack(0x00000000159c0000,0x0000000015ac0000)]
  0x000000000208e000 JavaThread "Reference Handler" daemon [_thread_blocked, id=10284, stack(0x00000000158c0000,0x00000000159c0000)]
  0x000000000070d800 JavaThread "main" [_thread_in_Java, id=16668, stack(0x0000000001ea0000,0x0000000001fa0000)]

Other Threads:
  0x0000000014737800 VMThread [stack: 0x00000000157c0000,0x00000000158c0000] [id=6804]
  0x00000000160ab000 WatcherThread [stack: 0x00000000165a0000,0x00000000166a0000] [id=6844]

VM state:not at safepoint (normal execution)

VM Mutex/Monitor currently owned by a thread: None

Heap:
 PSYoungGen      total 146432K, used 25046K [0x00000000eab00000, 0x00000000fde00000, 0x0000000100000000)
  eden space 128512K, 13% used [0x00000000eab00000,0x00000000ebb83a10,0x00000000f2880000)
  from space 17920K, 45% used [0x00000000f2880000,0x00000000f3071fc0,0x00000000f3a00000)
  to   space 28672K, 0% used [0x00000000fc200000,0x00000000fc200000,0x00000000fde00000)
 ParOldGen       total 86528K, used 43778K [0x00000000c0000000, 0x00000000c5480000, 0x00000000eab00000)
  object space 86528K, 50% used [0x00000000c0000000,0x00000000c2ac0bd0,0x00000000c5480000)
 Metaspace       used 6527K, capacity 7256K, committed 7424K, reserved 1056768K
  class space    used 623K, capacity 656K, committed 768K, reserved 1048576K

Card table byte_map: [0x0000000011460000,0x0000000011670000] byte_map_base: 0x0000000010e60000

Marking Bits: (ParMarkBitMap*) 0x000000007329a5b0
 Begin Bits: [0x0000000011bd0000, 0x0000000012bd0000)
 End Bits:   [0x0000000012bd0000, 0x0000000013bd0000)

Polling page: 0x00000000006f0000

CodeCache: size=245760Kb used=9242Kb max_used=9263Kb free=236517Kb
 bounds [0x00000000020a0000, 0x00000000029c0000, 0x00000000110a0000]
 total_blobs=2306 nmethods=2036 adapters=182
 compilation: enabled

Compilation events (10 events):
Event: 29.327 Thread 0x00000000147c7000 nmethod 1677 0x0000000002937690 code [0x0000000002937800, 0x0000000002937bb8]
Event: 29.327 Thread 0x00000000147c7000 1988       4       com.android.dx.ssa.back.FirstFitLocalCombiningAllocator::canMapReg (32 bytes)
Event: 29.574 Thread 0x00000000147c7000 nmethod 1988 0x0000000002939a10 code [0x0000000002939ba0, 0x0000000002939fe8]
Event: 29.574 Thread 0x00000000147c7000 1568       4       com.android.dx.ssa.SsaConverter::needsNewSuccessor (53 bytes)
Event: 29.586 Thread 0x00000000147c7000 nmethod 1568 0x000000000295f850 code [0x000000000295f9a0, 0x000000000295fb98]
Event: 29.586 Thread 0x00000000147c7000 1567       4       com.android.dx.ssa.back.LivenessAnalyzer::<init> (55 bytes)
Event: 29.601 Thread 0x00000000147c7000 nmethod 1567 0x0000000002961050 code [0x00000000029611c0, 0x0000000002961598]
Event: 29.601 Thread 0x00000000147c7000 2112 %     4       com.android.dx.ssa.SCCP::run @ 93 (298 bytes)
Event: 30.052 Thread 0x00000000147c7000 nmethod 2112% 0x00000000029ad9d0 code [0x00000000029ade00, 0x00000000029b0378]
Event: 30.057 Thread 0x00000000147c7000 2130 %     4       com.android.dx.ssa.SsaConverter::placePhiFunctions @ 131 (394 bytes)

GC Heap History (10 events):
Event: 14.624 GC heap before
{Heap before GC invocations=4 (full 0):
 PSYoungGen      total 35328K, used 35296K [0x00000000eab00000, 0x00000000ef000000, 0x0000000100000000)
  eden space 32768K, 100% used [0x00000000eab00000,0x00000000ecb00000,0x00000000ecb00000)
  from space 2560K, 98% used [0x00000000ecb00000,0x00000000ecd781d8,0x00000000ecd80000)
  to   space 2560K, 0% used [0x00000000eed80000,0x00000000eed80000,0x00000000ef000000)
 ParOldGen       total 44032K, used 7904K [0x00000000c0000000, 0x00000000c2b00000, 0x00000000eab00000)
  object space 44032K, 17% used [0x00000000c0000000,0x00000000c07b83d8,0x00000000c2b00000)
 Metaspace       used 6242K, capacity 7088K, committed 7296K, reserved 1056768K
  class space    used 602K, capacity 616K, committed 640K, reserved 1048576K
Event: 14.718 GC heap after
Heap after GC invocations=4 (full 0):
 PSYoungGen      total 68096K, used 2528K [0x00000000eab00000, 0x00000000ef000000, 0x0000000100000000)
  eden space 65536K, 0% used [0x00000000eab00000,0x00000000eab00000,0x00000000eeb00000)
  from space 2560K, 98% used [0x00000000eed80000,0x00000000eeff81d8,0x00000000ef000000)
  to   space 2560K, 0% used [0x00000000eeb00000,0x00000000eeb00000,0x00000000eed80000)
 ParOldGen       total 44032K, used 13122K [0x00000000c0000000, 0x00000000c2b00000, 0x00000000eab00000)
  object space 44032K, 29% used [0x00000000c0000000,0x00000000c0cd09e8,0x00000000c2b00000)
 Metaspace       used 6242K, capacity 7088K, committed 7296K, reserved 1056768K
  class space    used 602K, capacity 616K, committed 640K, reserved 1048576K
}
Event: 16.877 GC heap before
{Heap before GC invocations=5 (full 0):
 PSYoungGen      total 68096K, used 68064K [0x00000000eab00000, 0x00000000ef000000, 0x0000000100000000)
  eden space 65536K, 100% used [0x00000000eab00000,0x00000000eeb00000,0x00000000eeb00000)
  from space 2560K, 98% used [0x00000000eed80000,0x00000000eeff81d8,0x00000000ef000000)
  to   space 2560K, 0% used [0x00000000eeb00000,0x00000000eeb00000,0x00000000eed80000)
 ParOldGen       total 44032K, used 13122K [0x00000000c0000000, 0x00000000c2b00000, 0x00000000eab00000)
  object space 44032K, 29% used [0x00000000c0000000,0x00000000c0cd09e8,0x00000000c2b00000)
 Metaspace       used 6297K, capacity 7152K, committed 7296K, reserved 1056768K
  class space    used 602K, capacity 616K, committed 640K, reserved 1048576K
Event: 17.070 GC heap after
Heap after GC invocations=5 (full 0):
 PSYoungGen      total 68096K, used 2549K [0x00000000eab00000, 0x00000000f4900000, 0x0000000100000000)
  eden space 65536K, 0% used [0x00000000eab00000,0x00000000eab00000,0x00000000eeb00000)
  from space 2560K, 99% used [0x00000000eeb00000,0x00000000eed7d5d8,0x00000000eed80000)
  to   space 15360K, 0% used [0x00000000f3a00000,0x00000000f3a00000,0x00000000f4900000)
 ParOldGen       total 44032K, used 23686K [0x00000000c0000000, 0x00000000c2b00000, 0x00000000eab00000)
  object space 44032K, 53% used [0x00000000c0000000,0x00000000c1721a30,0x00000000c2b00000)
 Metaspace       used 6297K, capacity 7152K, committed 7296K, reserved 1056768K
  class space    used 602K, capacity 616K, committed 640K, reserved 1048576K
}
Event: 19.043 GC heap before
{Heap before GC invocations=6 (full 0):
 PSYoungGen      total 68096K, used 68085K [0x00000000eab00000, 0x00000000f4900000, 0x0000000100000000)
  eden space 65536K, 100% used [0x00000000eab00000,0x00000000eeb00000,0x00000000eeb00000)
  from space 2560K, 99% used [0x00000000eeb00000,0x00000000eed7d5d8,0x00000000eed80000)
  to   space 15360K, 0% used [0x00000000f3a00000,0x00000000f3a00000,0x00000000f4900000)
 ParOldGen       total 44032K, used 23686K [0x00000000c0000000, 0x00000000c2b00000, 0x00000000eab00000)
  object space 44032K, 53% used [0x00000000c0000000,0x00000000c1721a30,0x00000000c2b00000)
 Metaspace       used 6388K, capacity 7216K, committed 7296K, reserved 1056768K
  class space    used 602K, capacity 616K, committed 640K, reserved 1048576K
Event: 19.215 GC heap after
Heap after GC invocations=6 (full 0):
 PSYoungGen      total 143872K, used 13473K [0x00000000eab00000, 0x00000000f4e00000, 0x0000000100000000)
  eden space 128512K, 0% used [0x00000000eab00000,0x00000000eab00000,0x00000000f2880000)
  from space 15360K, 87% used [0x00000000f3a00000,0x00000000f4728458,0x00000000f4900000)
  to   space 17920K, 0% used [0x00000000f2880000,0x00000000f2880000,0x00000000f3a00000)
 ParOldGen       total 44032K, used 23686K [0x00000000c0000000, 0x00000000c2b00000, 0x00000000eab00000)
  object space 44032K, 53% used [0x00000000c0000000,0x00000000c1721a30,0x00000000c2b00000)
 Metaspace       used 6388K, capacity 7216K, committed 7296K, reserved 1056768K
  class space    used 602K, capacity 616K, committed 640K, reserved 1048576K
}
Event: 22.970 GC heap before
{Heap before GC invocations=7 (full 0):
 PSYoungGen      total 143872K, used 141985K [0x00000000eab00000, 0x00000000f4e00000, 0x0000000100000000)
  eden space 128512K, 100% used [0x00000000eab00000,0x00000000f2880000,0x00000000f2880000)
  from space 15360K, 87% used [0x00000000f3a00000,0x00000000f4728458,0x00000000f4900000)
  to   space 17920K, 0% used [0x00000000f2880000,0x00000000f2880000,0x00000000f3a00000)
 ParOldGen       total 44032K, used 23686K [0x00000000c0000000, 0x00000000c2b00000, 0x00000000eab00000)
  object space 44032K, 53% used [0x00000000c0000000,0x00000000c1721a30,0x00000000c2b00000)
 Metaspace       used 6526K, capacity 7256K, committed 7424K, reserved 1056768K
  class space    used 623K, capacity 656K, committed 768K, reserved 1048576K
Event: 23.913 GC heap after
Heap after GC invocations=7 (full 0):
 PSYoungGen      total 146432K, used 17901K [0x00000000eab00000, 0x00000000fde00000, 0x0000000100000000)
  eden space 128512K, 0% used [0x00000000eab00000,0x00000000eab00000,0x00000000f2880000)
  from space 17920K, 99% used [0x00000000f2880000,0x00000000f39fb4f0,0x00000000f3a00000)
  to   space 28672K, 0% used [0x00000000fc200000,0x00000000fc200000,0x00000000fde00000)
 ParOldGen       total 44032K, used 38356K [0x00000000c0000000, 0x00000000c2b00000, 0x00000000eab00000)
  object space 44032K, 87% used [0x00000000c0000000,0x00000000c2575228,0x00000000c2b00000)
 Metaspace       used 6526K, capacity 7256K, committed 7424K, reserved 1056768K
  class space    used 623K, capacity 656K, committed 768K, reserved 1048576K
}
Event: 23.913 GC heap before
{Heap before GC invocations=8 (full 1):
 PSYoungGen      total 146432K, used 17901K [0x00000000eab00000, 0x00000000fde00000, 0x0000000100000000)
  eden space 128512K, 0% used [0x00000000eab00000,0x00000000eab00000,0x00000000f2880000)
  from space 17920K, 99% used [0x00000000f2880000,0x00000000f39fb4f0,0x00000000f3a00000)
  to   space 28672K, 0% used [0x00000000fc200000,0x00000000fc200000,0x00000000fde00000)
 ParOldGen       total 44032K, used 38356K [0x00000000c0000000, 0x00000000c2b00000, 0x00000000eab00000)
  object space 44032K, 87% used [0x00000000c0000000,0x00000000c2575228,0x00000000c2b00000)
 Metaspace       used 6526K, capacity 7256K, committed 7424K, reserved 1056768K
  class space    used 623K, capacity 656K, committed 768K, reserved 1048576K
Event: 28.322 GC heap after
Heap after GC invocations=8 (full 1):
 PSYoungGen      total 146432K, used 8135K [0x00000000eab00000, 0x00000000fde00000, 0x0000000100000000)
  eden space 128512K, 0% used [0x00000000eab00000,0x00000000eab00000,0x00000000f2880000)
  from space 17920K, 45% used [0x00000000f2880000,0x00000000f3071fc0,0x00000000f3a00000)
  to   space 28672K, 0% used [0x00000000fc200000,0x00000000fc200000,0x00000000fde00000)
 ParOldGen       total 86528K, used 43778K [0x00000000c0000000, 0x00000000c5480000, 0x00000000eab00000)
  object space 86528K, 50% used [0x00000000c0000000,0x00000000c2ac0bd0,0x00000000c5480000)
 Metaspace       used 6526K, capacity 7256K, committed 7424K, reserved 1056768K
  class space    used 623K, capacity 656K, committed 768K, reserved 1048576K
}

Deoptimization events (10 events):
Event: 20.134 Thread 0x0000000016371800 Uncommon trap: reason=class_check action=maybe_recompile pc=0x0000000002891bc0 method=com.android.dx.cf.code.BytecodeArray.parseInstruction(ILcom/android/dx/cf/code/BytecodeArray$Visitor;)I @ 1417
Event: 20.368 Thread 0x000000000070d800 Uncommon trap: reason=unstable_if action=reinterpret pc=0x00000000025de4b0 method=java.util.HashMap.putVal(ILjava/lang/Object;Ljava/lang/Object;ZZ)Ljava/lang/Object; @ 162
Event: 20.385 Thread 0x000000000070d800 Uncommon trap: reason=unstable_if action=reinterpret pc=0x00000000027497d8 method=java.util.HashMap.getNode(ILjava/lang/Object;)Ljava/util/HashMap$Node; @ 84
Event: 20.791 Thread 0x0000000016374000 Uncommon trap: reason=unstable_if action=reinterpret pc=0x00000000026abc8c method=com.android.dx.ssa.MoveParamCombiner$1.visitNonMoveInsn(Lcom/android/dx/ssa/NormalSsaInsn;)V @ 27
Event: 20.865 Thread 0x0000000016373000 Uncommon trap: reason=bimorphic action=maybe_recompile pc=0x00000000026e6c60 method=com.android.dx.ssa.LiteralOpUpgrader.tryReplacingWithConstant(Lcom/android/dx/ssa/NormalSsaInsn;)Z @ 62
Event: 20.866 Thread 0x0000000016373000 Uncommon trap: reason=unstable_if action=reinterpret pc=0x00000000027faaf0 method=com.android.dx.ssa.LiteralOpUpgrader$1.visitNonMoveInsn(Lcom/android/dx/ssa/NormalSsaInsn;)V @ 24
Event: 21.040 Thread 0x0000000016373000 Uncommon trap: reason=bimorphic action=maybe_recompile pc=0x00000000026e6c60 method=com.android.dx.ssa.LiteralOpUpgrader.tryReplacingWithConstant(Lcom/android/dx/ssa/NormalSsaInsn;)Z @ 62
Event: 21.945 Thread 0x0000000016369000 Uncommon trap: reason=unstable_if action=reinterpret pc=0x000000000266866c method=java.util.HashMap.putVal(ILjava/lang/Object;Ljava/lang/Object;ZZ)Ljava/lang/Object; @ 109
Event: 22.766 Thread 0x0000000016371800 Uncommon trap: reason=class_check action=maybe_recompile pc=0x00000000029690b4 method=com.android.dx.cf.code.BytecodeArray.parseInstruction(ILcom/android/dx/cf/code/BytecodeArray$Visitor;)I @ 1525
Event: 22.780 Thread 0x0000000016371800 Uncommon trap: reason=class_check action=maybe_recompile pc=0x00000000029690b4 method=com.android.dx.cf.code.BytecodeArray.parseInstruction(ILcom/android/dx/cf/code/BytecodeArray$Visitor;)I @ 1525

Internal exceptions (8 events):
Event: 0.515 Thread 0x000000000070d800 Exception <a 'java/lang/NoSuchMethodError': Method sun.misc.Unsafe.defineClass(Ljava/lang/String;[BII)Ljava/lang/Class; name or signature does not match> (0x00000000eab0dd68) thrown at [C:\re\workspace\8-2-build-windows-amd64-cygwin\jdk8u60\4407\hotspot\srY!×Ði{à?
Event: 0.515 Thread 0x000000000070d800 Exception <a 'java/lang/NoSuchMethodError': Method sun.misc.Unsafe.prefetchRead(Ljava/lang/Object;J)V name or signature does not match> (0x00000000eab0e050) thrown at [C:\re\workspace\8-2-build-windows-amd64-cygwin\jdk8u60\4407\hotspot\src\share\vm\prims\j÷ÁÊ
Event: 9.387 Thread 0x0000000016374000 Implicit null exception at 0x0000000002468162 to 0x0000000002468269
Event: 11.387 Thread 0x000000000070d800 Implicit null exception at 0x0000000002398d5c to 0x000000000239b20d
Event: 18.802 Thread 0x0000000016371800 Implicit null exception at 0x000000000270a5aa to 0x000000000270bed5
Event: 20.376 Thread 0x000000000070d800 Exception <a 'java/lang/ArrayIndexOutOfBoundsException': 18> (0x00000000edc3ecf0) thrown at [C:\re\workspace\8-2-build-windows-amd64-cygwin\jdk8u60\4407\hotspot\src\share\vm\interpreter\interpreterRuntime.cpp, line 366]
Event: 20.377 Thread 0x000000000070d800 Exception <a 'java/lang/ArrayIndexOutOfBoundsException': 145> (0x00000000edc40870) thrown at [C:\re\workspace\8-2-build-windows-amd64-cygwin\jdk8u60\4407\hotspot\src\share\vm\interpreter\interpreterRuntime.cpp, line 366]
Event: 20.383 Thread 0x000000000070d800 Exception <a 'java/lang/ArrayIndexOutOfBoundsException'> (0x00000000edc41b58) thrown at [C:\re\workspace\8-2-build-windows-amd64-cygwin\jdk8u60\4407\hotspot\src\share\vm\runtime\sharedRuntime.cpp, line 605]

Events (10 events):
Event: 22.766 Thread 0x0000000016371800 DEOPT UNPACKING pc=0x00000000020e582a sp=0x000000001699e648 mode 2
Event: 22.780 Thread 0x0000000016371800 Uncommon trap: trap_request=0xffffffde fr.pc=0x00000000029690b4
Event: 22.780 Thread 0x0000000016371800 DEOPT PACKING pc=0x00000000029690b4 sp=0x000000001699e680
Event: 22.780 Thread 0x0000000016371800 DEOPT UNPACKING pc=0x00000000020e582a sp=0x000000001699e648 mode 2
Event: 22.969 Executing VM operation: ParallelGCFailedAllocation
Event: 28.323 Executing VM operation: ParallelGCFailedAllocation done
Event: 28.415 Thread 0x000000000070d800 DEOPT PACKING pc=0x00000000024f9ad1 sp=0x0000000001f9e6c0
Event: 28.415 Thread 0x000000000070d800 DEOPT UNPACKING pc=0x00000000020e787f sp=0x0000000001f9e4f0 mode 0
Event: 29.833 loading class com/android/dx/rop/code/RegisterSpec$1
Event: 29.833 loading class com/android/dx/rop/code/RegisterSpec$1 done


Dynamic libraries:
0x00007ff7f0400000 - 0x00007ff7f0437000 	C:\Program Files\Java\jdk1.8.0_60\bin\java.exe
0x00007ffd16590000 - 0x00007ffd16751000 	C:\WINDOWS\SYSTEM32\ntdll.dll
0x00007ffd14290000 - 0x00007ffd1433d000 	C:\WINDOWS\system32\KERNEL32.DLL
0x00007ffd13a80000 - 0x00007ffd13c5d000 	C:\WINDOWS\system32\KERNELBASE.dll
0x00007ffd13f00000 - 0x00007ffd13fa6000 	C:\WINDOWS\system32\ADVAPI32.dll
0x00007ffd143f0000 - 0x00007ffd1448d000 	C:\WINDOWS\system32\msvcrt.dll
0x00007ffd14090000 - 0x00007ffd140eb000 	C:\WINDOWS\system32\sechost.dll
0x00007ffd16460000 - 0x00007ffd16586000 	C:\WINDOWS\system32\RPCRT4.dll
0x00007ffd14b50000 - 0x00007ffd14c9e000 	C:\WINDOWS\system32\USER32.dll
0x00007ffd140f0000 - 0x00007ffd14276000 	C:\WINDOWS\system32\GDI32.dll
0x00007ffd072e0000 - 0x00007ffd07554000 	C:\WINDOWS\WinSxS\amd64_microsoft.windows.common-controls_6595b64144ccf1df_6.0.10240.16384_none_f41f7b285750ef43\COMCTL32.dll
0x00007ffd14340000 - 0x00007ffd14376000 	C:\WINDOWS\system32\IMM32.DLL
0x00007ffd14730000 - 0x00007ffd1488c000 	C:\WINDOWS\system32\MSCTF.dll
0x00000000726a0000 - 0x0000000072772000 	C:\Program Files\Java\jdk1.8.0_60\jre\bin\msvcr100.dll
0x0000000072a90000 - 0x0000000073319000 	C:\Program Files\Java\jdk1.8.0_60\jre\bin\server\jvm.dll
0x00007ffd14280000 - 0x00007ffd14288000 	C:\WINDOWS\system32\PSAPI.DLL
0x00007ffd06650000 - 0x00007ffd06659000 	C:\WINDOWS\SYSTEM32\WSOCK32.dll
0x00007ffd14380000 - 0x00007ffd143e9000 	C:\WINDOWS\system32\WS2_32.dll
0x00007ffd162f0000 - 0x00007ffd162f8000 	C:\WINDOWS\system32\NSI.dll
0x00007ffd11570000 - 0x00007ffd11593000 	C:\WINDOWS\SYSTEM32\WINMM.dll
0x00007ffd08870000 - 0x00007ffd0887a000 	C:\WINDOWS\SYSTEM32\VERSION.dll
0x00007ffd11500000 - 0x00007ffd1152c000 	C:\WINDOWS\SYSTEM32\WINMMBASE.dll
0x00007ffd13110000 - 0x00007ffd13154000 	C:\WINDOWS\system32\cfgmgr32.dll
0x00007ffd11950000 - 0x00007ffd11977000 	C:\WINDOWS\SYSTEM32\DEVOBJ.dll
0x0000000073bd0000 - 0x0000000073bdf000 	C:\Program Files\Java\jdk1.8.0_60\jre\bin\verify.dll
0x0000000073ba0000 - 0x0000000073bc9000 	C:\Program Files\Java\jdk1.8.0_60\jre\bin\java.dll
0x0000000073b80000 - 0x0000000073b96000 	C:\Program Files\Java\jdk1.8.0_60\jre\bin\zip.dll
0x00007ffd14ca0000 - 0x00007ffd161c2000 	C:\WINDOWS\system32\SHELL32.dll
0x00007ffd13450000 - 0x00007ffd13a78000 	C:\WINDOWS\system32\windows.storage.dll
0x00007ffd13c60000 - 0x00007ffd13edc000 	C:\WINDOWS\system32\combase.dll
0x00007ffd14660000 - 0x00007ffd146b1000 	C:\WINDOWS\system32\shlwapi.dll
0x00007ffd13050000 - 0x00007ffd1305f000 	C:\WINDOWS\system32\kernel.appcore.dll
0x00007ffd13330000 - 0x00007ffd133e3000 	C:\WINDOWS\system32\shcore.dll
0x00007ffd13000000 - 0x00007ffd1304a000 	C:\WINDOWS\system32\powrprof.dll
0x00007ffd12fe0000 - 0x00007ffd12ff3000 	C:\WINDOWS\system32\profapi.dll

VM Arguments:
jvm_args: -Djava.awt.headless=true -Xmx1024M -Dfile.encoding=windows-1252 -Duser.country=US -Duser.language=en -Duser.variant 
java_command: com.android.dx.command.Main --dex --force-jumbo --num-threads=4 --multi-dex --output C:\Users\Harry\Documents\GitHub\Ecocar\app\build\intermediates\transforms\dex\debug\folders\1000\10\com.android.support-support-v4-23.2.0_51d5efa4c8fdc0aac48c7296eee4614acdca1ab3 C:\Users\Harry\Documents\GitHub\Ecocar\app\build\intermediates\exploded-aar\com.android.support\support-v4\23.2.0\jars\classes.jar
java_class_path (initial): C:\Users\Harry\AppData\Local\Android\sdk\build-tools\23.0.2\lib\dx.jar
Launcher Type: SUN_STANDARD

Environment Variables:
PATH=C:\Program Files (x86)\Razer Chroma SDK\bin;C:\Program Files\Razer Chroma SDK\bin;C:\ProgramData\Oracle\Java\javapath;C:\Program Files (x86)\NVIDIA Corporation\PhysX\Common;C:\Program Files (x86)\Intel\iCLS Client\;C:\Program Files\Intel\iCLS Client\;C:\WINDOWS\system32;C:\WINDOWS;C:\WINDOWS\System32\Wbem;C:\WINDOWS\System32\WindowsPowerShell\v1.0\;C:\Program Files (x86)\Intel\OpenCL SDK\3.0\bin\x86;C:\Program Files (x86)\Intel\OpenCL SDK\3.0\bin\x64;C:\Program Files\Intel\Intel(R) Management Engine Components\DAL;C:\Program Files\Intel\Intel(R) Management Engine Components\IPT;C:\Program Files (x86)\Intel\Intel(R) Management Engine Components\DAL;C:\Program Files (x86)\Intel\Intel(R) Management Engine Components\IPT;C:\Program Files\Sony\VAIO Improvement;C:\Program Files (x86)\Sony\VAIO BIOS Data Transfer Utility\;C:\Program Files (x86)\Sony\VAIO Startup Setting Tool;C:\Program Files (x86)\Windows Live\Shared;C:\Program Files\Intel\WiFi\bin\;C:\Program Files\Common Files\Intel\WirelessCommon\;C:\Program Files (x86)\PharosSystems\Core;c:\Program Files (x86)\Microsoft SQL Server\110\Tools\Binn\;c:\Program Files\Microsoft SQL Server\110\Tools\Binn\;c:\Program Files\Microsoft SQL Server\110\DTS\Binn\;C:\Program Files\nodejs\;C:\Program Files\Microsoft SQL Server\120\Tools\Binn\;C:\Program Files (x86)\Skype\Phone\;C:\Users\Harry\AppData\Roaming\npm;C:\Program Files\Intel\WiFi\bin\;C:\Program Files\Common Files\Intel\WirelessCommon\;C:\Users\Harry\AppData\Roaming\npm
USERNAME=Harry
OS=Windows_NT
PROCESSOR_IDENTIFIER=Intel64 Family 6 Model 69 Stepping 1, GenuineIntel



---------------  S Y S T E M  ---------------

OS: Windows 10.0 , 64 bit Build 10240 (10.0.10240.16384)

CPU:total 4 (2 cores per cpu, 2 threads per core) family 6 model 69 stepping 1, cmov, cx8, fxsr, mmx, sse, sse2, sse3, ssse3, sse4.1, sse4.2, popcnt, avx, avx2, aes, clmul, erms, lzcnt, ht, tsc, tscinvbit, bmi1, bmi2

Memory: 4k page, physical 4098948k(214240k free), swap 8783772k(3284k free)

vm_info: Java HotSpot(TM) 64-Bit Server VM (25.60-b23) for windows-amd64 JRE (1.8.0_60-b27), built on Aug  4 2015 11:06:27 by "java_re" with MS VC++ 10.0 (VS2010)

time: Wed Apr 20 18:07:59 2016
elapsed time: 30 seconds (0d 0h 0m 30s)

