#
# There is insufficient memory for the Java Runtime Environment to continue.
# Native memory allocation (malloc) failed to allocate 738176 bytes for Chunk::new
# Possible reasons:
#   The system is out of physical RAM or swap space
#   In 32 bit mode, the process size limit was hit
# Possible solutions:
#   Reduce memory load on the system
#   Increase physical memory or swap space
#   Check if swap backing store is full
#   Use 64 bit Java on a 64 bit OS
#   Decrease Java heap size (-Xmx/-Xms)
#   Decrease number of Java threads
#   Decrease Java thread stack sizes (-Xss)
#   Set larger code cache with -XX:ReservedCodeCacheSize=
# This output file may be truncated or incomplete.
#
#  Out of Memory Error (allocation.cpp:390), pid=12872, tid=6580
#
# JRE version: Java(TM) SE Runtime Environment (8.0_60-b27) (build 1.8.0_60-b27)
# Java VM: Java HotSpot(TM) 64-Bit Server VM (25.60-b23 mixed mode windows-amd64 compressed oops)
# Failed to write core dump. Minidumps are not enabled by default on client versions of Windows
#

---------------  T H R E A D  ---------------

Current thread (0x0000000015693800):  JavaThread "C2 CompilerThread1" daemon [_thread_in_native, id=6580, stack(0x0000000016de0000,0x0000000016ee0000)]

Stack: [0x0000000016de0000,0x0000000016ee0000]
[error occurred during error reporting (printing stack bounds), id 0xc0000005]

Native frames: (J=compiled Java code, j=interpreted, Vv=VM code, C=native code)


Current CompileTask:
C2:   1391 1443       4       com.android.dx.ssa.SCCP::simulateBranch (666 bytes)


---------------  P R O C E S S  ---------------

Java Threads: ( => current thread )
  0x00000000177c5000 JavaThread "pool-2-thread-4" [_thread_in_native_trans, id=13032, stack(0x00000000191b0000,0x00000000192b0000)]
  0x00000000173bb000 JavaThread "pool-2-thread-3" [_thread_in_Java, id=11968, stack(0x00000000190b0000,0x00000000191b0000)]
  0x00000000173ba800 JavaThread "pool-2-thread-2" [_thread_in_Java, id=18720, stack(0x0000000018fb0000,0x00000000190b0000)]
  0x0000000017dd5000 JavaThread "pool-3-thread-1" [_thread_blocked, id=10448, stack(0x0000000018eb0000,0x0000000018fb0000)]
  0x0000000017aac000 JavaThread "pool-2-thread-1" [_thread_in_Java, id=8928, stack(0x0000000018db0000,0x0000000018eb0000)]
  0x00000000156ee800 JavaThread "Service Thread" daemon [_thread_blocked, id=5268, stack(0x00000000173e0000,0x00000000174e0000)]
  0x0000000015699800 JavaThread "C1 CompilerThread2" daemon [_thread_in_native, id=228, stack(0x0000000016ee0000,0x0000000016fe0000)]
=>0x0000000015693800 JavaThread "C2 CompilerThread1" daemon [_thread_in_native, id=6580, stack(0x0000000016de0000,0x0000000016ee0000)]
  0x000000001568b800 JavaThread "C2 CompilerThread0" daemon [_thread_in_native, id=17652, stack(0x0000000016ce0000,0x0000000016de0000)]
  0x0000000015689800 JavaThread "Attach Listener" daemon [_thread_blocked, id=5660, stack(0x0000000016be0000,0x0000000016ce0000)]
  0x0000000015688000 JavaThread "Signal Dispatcher" daemon [_thread_blocked, id=6908, stack(0x0000000016ae0000,0x0000000016be0000)]
  0x0000000002fb6800 JavaThread "Finalizer" daemon [_thread_blocked, id=360, stack(0x0000000016900000,0x0000000016a00000)]
  0x0000000002fae000 JavaThread "Reference Handler" daemon [_thread_blocked, id=15152, stack(0x0000000016800000,0x0000000016900000)]
  0x0000000002ebd800 JavaThread "main" [_thread_in_vm, id=9408, stack(0x0000000002d60000,0x0000000002e60000)]

Other Threads:
  0x0000000015657800 VMThread [stack: 0x0000000016700000,0x0000000016800000] [id=19440]
  0x0000000016fe6800 WatcherThread [stack: 0x00000000174e0000,0x00000000175e0000] [id=16884]

VM state:not at safepoint (normal execution)

VM Mutex/Monitor currently owned by a thread: None

Heap:
 PSYoungGen      total 35328K, used 16093K [0x00000000eab00000, 0x00000000ef000000, 0x0000000100000000)
  eden space 32768K, 41% used [0x00000000eab00000,0x00000000eb839a40,0x00000000ecb00000)
  from space 2560K, 99% used [0x00000000ecb00000,0x00000000ecd7dc60,0x00000000ecd80000)
  to   space 2560K, 0% used [0x00000000eed80000,0x00000000eed80000,0x00000000ef000000)
 ParOldGen       total 44032K, used 4568K [0x00000000c0000000, 0x00000000c2b00000, 0x00000000eab00000)
  object space 44032K, 10% used [0x00000000c0000000,0x00000000c0476338,0x00000000c2b00000)
 Metaspace       used 6160K, capacity 7024K, committed 7296K, reserved 1056768K
  class space    used 604K, capacity 616K, committed 640K, reserved 1048576K

Card table byte_map: [0x0000000012380000,0x0000000012590000] byte_map_base: 0x0000000011d80000

Marking Bits: (ParMarkBitMap*) 0x000000007329a5b0
 Begin Bits: [0x0000000012af0000, 0x0000000013af0000)
 End Bits:   [0x0000000013af0000, 0x0000000014af0000)

Polling page: 0x0000000002d40000

CodeCache: size=245760Kb used=5913Kb max_used=5913Kb free=239846Kb
 bounds [0x0000000002fc0000, 0x0000000003590000, 0x0000000011fc0000]
 total_blobs=1721 nmethods=1452 adapters=182
 compilation: enabled

Compilation events (10 events):
Event: 1.387 Thread 0x0000000015699800 nmethod 1458 0x0000000003587990 code [0x0000000003587b60, 0x00000000035885c8]
Event: 1.387 Thread 0x0000000015699800 1453       3       com.android.dx.cf.code.BasicBlocker::<init> (79 bytes)
Event: 1.388 Thread 0x0000000015699800 nmethod 1453 0x0000000003588a50 code [0x0000000003588c20, 0x0000000003589608]
Event: 1.388 Thread 0x0000000015699800 1456       3       com.android.dx.cf.code.Simulator::<init> (66 bytes)
Event: 1.389 Thread 0x0000000015699800 nmethod 1456 0x000000000355e290 code [0x000000000355e440, 0x000000000355eb98]
Event: 1.389 Thread 0x0000000015699800 1451       3       com.android.dx.dex.code.OutputFinisher::hasLocalInfo (20 bytes)
Event: 1.389 Thread 0x0000000015699800 nmethod 1451 0x0000000003567d50 code [0x0000000003567ec0, 0x0000000003568150]
Event: 1.389 Thread 0x0000000015699800 1455       3       com.android.dx.cf.code.RopperMachine::<init> (134 bytes)
Event: 1.390 Thread 0x0000000015699800 nmethod 1455 0x0000000003589990 code [0x0000000003589b80, 0x000000000358a4f8]
Event: 1.390 Thread 0x0000000015699800 1460  s    3       com.android.dx.dex.file.FieldIdsSection::intern (55 bytes)

GC Heap History (6 events):
Event: 0.211 GC heap before
{Heap before GC invocations=1 (full 0):
 PSYoungGen      total 18944K, used 16384K [0x00000000eab00000, 0x00000000ec000000, 0x0000000100000000)
  eden space 16384K, 100% used [0x00000000eab00000,0x00000000ebb00000,0x00000000ebb00000)
  from space 2560K, 0% used [0x00000000ebd80000,0x00000000ebd80000,0x00000000ec000000)
  to   space 2560K, 0% used [0x00000000ebb00000,0x00000000ebb00000,0x00000000ebd80000)
 ParOldGen       total 44032K, used 0K [0x00000000c0000000, 0x00000000c2b00000, 0x00000000eab00000)
  object space 44032K, 0% used [0x00000000c0000000,0x00000000c0000000,0x00000000c2b00000)
 Metaspace       used 3404K, capacity 4720K, committed 4864K, reserved 1056768K
  class space    used 371K, capacity 424K, committed 512K, reserved 1048576K
Event: 0.214 GC heap after
Heap after GC invocations=1 (full 0):
 PSYoungGen      total 18944K, used 1198K [0x00000000eab00000, 0x00000000ed000000, 0x0000000100000000)
  eden space 16384K, 0% used [0x00000000eab00000,0x00000000eab00000,0x00000000ebb00000)
  from space 2560K, 46% used [0x00000000ebb00000,0x00000000ebc2b9b0,0x00000000ebd80000)
  to   space 2560K, 0% used [0x00000000ecd80000,0x00000000ecd80000,0x00000000ed000000)
 ParOldGen       total 44032K, used 0K [0x00000000c0000000, 0x00000000c2b00000, 0x00000000eab00000)
  object space 44032K, 0% used [0x00000000c0000000,0x00000000c0000000,0x00000000c2b00000)
 Metaspace       used 3404K, capacity 4720K, committed 4864K, reserved 1056768K
  class space    used 371K, capacity 424K, committed 512K, reserved 1048576K
}
Event: 0.234 GC heap before
{Heap before GC invocations=2 (full 0):
 PSYoungGen      total 18944K, used 17582K [0x00000000eab00000, 0x00000000ed000000, 0x0000000100000000)
  eden space 16384K, 100% used [0x00000000eab00000,0x00000000ebb00000,0x00000000ebb00000)
  from space 2560K, 46% used [0x00000000ebb00000,0x00000000ebc2b9b0,0x00000000ebd80000)
  to   space 2560K, 0% used [0x00000000ecd80000,0x00000000ecd80000,0x00000000ed000000)
 ParOldGen       total 44032K, used 0K [0x00000000c0000000, 0x00000000c2b00000, 0x00000000eab00000)
  object space 44032K, 0% used [0x00000000c0000000,0x00000000c0000000,0x00000000c2b00000)
 Metaspace       used 3404K, capacity 4720K, committed 4864K, reserved 1056768K
  class space    used 371K, capacity 424K, committed 512K, reserved 1048576K
Event: 0.236 GC heap after
Heap after GC invocations=2 (full 0):
 PSYoungGen      total 35328K, used 1008K [0x00000000eab00000, 0x00000000ed000000, 0x0000000100000000)
  eden space 32768K, 0% used [0x00000000eab00000,0x00000000eab00000,0x00000000ecb00000)
  from space 2560K, 39% used [0x00000000ecd80000,0x00000000ece7c010,0x00000000ed000000)
  to   space 2560K, 0% used [0x00000000ecb00000,0x00000000ecb00000,0x00000000ecd80000)
 ParOldGen       total 44032K, used 0K [0x00000000c0000000, 0x00000000c2b00000, 0x00000000eab00000)
  object space 44032K, 0% used [0x00000000c0000000,0x00000000c0000000,0x00000000c2b00000)
 Metaspace       used 3404K, capacity 4720K, committed 4864K, reserved 1056768K
  class space    used 371K, capacity 424K, committed 512K, reserved 1048576K
}
Event: 1.162 GC heap before
{Heap before GC invocations=3 (full 0):
 PSYoungGen      total 35328K, used 33776K [0x00000000eab00000, 0x00000000ed000000, 0x0000000100000000)
  eden space 32768K, 100% used [0x00000000eab00000,0x00000000ecb00000,0x00000000ecb00000)
  from space 2560K, 39% used [0x00000000ecd80000,0x00000000ece7c010,0x00000000ed000000)
  to   space 2560K, 0% used [0x00000000ecb00000,0x00000000ecb00000,0x00000000ecd80000)
 ParOldGen       total 44032K, used 0K [0x00000000c0000000, 0x00000000c2b00000, 0x00000000eab00000)
  object space 44032K, 0% used [0x00000000c0000000,0x00000000c0000000,0x00000000c2b00000)
 Metaspace       used 6067K, capacity 6960K, committed 7040K, reserved 1056768K
  class space    used 604K, capacity 616K, committed 640K, reserved 1048576K
Event: 1.179 GC heap after
Heap after GC invocations=3 (full 0):
 PSYoungGen      total 35328K, used 2551K [0x00000000eab00000, 0x00000000ef000000, 0x0000000100000000)
  eden space 32768K, 0% used [0x00000000eab00000,0x00000000eab00000,0x00000000ecb00000)
  from space 2560K, 99% used [0x00000000ecb00000,0x00000000ecd7dc60,0x00000000ecd80000)
  to   space 2560K, 0% used [0x00000000eed80000,0x00000000eed80000,0x00000000ef000000)
 ParOldGen       total 44032K, used 4568K [0x00000000c0000000, 0x00000000c2b00000, 0x00000000eab00000)
  object space 44032K, 10% used [0x00000000c0000000,0x00000000c0476338,0x00000000c2b00000)
 Metaspace       used 6067K, capacity 6960K, committed 7040K, reserved 1056768K
  class space    used 604K, capacity 616K, committed 640K, reserved 1048576K
}

Deoptimization events (10 events):
Event: 0.264 Thread 0x0000000002ebd800 Uncommon trap: reason=unstable_if action=reinterpret pc=0x0000000003124994 method=java.lang.String.compareTo(Ljava/lang/String;)I @ 38
Event: 0.564 Thread 0x00000000177c5000 Uncommon trap: reason=unstable_if action=reinterpret pc=0x00000000031ef1ac method=java.util.HashMap.getNode(ILjava/lang/Object;)Ljava/util/HashMap$Node; @ 62
Event: 0.580 Thread 0x00000000173bb000 Uncommon trap: reason=unstable_if action=reinterpret pc=0x000000000322dddc method=com.android.dx.rop.cst.Constant.compareTo(Lcom/android/dx/rop/cst/Constant;)I @ 12
Event: 0.711 Thread 0x0000000002ebd800 Uncommon trap: reason=class_check action=maybe_recompile pc=0x00000000032ba1a8 method=com.android.dx.rop.type.Type.equals(Ljava/lang/Object;)Z @ 8
Event: 0.712 Thread 0x0000000002ebd800 Uncommon trap: reason=unstable_if action=reinterpret pc=0x000000000322da70 method=java.util.BitSet.nextSetBit(I)I @ 87
Event: 0.715 Thread 0x0000000002ebd800 Uncommon trap: reason=class_check action=maybe_recompile pc=0x00000000032ba1a8 method=com.android.dx.rop.type.Type.equals(Ljava/lang/Object;)Z @ 8
Event: 0.721 Thread 0x0000000002ebd800 Uncommon trap: reason=class_check action=maybe_recompile pc=0x00000000032dba10 method=com.android.dx.rop.type.Type.equals(Ljava/lang/Object;)Z @ 8
Event: 0.734 Thread 0x00000000173ba800 Uncommon trap: reason=class_check action=maybe_recompile pc=0x00000000032ba1a8 method=com.android.dx.rop.type.Type.equals(Ljava/lang/Object;)Z @ 8
Event: 0.749 Thread 0x00000000173ba800 Uncommon trap: reason=class_check action=maybe_recompile pc=0x0000000003325760 method=com.android.dx.rop.type.Type.equals(Ljava/lang/Object;)Z @ 8
Event: 0.749 Thread 0x00000000173ba800 Uncommon trap: reason=class_check action=maybe_recompile pc=0x00000000032dba10 method=com.android.dx.rop.type.Type.equals(Ljava/lang/Object;)Z @ 8

Internal exceptions (2 events):
Event: 0.039 Thread 0x0000000002ebd800 Exception <a 'java/lang/NoSuchMethodError': Method sun.misc.Unsafe.defineClass(Ljava/lang/String;[BII)Ljava/lang/Class; name or signature does not match> (0x00000000eab0db98) thrown at [C:\re\workspace\8-2-build-windows-amd64-cygwin\jdk8u60\4407\hotspot\sr4…)’ù¤?
Event: 0.039 Thread 0x0000000002ebd800 Exception <a 'java/lang/NoSuchMethodError': Method sun.misc.Unsafe.prefetchRead(Ljava/lang/Object;J)V name or signature does not match> (0x00000000eab0de80) thrown at [C:\re\workspace\8-2-build-windows-amd64-cygwin\jdk8u60\4407\hotspot\src\share\vm\prims\j

Events (10 events):
Event: 0.749 Thread 0x00000000173ba800 DEOPT PACKING pc=0x00000000032dba10 sp=0x00000000190ae140
Event: 0.749 Thread 0x00000000173ba800 DEOPT UNPACKING pc=0x000000000300582a sp=0x00000000190adfa0 mode 2
Event: 0.753 loading class java/util/DualPivotQuicksort
Event: 0.807 loading class java/util/DualPivotQuicksort done
Event: 0.959 loading class com/android/dx/cf/code/SwitchList
Event: 0.959 loading class com/android/dx/cf/code/SwitchList done
Event: 0.961 Executing VM operation: ForceSafepoint
Event: 0.991 Executing VM operation: ForceSafepoint done
Event: 1.158 Executing VM operation: ParallelGCFailedAllocation
Event: 1.179 Executing VM operation: ParallelGCFailedAllocation done


Dynamic libraries:
0x00007ff694da0000 - 0x00007ff694dd7000 	C:\Program Files\Java\jdk1.8.0_60\bin\java.exe
0x00007ffd16590000 - 0x00007ffd16751000 	C:\WINDOWS\SYSTEM32\ntdll.dll
0x00007ffd14290000 - 0x00007ffd1433d000 	C:\WINDOWS\system32\KERNEL32.DLL
0x00007ffd13a80000 - 0x00007ffd13c5d000 	C:\WINDOWS\system32\KERNELBASE.dll
0x00007ffd13f00000 - 0x00007ffd13fa6000 	C:\WINDOWS\system32\ADVAPI32.dll
0x00007ffd143f0000 - 0x00007ffd1448d000 	C:\WINDOWS\system32\msvcrt.dll
0x00007ffd14090000 - 0x00007ffd140eb000 	C:\WINDOWS\system32\sechost.dll
0x00007ffd16460000 - 0x00007ffd16586000 	C:\WINDOWS\system32\RPCRT4.dll
0x00007ffd14b50000 - 0x00007ffd14c9e000 	C:\WINDOWS\system32\USER32.dll
0x00007ffd140f0000 - 0x00007ffd14276000 	C:\WINDOWS\system32\GDI32.dll
0x00007ffd072e0000 - 0x00007ffd07554000 	C:\WINDOWS\WinSxS\amd64_microsoft.windows.common-controls_6595b64144ccf1df_6.0.10240.16384_none_f41f7b285750ef43\COMCTL32.dll
0x00007ffd14340000 - 0x00007ffd14376000 	C:\WINDOWS\system32\IMM32.DLL
0x00007ffd14730000 - 0x00007ffd1488c000 	C:\WINDOWS\system32\MSCTF.dll
0x00000000726a0000 - 0x0000000072772000 	C:\Program Files\Java\jdk1.8.0_60\jre\bin\msvcr100.dll
0x0000000072a90000 - 0x0000000073319000 	C:\Program Files\Java\jdk1.8.0_60\jre\bin\server\jvm.dll
0x00007ffd14280000 - 0x00007ffd14288000 	C:\WINDOWS\system32\PSAPI.DLL
0x00007ffd11570000 - 0x00007ffd11593000 	C:\WINDOWS\SYSTEM32\WINMM.dll
0x00007ffd08870000 - 0x00007ffd0887a000 	C:\WINDOWS\SYSTEM32\VERSION.dll
0x00007ffd06650000 - 0x00007ffd06659000 	C:\WINDOWS\SYSTEM32\WSOCK32.dll
0x00007ffd14380000 - 0x00007ffd143e9000 	C:\WINDOWS\system32\WS2_32.dll
0x00007ffd162f0000 - 0x00007ffd162f8000 	C:\WINDOWS\system32\NSI.dll
0x00007ffd11500000 - 0x00007ffd1152c000 	C:\WINDOWS\SYSTEM32\WINMMBASE.dll
0x00007ffd13110000 - 0x00007ffd13154000 	C:\WINDOWS\system32\cfgmgr32.dll
0x00007ffd11950000 - 0x00007ffd11977000 	C:\WINDOWS\SYSTEM32\DEVOBJ.dll
0x0000000073bd0000 - 0x0000000073bdf000 	C:\Program Files\Java\jdk1.8.0_60\jre\bin\verify.dll
0x0000000073ba0000 - 0x0000000073bc9000 	C:\Program Files\Java\jdk1.8.0_60\jre\bin\java.dll
0x0000000073b80000 - 0x0000000073b96000 	C:\Program Files\Java\jdk1.8.0_60\jre\bin\zip.dll
0x00007ffd14ca0000 - 0x00007ffd161c2000 	C:\WINDOWS\system32\SHELL32.dll
0x00007ffd13450000 - 0x00007ffd13a78000 	C:\WINDOWS\system32\windows.storage.dll
0x00007ffd13c60000 - 0x00007ffd13edc000 	C:\WINDOWS\system32\combase.dll
0x00007ffd14660000 - 0x00007ffd146b1000 	C:\WINDOWS\system32\shlwapi.dll
0x00007ffd13050000 - 0x00007ffd1305f000 	C:\WINDOWS\system32\kernel.appcore.dll
0x00007ffd13330000 - 0x00007ffd133e3000 	C:\WINDOWS\system32\shcore.dll
0x00007ffd13000000 - 0x00007ffd1304a000 	C:\WINDOWS\system32\powrprof.dll
0x00007ffd12fe0000 - 0x00007ffd12ff3000 	C:\WINDOWS\system32\profapi.dll

VM Arguments:
jvm_args: -Djava.awt.headless=true -Xmx1024M -Dfile.encoding=windows-1252 -Duser.country=US -Duser.language=en -Duser.variant 
java_command: com.android.dx.command.Main --dex --num-threads=4 --multi-dex --main-dex-list C:\Users\Harry\Documents\GitHub\Ecocar\app\build\intermediates\multi-dex\debug\maindexlist.txt --output C:\Users\Harry\Documents\GitHub\Ecocar\app\build\intermediates\transforms\dex\debug\folders\1000\1f\main C:\Users\Harry\Documents\GitHub\Ecocar\app\build\intermediates\transforms\jarMerging\debug\jars\1\1f\combined.jar
java_class_path (initial): C:\Users\Harry\AppData\Local\Android\sdk\build-tools\23.0.2\lib\dx.jar
Launcher Type: SUN_STANDARD

Environment Variables:
PATH=C:\Program Files (x86)\Razer Chroma SDK\bin;C:\Program Files\Razer Chroma SDK\bin;C:\ProgramData\Oracle\Java\javapath;C:\Program Files (x86)\NVIDIA Corporation\PhysX\Common;C:\Program Files (x86)\Intel\iCLS Client\;C:\Program Files\Intel\iCLS Client\;C:\WINDOWS\system32;C:\WINDOWS;C:\WINDOWS\System32\Wbem;C:\WINDOWS\System32\WindowsPowerShell\v1.0\;C:\Program Files (x86)\Intel\OpenCL SDK\3.0\bin\x86;C:\Program Files (x86)\Intel\OpenCL SDK\3.0\bin\x64;C:\Program Files\Intel\Intel(R) Management Engine Components\DAL;C:\Program Files\Intel\Intel(R) Management Engine Components\IPT;C:\Program Files (x86)\Intel\Intel(R) Management Engine Components\DAL;C:\Program Files (x86)\Intel\Intel(R) Management Engine Components\IPT;C:\Program Files\Sony\VAIO Improvement;C:\Program Files (x86)\Sony\VAIO BIOS Data Transfer Utility\;C:\Program Files (x86)\Sony\VAIO Startup Setting Tool;C:\Program Files (x86)\Windows Live\Shared;C:\Program Files\Intel\WiFi\bin\;C:\Program Files\Common Files\Intel\WirelessCommon\;C:\Program Files (x86)\PharosSystems\Core;c:\Program Files (x86)\Microsoft SQL Server\110\Tools\Binn\;c:\Program Files\Microsoft SQL Server\110\Tools\Binn\;c:\Program Files\Microsoft SQL Server\110\DTS\Binn\;C:\Program Files\nodejs\;C:\Program Files\Microsoft SQL Server\120\Tools\Binn\;C:\Program Files (x86)\Skype\Phone\;C:\Users\Harry\AppData\Roaming\npm;C:\Program Files\Intel\WiFi\bin\;C:\Program Files\Common Files\Intel\WirelessCommon\;C:\Users\Harry\AppData\Roaming\npm
USERNAME=Harry
OS=Windows_NT
PROCESSOR_IDENTIFIER=Intel64 Family 6 Model 69 Stepping 1, GenuineIntel



---------------  S Y S T E M  ---------------

OS: Windows 10.0 , 64 bit Build 10240 (10.0.10240.16384)

CPU:total 4 (2 cores per cpu, 2 threads per core) family 6 model 69 stepping 1, cmov, cx8, fxsr, mmx, sse, sse2, sse3, ssse3, sse4.1, sse4.2, popcnt, avx, avx2, aes, clmul, erms, lzcnt, ht, tsc, tscinvbit, bmi1, bmi2

Memory: 4k page, physical 4098948k(296524k free), swap 8803752k(5304k free)

vm_info: Java HotSpot(TM) 64-Bit Server VM (25.60-b23) for windows-amd64 JRE (1.8.0_60-b27), built on Aug  4 2015 11:06:27 by "java_re" with MS VC++ 10.0 (VS2010)

time: Wed Apr 20 11:26:00 2016
elapsed time: 1 seconds (0d 0h 0m 1s)

