#
# There is insufficient memory for the Java Runtime Environment to continue.
# Native memory allocation (malloc) failed to allocate 1379072 bytes for Chunk::new
# Possible reasons:
#   The system is out of physical RAM or swap space
#   In 32 bit mode, the process size limit was hit
# Possible solutions:
#   Reduce memory load on the system
#   Increase physical memory or swap space
#   Check if swap backing store is full
#   Use 64 bit Java on a 64 bit OS
#   Decrease Java heap size (-Xmx/-Xms)
#   Decrease number of Java threads
#   Decrease Java thread stack sizes (-Xss)
#   Set larger code cache with -XX:ReservedCodeCacheSize=
# This output file may be truncated or incomplete.
#
#  Out of Memory Error (allocation.cpp:390), pid=2428, tid=9236
#
# JRE version: Java(TM) SE Runtime Environment (8.0_60-b27) (build 1.8.0_60-b27)
# Java VM: Java HotSpot(TM) 64-Bit Server VM (25.60-b23 mixed mode windows-amd64 compressed oops)
# Failed to write core dump. Minidumps are not enabled by default on client versions of Windows
#

---------------  T H R E A D  ---------------

Current thread (0x0000000014e71000):  JavaThread "C2 CompilerThread1" daemon [_thread_in_native, id=9236, stack(0x00000000165a0000,0x00000000166a0000)]

Stack: [0x00000000165a0000,0x00000000166a0000]
[error occurred during error reporting (printing stack bounds), id 0xc0000005]

Native frames: (J=compiled Java code, j=interpreted, Vv=VM code, C=native code)


Current CompileTask:
C2:  29631 2305       4       com.android.dx.cf.code.Simulator$SimVisitor::visitConstant (332 bytes)


---------------  P R O C E S S  ---------------

Java Threads: ( => current thread )
  0x0000000017219800 JavaThread "pool-1-thread-1" [_thread_blocked, id=16908, stack(0x00000000175a0000,0x00000000176a0000)]
  0x00000000167d0800 JavaThread "Service Thread" daemon [_thread_blocked, id=10704, stack(0x0000000016ba0000,0x0000000016ca0000)]
  0x0000000014e78000 JavaThread "C1 CompilerThread2" daemon [_thread_blocked, id=16464, stack(0x00000000166a0000,0x00000000167a0000)]
=>0x0000000014e71000 JavaThread "C2 CompilerThread1" daemon [_thread_in_native, id=9236, stack(0x00000000165a0000,0x00000000166a0000)]
  0x0000000014e6b800 JavaThread "C2 CompilerThread0" daemon [_thread_blocked, id=19272, stack(0x00000000164a0000,0x00000000165a0000)]
  0x0000000014e69800 JavaThread "Attach Listener" daemon [_thread_blocked, id=12960, stack(0x00000000163a0000,0x00000000164a0000)]
  0x0000000014e68000 JavaThread "Signal Dispatcher" daemon [_thread_blocked, id=18440, stack(0x00000000162a0000,0x00000000163a0000)]
  0x0000000002796800 JavaThread "Finalizer" daemon [_thread_blocked, id=9028, stack(0x00000000160c0000,0x00000000161c0000)]
  0x000000000278e000 JavaThread "Reference Handler" daemon [_thread_blocked, id=16812, stack(0x0000000015fc0000,0x00000000160c0000)]
  0x000000000252d800 JavaThread "main" [_thread_blocked, id=15192, stack(0x00000000025a0000,0x00000000026a0000)]

Other Threads:
  0x0000000014e37800 VMThread [stack: 0x0000000015ec0000,0x0000000015fc0000] [id=13328]
  0x000000001680d000 WatcherThread [stack: 0x0000000016ca0000,0x0000000016da0000] [id=3020]

VM state:at safepoint (normal execution)

VM Mutex/Monitor currently owned by a thread:  ([mutex/lock_event])
[0x000000000252d0f0] Threads_lock - owner thread: 0x0000000014e37800
[0x000000000252c6f0] Heap_lock - owner thread: 0x0000000017219800

Heap:
 PSYoungGen      total 139776K, used 123904K [0x00000000eab00000, 0x00000000f4f00000, 0x0000000100000000)
  eden space 123904K, 100% used [0x00000000eab00000,0x00000000f2400000,0x00000000f2400000)
  from space 15872K, 0% used [0x00000000f3780000,0x00000000f3780000,0x00000000f4700000)
  to   space 19968K, 0% used [0x00000000f2400000,0x00000000f2400000,0x00000000f3780000)
 ParOldGen       total 52736K, used 52523K [0x00000000c0000000, 0x00000000c3380000, 0x00000000eab00000)
  object space 52736K, 99% used [0x00000000c0000000,0x00000000c334ae08,0x00000000c3380000)
 Metaspace       used 6901K, capacity 7608K, committed 7936K, reserved 1056768K
  class space    used 643K, capacity 688K, committed 768K, reserved 1048576K

Card table byte_map: [0x0000000011b60000,0x0000000011d70000] byte_map_base: 0x0000000011560000

Marking Bits: (ParMarkBitMap*) 0x000000007329a5b0
 Begin Bits: [0x00000000122d0000, 0x00000000132d0000)
 End Bits:   [0x00000000132d0000, 0x00000000142d0000)

Polling page: 0x0000000002510000

CodeCache: size=245760Kb used=10895Kb max_used=10895Kb free=234864Kb
 bounds [0x00000000027a0000, 0x0000000003250000, 0x00000000117a0000]
 total_blobs=2909 nmethods=2639 adapters=182
 compilation: enabled

Compilation events (10 events):
Event: 29.332 Thread 0x0000000014e78000 2708       2       com.android.dx.dex.code.form.Form22b::isCompatible (103 bytes)
Event: 29.333 Thread 0x0000000014e78000 nmethod 2708 0x00000000032495d0 code [0x0000000003249780, 0x0000000003249b98]
Event: 29.333 Thread 0x0000000014e78000 2709       2       com.android.dx.dex.code.form.Form22t::branchFits (22 bytes)
Event: 29.334 Thread 0x0000000014e78000 nmethod 2709 0x0000000003249e90 code [0x000000000324a020, 0x000000000324a318]
Event: 29.336 Thread 0x0000000014e78000 2710       2       java.util.TreeMap::put (247 bytes)
Event: 29.337 Thread 0x0000000014e78000 nmethod 2710 0x000000000324a550 code [0x000000000324a740, 0x000000000324ae98]
Event: 29.350 Thread 0x0000000014e78000 2711       2       java.lang.Integer::valueOf (32 bytes)
Event: 29.351 Thread 0x0000000014e78000 nmethod 2711 0x000000000324b2d0 code [0x000000000324b440, 0x000000000324b610]
Event: 29.351 Thread 0x0000000014e78000 2712       2       com.android.dx.util.ByteArrayAnnotatedOutput::writeByte (51 bytes)
Event: 29.351 Thread 0x0000000014e78000 nmethod 2712 0x000000000324b710 code [0x000000000324b880, 0x000000000324bb18]

GC Heap History (10 events):
Event: 19.716 GC heap after
Heap after GC invocations=26 (full 16):
 PSYoungGen      total 139776K, used 113214K [0x00000000eab00000, 0x00000000f4f00000, 0x0000000100000000)
  eden space 123904K, 91% used [0x00000000eab00000,0x00000000f198fb18,0x00000000f2400000)
  from space 15872K, 0% used [0x00000000f3780000,0x00000000f3780000,0x00000000f4700000)
  to   space 19968K, 0% used [0x00000000f2400000,0x00000000f2400000,0x00000000f3780000)
 ParOldGen       total 52736K, used 52480K [0x00000000c0000000, 0x00000000c3380000, 0x00000000eab00000)
  object space 52736K, 99% used [0x00000000c0000000,0x00000000c33400c0,0x00000000c3380000)
 Metaspace       used 6594K, capacity 7320K, committed 7680K, reserved 1056768K
  class space    used 625K, capacity 656K, committed 768K, reserved 1048576K
}
Event: 19.756 GC heap before
{Heap before GC invocations=27 (full 17):
 PSYoungGen      total 139776K, used 123904K [0x00000000eab00000, 0x00000000f4f00000, 0x0000000100000000)
  eden space 123904K, 100% used [0x00000000eab00000,0x00000000f2400000,0x00000000f2400000)
  from space 15872K, 0% used [0x00000000f3780000,0x00000000f3780000,0x00000000f4700000)
  to   space 19968K, 0% used [0x00000000f2400000,0x00000000f2400000,0x00000000f3780000)
 ParOldGen       total 52736K, used 52480K [0x00000000c0000000, 0x00000000c3380000, 0x00000000eab00000)
  object space 52736K, 99% used [0x00000000c0000000,0x00000000c33400c0,0x00000000c3380000)
 Metaspace       used 6594K, capacity 7320K, committed 7680K, reserved 1056768K
  class space    used 625K, capacity 656K, committed 768K, reserved 1048576K
Event: 20.223 GC heap after
Heap after GC invocations=27 (full 17):
 PSYoungGen      total 139776K, used 114622K [0x00000000eab00000, 0x00000000f4f00000, 0x0000000100000000)
  eden space 123904K, 92% used [0x00000000eab00000,0x00000000f1aefb18,0x00000000f2400000)
  from space 15872K, 0% used [0x00000000f3780000,0x00000000f3780000,0x00000000f4700000)
  to   space 19968K, 0% used [0x00000000f2400000,0x00000000f2400000,0x00000000f3780000)
 ParOldGen       total 52736K, used 52480K [0x00000000c0000000, 0x00000000c3380000, 0x00000000eab00000)
  object space 52736K, 99% used [0x00000000c0000000,0x00000000c33400c0,0x00000000c3380000)
 Metaspace       used 6594K, capacity 7320K, committed 7680K, reserved 1056768K
  class space    used 625K, capacity 656K, committed 768K, reserved 1048576K
}
Event: 20.284 GC heap before
{Heap before GC invocations=28 (full 18):
 PSYoungGen      total 139776K, used 123904K [0x00000000eab00000, 0x00000000f4f00000, 0x0000000100000000)
  eden space 123904K, 100% used [0x00000000eab00000,0x00000000f2400000,0x00000000f2400000)
  from space 15872K, 0% used [0x00000000f3780000,0x00000000f3780000,0x00000000f4700000)
  to   space 19968K, 0% used [0x00000000f2400000,0x00000000f2400000,0x00000000f3780000)
 ParOldGen       total 52736K, used 52480K [0x00000000c0000000, 0x00000000c3380000, 0x00000000eab00000)
  object space 52736K, 99% used [0x00000000c0000000,0x00000000c33400c0,0x00000000c3380000)
 Metaspace       used 6601K, capacity 7320K, committed 7680K, reserved 1056768K
  class space    used 626K, capacity 656K, committed 768K, reserved 1048576K
Event: 22.057 GC heap after
Heap after GC invocations=28 (full 18):
 PSYoungGen      total 139776K, used 115467K [0x00000000eab00000, 0x00000000f4f00000, 0x0000000100000000)
  eden space 123904K, 93% used [0x00000000eab00000,0x00000000f1bc2cd8,0x00000000f2400000)
  from space 15872K, 0% used [0x00000000f3780000,0x00000000f3780000,0x00000000f4700000)
  to   space 19968K, 0% used [0x00000000f2400000,0x00000000f2400000,0x00000000f3780000)
 ParOldGen       total 52736K, used 52406K [0x00000000c0000000, 0x00000000c3380000, 0x00000000eab00000)
  object space 52736K, 99% used [0x00000000c0000000,0x00000000c332d940,0x00000000c3380000)
 Metaspace       used 6601K, capacity 7320K, committed 7680K, reserved 1056768K
  class space    used 626K, capacity 656K, committed 768K, reserved 1048576K
}
Event: 22.395 GC heap before
{Heap before GC invocations=29 (full 19):
 PSYoungGen      total 139776K, used 123904K [0x00000000eab00000, 0x00000000f4f00000, 0x0000000100000000)
  eden space 123904K, 100% used [0x00000000eab00000,0x00000000f2400000,0x00000000f2400000)
  from space 15872K, 0% used [0x00000000f3780000,0x00000000f3780000,0x00000000f4700000)
  to   space 19968K, 0% used [0x00000000f2400000,0x00000000f2400000,0x00000000f3780000)
 ParOldGen       total 52736K, used 52406K [0x00000000c0000000, 0x00000000c3380000, 0x00000000eab00000)
  object space 52736K, 99% used [0x00000000c0000000,0x00000000c332d940,0x00000000c3380000)
 Metaspace       used 6689K, capacity 7384K, committed 7680K, reserved 1056768K
  class space    used 630K, capacity 656K, committed 768K, reserved 1048576K
Event: 25.283 GC heap after
Heap after GC invocations=29 (full 19):
 PSYoungGen      total 139776K, used 115311K [0x00000000eab00000, 0x00000000f4f00000, 0x0000000100000000)
  eden space 123904K, 93% used [0x00000000eab00000,0x00000000f1b9be18,0x00000000f2400000)
  from space 15872K, 0% used [0x00000000f3780000,0x00000000f3780000,0x00000000f4700000)
  to   space 19968K, 0% used [0x00000000f2400000,0x00000000f2400000,0x00000000f3780000)
 ParOldGen       total 52736K, used 52560K [0x00000000c0000000, 0x00000000c3380000, 0x00000000eab00000)
  object space 52736K, 99% used [0x00000000c0000000,0x00000000c33542f8,0x00000000c3380000)
 Metaspace       used 6689K, capacity 7384K, committed 7680K, reserved 1056768K
  class space    used 630K, capacity 656K, committed 768K, reserved 1048576K
}
Event: 25.729 GC heap before
{Heap before GC invocations=30 (full 20):
 PSYoungGen      total 139776K, used 123904K [0x00000000eab00000, 0x00000000f4f00000, 0x0000000100000000)
  eden space 123904K, 100% used [0x00000000eab00000,0x00000000f2400000,0x00000000f2400000)
  from space 15872K, 0% used [0x00000000f3780000,0x00000000f3780000,0x00000000f4700000)
  to   space 19968K, 0% used [0x00000000f2400000,0x00000000f2400000,0x00000000f3780000)
 ParOldGen       total 52736K, used 52560K [0x00000000c0000000, 0x00000000c3380000, 0x00000000eab00000)
  object space 52736K, 99% used [0x00000000c0000000,0x00000000c33542f8,0x00000000c3380000)
 Metaspace       used 6706K, capacity 7384K, committed 7680K, reserved 1056768K
  class space    used 631K, capacity 656K, committed 768K, reserved 1048576K
Event: 29.028 GC heap after
Heap after GC invocations=30 (full 20):
 PSYoungGen      total 139776K, used 116841K [0x00000000eab00000, 0x00000000f4f00000, 0x0000000100000000)
  eden space 123904K, 94% used [0x00000000eab00000,0x00000000f1d1a4c0,0x00000000f2400000)
  from space 15872K, 0% used [0x00000000f3780000,0x00000000f3780000,0x00000000f4700000)
  to   space 19968K, 0% used [0x00000000f2400000,0x00000000f2400000,0x00000000f3780000)
 ParOldGen       total 52736K, used 52523K [0x00000000c0000000, 0x00000000c3380000, 0x00000000eab00000)
  object space 52736K, 99% used [0x00000000c0000000,0x00000000c334ae08,0x00000000c3380000)
 Metaspace       used 6706K, capacity 7384K, committed 7680K, reserved 1056768K
  class space    used 631K, capacity 656K, committed 768K, reserved 1048576K
}
Event: 29.368 GC heap before
{Heap before GC invocations=31 (full 21):
 PSYoungGen      total 139776K, used 123904K [0x00000000eab00000, 0x00000000f4f00000, 0x0000000100000000)
  eden space 123904K, 100% used [0x00000000eab00000,0x00000000f2400000,0x00000000f2400000)
  from space 15872K, 0% used [0x00000000f3780000,0x00000000f3780000,0x00000000f4700000)
  to   space 19968K, 0% used [0x00000000f2400000,0x00000000f2400000,0x00000000f3780000)
 ParOldGen       total 52736K, used 52523K [0x00000000c0000000, 0x00000000c3380000, 0x00000000eab00000)
  object space 52736K, 99% used [0x00000000c0000000,0x00000000c334ae08,0x00000000c3380000)
 Metaspace       used 6901K, capacity 7608K, committed 7936K, reserved 1056768K
  class space    used 643K, capacity 688K, committed 768K, reserved 1048576K

Deoptimization events (10 events):
Event: 22.230 Thread 0x0000000017219800 Uncommon trap: reason=unstable_if action=reinterpret pc=0x000000000316b530 method=java.util.HashMap.putVal(ILjava/lang/Object;Ljava/lang/Object;ZZ)Ljava/lang/Object; @ 206
Event: 29.164 Thread 0x0000000017219800 Uncommon trap: reason=speculate_class_check action=maybe_recompile pc=0x0000000002b67020 method=com.android.dx.util.FixedSizeList.equals(Ljava/lang/Object;)Z @ 25
Event: 29.164 Thread 0x0000000017219800 Uncommon trap: reason=class_check action=maybe_recompile pc=0x0000000002b62150 method=java.util.Arrays.equals([Ljava/lang/Object;[Ljava/lang/Object;)Z @ 62
Event: 29.164 Thread 0x0000000017219800 Uncommon trap: reason=speculate_class_check action=maybe_recompile pc=0x0000000002b67020 method=com.android.dx.util.FixedSizeList.equals(Ljava/lang/Object;)Z @ 25
Event: 29.164 Thread 0x0000000017219800 Uncommon trap: reason=class_check action=maybe_recompile pc=0x0000000002b62150 method=java.util.Arrays.equals([Ljava/lang/Object;[Ljava/lang/Object;)Z @ 62
Event: 29.164 Thread 0x0000000017219800 Uncommon trap: reason=speculate_class_check action=maybe_recompile pc=0x0000000002b67020 method=com.android.dx.util.FixedSizeList.equals(Ljava/lang/Object;)Z @ 25
Event: 29.164 Thread 0x0000000017219800 Uncommon trap: reason=class_check action=maybe_recompile pc=0x0000000002b62150 method=java.util.Arrays.equals([Ljava/lang/Object;[Ljava/lang/Object;)Z @ 62
Event: 29.164 Thread 0x0000000017219800 Uncommon trap: reason=speculate_class_check action=maybe_recompile pc=0x0000000002b67020 method=com.android.dx.util.FixedSizeList.equals(Ljava/lang/Object;)Z @ 25
Event: 29.164 Thread 0x0000000017219800 Uncommon trap: reason=class_check action=maybe_recompile pc=0x0000000002b62150 method=java.util.Arrays.equals([Ljava/lang/Object;[Ljava/lang/Object;)Z @ 62
Event: 29.165 Thread 0x0000000017219800 Uncommon trap: reason=unstable_if action=reinterpret pc=0x0000000002fd552c method=java.util.TreeMap.put(Ljava/lang/Object;Ljava/lang/Object;)Ljava/lang/Object; @ 163

Internal exceptions (8 events):
Event: 0.033 Thread 0x000000000252d800 Exception <a 'java/lang/NoSuchMethodError': Method sun.misc.Unsafe.defineClass(Ljava/lang/String;[BII)Ljava/lang/Class; name or signature does not match> (0x00000000eab0dcf0) thrown at [C:\re\workspace\8-2-build-windows-amd64-cygwin\jdk8u60\4407\hotspot\srQõù}Ü°?
Event: 0.033 Thread 0x000000000252d800 Exception <a 'java/lang/NoSuchMethodError': Method sun.misc.Unsafe.prefetchRead(Ljava/lang/Object;J)V name or signature does not match> (0x00000000eab0dfd8) thrown at [C:\re\workspace\8-2-build-windows-amd64-cygwin\jdk8u60\4407\hotspot\src\share\vm\prims\jÏﬂÂp˜?
Event: 1.439 Thread 0x000000001721f800 Implicit null exception at 0x0000000002af4de9 to 0x0000000002af723d
Event: 1.871 Thread 0x000000001721e800 Exception <a 'java/lang/ArrayIndexOutOfBoundsException': 18> (0x00000000ead45628) thrown at [C:\re\workspace\8-2-build-windows-amd64-cygwin\jdk8u60\4407\hotspot\src\share\vm\interpreter\interpreterRuntime.cpp, line 366]
Event: 1.871 Thread 0x000000001721e800 Exception <a 'java/lang/ArrayIndexOutOfBoundsException': 145> (0x00000000ead471a8) thrown at [C:\re\workspace\8-2-build-windows-amd64-cygwin\jdk8u60\4407\hotspot\src\share\vm\interpreter\interpreterRuntime.cpp, line 366]
Event: 1.874 Thread 0x000000001721e800 Exception <a 'java/lang/ArrayIndexOutOfBoundsException'> (0x00000000ead48490) thrown at [C:\re\workspace\8-2-build-windows-amd64-cygwin\jdk8u60\4407\hotspot\src\share\vm\runtime\sharedRuntime.cpp, line 605]
Event: 6.249 Thread 0x0000000016b76000 Implicit null exception at 0x0000000002de74c6 to 0x0000000002de8d9d
Event: 13.889 Thread 0x0000000017218800 Implicit null exception at 0x0000000002fd9264 to 0x0000000002fda361

Events (10 events):
Event: 29.252 Thread 0x0000000017219800 DEOPT UNPACKING pc=0x00000000027e787f sp=0x000000001769ea98 mode 0
Event: 29.252 Thread 0x0000000017219800 DEOPT PACKING pc=0x00000000031ef5d9 sp=0x000000001769ecd0
Event: 29.252 Thread 0x0000000017219800 DEOPT UNPACKING pc=0x00000000027e787f sp=0x000000001769ea98 mode 0
Event: 29.258 Thread 0x0000000017219800 DEOPT PACKING pc=0x00000000031f9211 sp=0x000000001769ed00
Event: 29.258 Thread 0x0000000017219800 DEOPT UNPACKING pc=0x00000000027e787f sp=0x000000001769ea88 mode 0
Event: 29.277 Thread 0x0000000017219800 DEOPT PACKING pc=0x00000000031e0722 sp=0x000000001769eb60
Event: 29.277 Thread 0x0000000017219800 DEOPT UNPACKING pc=0x00000000027e787f sp=0x000000001769e8e0 mode 0
Event: 29.279 Thread 0x0000000017219800 DEOPT PACKING pc=0x000000000320d463 sp=0x000000001769edf0
Event: 29.279 Thread 0x0000000017219800 DEOPT UNPACKING pc=0x00000000027e787f sp=0x000000001769eb60 mode 0
Event: 29.368 Executing VM operation: ParallelGCFailedAllocation


Dynamic libraries:
0x00007ff694da0000 - 0x00007ff694dd7000 	C:\Program Files\Java\jdk1.8.0_60\bin\java.exe
0x00007ffd16590000 - 0x00007ffd16751000 	C:\WINDOWS\SYSTEM32\ntdll.dll
0x00007ffd14290000 - 0x00007ffd1433d000 	C:\WINDOWS\system32\KERNEL32.DLL
0x00007ffd13a80000 - 0x00007ffd13c5d000 	C:\WINDOWS\system32\KERNELBASE.dll
0x00007ffd13f00000 - 0x00007ffd13fa6000 	C:\WINDOWS\system32\ADVAPI32.dll
0x00007ffd143f0000 - 0x00007ffd1448d000 	C:\WINDOWS\system32\msvcrt.dll
0x00007ffd14090000 - 0x00007ffd140eb000 	C:\WINDOWS\system32\sechost.dll
0x00007ffd16460000 - 0x00007ffd16586000 	C:\WINDOWS\system32\RPCRT4.dll
0x00007ffd14b50000 - 0x00007ffd14c9e000 	C:\WINDOWS\system32\USER32.dll
0x00007ffd140f0000 - 0x00007ffd14276000 	C:\WINDOWS\system32\GDI32.dll
0x00007ffd072e0000 - 0x00007ffd07554000 	C:\WINDOWS\WinSxS\amd64_microsoft.windows.common-controls_6595b64144ccf1df_6.0.10240.16384_none_f41f7b285750ef43\COMCTL32.dll
0x00007ffd14340000 - 0x00007ffd14376000 	C:\WINDOWS\system32\IMM32.DLL
0x00007ffd14730000 - 0x00007ffd1488c000 	C:\WINDOWS\system32\MSCTF.dll
0x00000000726a0000 - 0x0000000072772000 	C:\Program Files\Java\jdk1.8.0_60\jre\bin\msvcr100.dll
0x0000000072a90000 - 0x0000000073319000 	C:\Program Files\Java\jdk1.8.0_60\jre\bin\server\jvm.dll
0x00007ffd14280000 - 0x00007ffd14288000 	C:\WINDOWS\system32\PSAPI.DLL
0x00007ffd08870000 - 0x00007ffd0887a000 	C:\WINDOWS\SYSTEM32\VERSION.dll
0x00007ffd06650000 - 0x00007ffd06659000 	C:\WINDOWS\SYSTEM32\WSOCK32.dll
0x00007ffd11570000 - 0x00007ffd11593000 	C:\WINDOWS\SYSTEM32\WINMM.dll
0x00007ffd14380000 - 0x00007ffd143e9000 	C:\WINDOWS\system32\WS2_32.dll
0x00007ffd162f0000 - 0x00007ffd162f8000 	C:\WINDOWS\system32\NSI.dll
0x00000000024e0000 - 0x000000000250c000 	C:\WINDOWS\SYSTEM32\WINMMBASE.dll
0x00007ffd13110000 - 0x00007ffd13154000 	C:\WINDOWS\system32\cfgmgr32.dll
0x00007ffd11950000 - 0x00007ffd11977000 	C:\WINDOWS\SYSTEM32\DEVOBJ.dll
0x0000000073bd0000 - 0x0000000073bdf000 	C:\Program Files\Java\jdk1.8.0_60\jre\bin\verify.dll
0x0000000073ba0000 - 0x0000000073bc9000 	C:\Program Files\Java\jdk1.8.0_60\jre\bin\java.dll
0x0000000073b80000 - 0x0000000073b96000 	C:\Program Files\Java\jdk1.8.0_60\jre\bin\zip.dll
0x00007ffd14ca0000 - 0x00007ffd161c2000 	C:\WINDOWS\system32\SHELL32.dll
0x00007ffd13450000 - 0x00007ffd13a78000 	C:\WINDOWS\system32\windows.storage.dll
0x00007ffd13c60000 - 0x00007ffd13edc000 	C:\WINDOWS\system32\combase.dll
0x00007ffd14660000 - 0x00007ffd146b1000 	C:\WINDOWS\system32\shlwapi.dll
0x00007ffd13050000 - 0x00007ffd1305f000 	C:\WINDOWS\system32\kernel.appcore.dll
0x00007ffd13330000 - 0x00007ffd133e3000 	C:\WINDOWS\system32\shcore.dll
0x00007ffd13000000 - 0x00007ffd1304a000 	C:\WINDOWS\system32\powrprof.dll
0x00007ffd12fe0000 - 0x00007ffd12ff3000 	C:\WINDOWS\system32\profapi.dll

VM Arguments:
jvm_args: -Djava.awt.headless=true -Xmx1024M -Dfile.encoding=windows-1252 -Duser.country=US -Duser.language=en -Duser.variant 
java_command: com.android.dx.command.Main --dex --num-threads=4 --multi-dex --main-dex-list C:\Users\Harry\Documents\GitHub\Ecocar\app\build\intermediates\multi-dex\debug\maindexlist.txt --output C:\Users\Harry\Documents\GitHub\Ecocar\app\build\intermediates\transforms\dex\debug\folders\1000\1f\main C:\Users\Harry\Documents\GitHub\Ecocar\app\build\intermediates\transforms\jarMerging\debug\jars\1\1f\combined.jar
java_class_path (initial): C:\Users\Harry\AppData\Local\Android\sdk\build-tools\23.0.2\lib\dx.jar
Launcher Type: SUN_STANDARD

Environment Variables:
PATH=C:\Program Files (x86)\Razer Chroma SDK\bin;C:\Program Files\Razer Chroma SDK\bin;C:\ProgramData\Oracle\Java\javapath;C:\Program Files (x86)\NVIDIA Corporation\PhysX\Common;C:\Program Files (x86)\Intel\iCLS Client\;C:\Program Files\Intel\iCLS Client\;C:\WINDOWS\system32;C:\WINDOWS;C:\WINDOWS\System32\Wbem;C:\WINDOWS\System32\WindowsPowerShell\v1.0\;C:\Program Files (x86)\Intel\OpenCL SDK\3.0\bin\x86;C:\Program Files (x86)\Intel\OpenCL SDK\3.0\bin\x64;C:\Program Files\Intel\Intel(R) Management Engine Components\DAL;C:\Program Files\Intel\Intel(R) Management Engine Components\IPT;C:\Program Files (x86)\Intel\Intel(R) Management Engine Components\DAL;C:\Program Files (x86)\Intel\Intel(R) Management Engine Components\IPT;C:\Program Files\Sony\VAIO Improvement;C:\Program Files (x86)\Sony\VAIO BIOS Data Transfer Utility\;C:\Program Files (x86)\Sony\VAIO Startup Setting Tool;C:\Program Files (x86)\Windows Live\Shared;C:\Program Files\Intel\WiFi\bin\;C:\Program Files\Common Files\Intel\WirelessCommon\;C:\Program Files (x86)\PharosSystems\Core;c:\Program Files (x86)\Microsoft SQL Server\110\Tools\Binn\;c:\Program Files\Microsoft SQL Server\110\Tools\Binn\;c:\Program Files\Microsoft SQL Server\110\DTS\Binn\;C:\Program Files\nodejs\;C:\Program Files\Microsoft SQL Server\120\Tools\Binn\;C:\Program Files (x86)\Skype\Phone\;C:\Users\Harry\AppData\Roaming\npm;C:\Program Files\Intel\WiFi\bin\;C:\Program Files\Common Files\Intel\WirelessCommon\;C:\Users\Harry\AppData\Roaming\npm
USERNAME=Harry
OS=Windows_NT
PROCESSOR_IDENTIFIER=Intel64 Family 6 Model 69 Stepping 1, GenuineIntel



---------------  S Y S T E M  ---------------

OS: Windows 10.0 , 64 bit Build 10240 (10.0.10240.16384)

CPU:total 4 (2 cores per cpu, 2 threads per core) family 6 model 69 stepping 1, cmov, cx8, fxsr, mmx, sse, sse2, sse3, ssse3, sse4.1, sse4.2, popcnt, avx, avx2, aes, clmul, erms, lzcnt, ht, tsc, tscinvbit, bmi1, bmi2

Memory: 4k page, physical 4098948k(486620k free), swap 8803752k(5668k free)

vm_info: Java HotSpot(TM) 64-Bit Server VM (25.60-b23) for windows-amd64 JRE (1.8.0_60-b27), built on Aug  4 2015 11:06:27 by "java_re" with MS VC++ 10.0 (VS2010)

time: Wed Apr 20 11:20:03 2016
elapsed time: 29 seconds (0d 0h 0m 29s)

