#
# There is insufficient memory for the Java Runtime Environment to continue.
# Native memory allocation (malloc) failed to allocate 953584 bytes for Chunk::new
# Possible reasons:
#   The system is out of physical RAM or swap space
#   In 32 bit mode, the process size limit was hit
# Possible solutions:
#   Reduce memory load on the system
#   Increase physical memory or swap space
#   Check if swap backing store is full
#   Use 64 bit Java on a 64 bit OS
#   Decrease Java heap size (-Xmx/-Xms)
#   Decrease number of Java threads
#   Decrease Java thread stack sizes (-Xss)
#   Set larger code cache with -XX:ReservedCodeCacheSize=
# This output file may be truncated or incomplete.
#
#  Out of Memory Error (allocation.cpp:390), pid=6532, tid=12228
#
# JRE version: Java(TM) SE Runtime Environment (8.0_60-b27) (build 1.8.0_60-b27)
# Java VM: Java HotSpot(TM) 64-Bit Server VM (25.60-b23 mixed mode windows-amd64 compressed oops)
# Failed to write core dump. Minidumps are not enabled by default on client versions of Windows
#

---------------  T H R E A D  ---------------

Current thread (0x0000000015627000):  JavaThread "C2 CompilerThread1" daemon [_thread_in_native, id=12228, stack(0x0000000016d10000,0x0000000016e10000)]

Stack: [0x0000000016d10000,0x0000000016e10000]
[error occurred during error reporting (printing stack bounds), id 0xc0000005]

Native frames: (J=compiled Java code, j=interpreted, Vv=VM code, C=native code)


Current CompileTask:
C2:  14679 1988       4       com.android.dx.ssa.SsaRenamer$BlockRenamer::process (191 bytes)


---------------  P R O C E S S  ---------------

Java Threads: ( => current thread )
  0x00000000171cb000 JavaThread "pool-2-thread-4" [_thread_blocked, id=17624, stack(0x0000000018110000,0x0000000018210000)]
  0x00000000171ca000 JavaThread "pool-2-thread-3" [_thread_in_Java, id=8324, stack(0x0000000018010000,0x0000000018110000)]
  0x00000000171c9000 JavaThread "pool-2-thread-2" [_thread_in_Java, id=15044, stack(0x0000000017f10000,0x0000000018010000)]
  0x00000000172cd000 JavaThread "pool-3-thread-1" [_thread_blocked, id=10920, stack(0x0000000017e10000,0x0000000017f10000)]
  0x00000000171a4000 JavaThread "pool-2-thread-1" [_thread_blocked, id=12624, stack(0x0000000017d10000,0x0000000017e10000)]
  0x0000000016f16000 JavaThread "Service Thread" daemon [_thread_blocked, id=6500, stack(0x0000000017310000,0x0000000017410000)]
  0x000000001562d000 JavaThread "C1 CompilerThread2" daemon [_thread_blocked, id=15388, stack(0x0000000016e10000,0x0000000016f10000)]
=>0x0000000015627000 JavaThread "C2 CompilerThread1" daemon [_thread_in_native, id=12228, stack(0x0000000016d10000,0x0000000016e10000)]
  0x00000000155cb800 JavaThread "C2 CompilerThread0" daemon [_thread_in_native, id=3968, stack(0x0000000016c10000,0x0000000016d10000)]
  0x00000000155c9800 JavaThread "Attach Listener" daemon [_thread_blocked, id=13708, stack(0x0000000016b10000,0x0000000016c10000)]
  0x00000000155c8000 JavaThread "Signal Dispatcher" daemon [_thread_blocked, id=6732, stack(0x0000000016a10000,0x0000000016b10000)]
  0x0000000002ef6800 JavaThread "Finalizer" daemon [_thread_blocked, id=4516, stack(0x0000000016830000,0x0000000016930000)]
  0x0000000002eee000 JavaThread "Reference Handler" daemon [_thread_blocked, id=10944, stack(0x0000000016730000,0x0000000016830000)]
  0x0000000002b9d800 JavaThread "main" [_thread_blocked, id=14744, stack(0x0000000002c00000,0x0000000002d00000)]

Other Threads:
  0x0000000015597800 VMThread [stack: 0x0000000016630000,0x0000000016730000] [id=5500]
  0x0000000016f2c000 WatcherThread [stack: 0x0000000017410000,0x0000000017510000] [id=13744]

VM state:not at safepoint (normal execution)

VM Mutex/Monitor currently owned by a thread: None

Heap:
 PSYoungGen      total 146432K, used 24117K [0x00000000eab00000, 0x00000000fde00000, 0x0000000100000000)
  eden space 128512K, 12% used [0x00000000eab00000,0x00000000ebb17df0,0x00000000f2880000)
  from space 17920K, 42% used [0x00000000f2880000,0x00000000f2ff5990,0x00000000f3a00000)
  to   space 28672K, 0% used [0x00000000fc200000,0x00000000fc200000,0x00000000fde00000)
 ParOldGen       total 44032K, used 43735K [0x00000000c0000000, 0x00000000c2b00000, 0x00000000eab00000)
  object space 44032K, 99% used [0x00000000c0000000,0x00000000c2ab5dd8,0x00000000c2b00000)
 Metaspace       used 6520K, capacity 7256K, committed 7424K, reserved 1056768K
  class space    used 623K, capacity 656K, committed 768K, reserved 1048576K

Card table byte_map: [0x00000000122c0000,0x00000000124d0000] byte_map_base: 0x0000000011cc0000

Marking Bits: (ParMarkBitMap*) 0x000000007329a5b0
 Begin Bits: [0x0000000012a30000, 0x0000000013a30000)
 End Bits:   [0x0000000013a30000, 0x0000000014a30000)

Polling page: 0x0000000002b70000

CodeCache: size=245760Kb used=8932Kb max_used=8932Kb free=236827Kb
 bounds [0x0000000002f00000, 0x00000000037d0000, 0x0000000011f00000]
 total_blobs=2287 nmethods=2017 adapters=182
 compilation: enabled

Compilation events (10 events):
Event: 14.485 Thread 0x000000001562d000 2095       2       com.android.dx.ssa.back.FirstFitLocalCombiningAllocator::markReserved (13 bytes)
Event: 14.485 Thread 0x000000001562d000 nmethod 2095 0x000000000378ff50 code [0x00000000037900c0, 0x0000000003790248]
Event: 14.485 Thread 0x000000001562d000 2096       2       java.util.BitSet::set (20 bytes)
Event: 14.486 Thread 0x000000001562d000 nmethod 2096 0x000000000378fb90 code [0x000000000378fd00, 0x000000000378fe98]
Event: 14.519 Thread 0x000000001562d000 2098       2       java.util.zip.ZipFile$ZipFileInflaterInputStream::finalize (5 bytes)
Event: 14.520 Thread 0x000000001562d000 nmethod 2098 0x000000000378f810 code [0x000000000378f980, 0x000000000378fae8]
Event: 14.520 Thread 0x000000001562d000 2099       2       java.util.zip.ZipFile$ZipFileInputStream::finalize (5 bytes)
Event: 14.520 Thread 0x000000001562d000 nmethod 2099 0x000000000378f490 code [0x000000000378f600, 0x000000000378f768]
Event: 14.590 Thread 0x000000001562d000 2100   !   2       java.util.concurrent.locks.AbstractQueuedSynchronizer::doAcquireInterruptibly (97 bytes)
Event: 14.592 Thread 0x000000001562d000 nmethod 2100 0x000000000378e710 code [0x000000000378e900, 0x000000000378eed8]

GC Heap History (10 events):
Event: 5.926 GC heap before
{Heap before GC invocations=4 (full 0):
 PSYoungGen      total 35328K, used 35298K [0x00000000eab00000, 0x00000000ef000000, 0x0000000100000000)
  eden space 32768K, 100% used [0x00000000eab00000,0x00000000ecb00000,0x00000000ecb00000)
  from space 2560K, 98% used [0x00000000ecb00000,0x00000000ecd78840,0x00000000ecd80000)
  to   space 2560K, 0% used [0x00000000eed80000,0x00000000eed80000,0x00000000ef000000)
 ParOldGen       total 44032K, used 8211K [0x00000000c0000000, 0x00000000c2b00000, 0x00000000eab00000)
  object space 44032K, 18% used [0x00000000c0000000,0x00000000c0804f98,0x00000000c2b00000)
 Metaspace       used 6230K, capacity 7088K, committed 7296K, reserved 1056768K
  class space    used 602K, capacity 616K, committed 640K, reserved 1048576K
Event: 6.107 GC heap after
Heap after GC invocations=4 (full 0):
 PSYoungGen      total 68096K, used 2530K [0x00000000eab00000, 0x00000000ef000000, 0x0000000100000000)
  eden space 65536K, 0% used [0x00000000eab00000,0x00000000eab00000,0x00000000eeb00000)
  from space 2560K, 98% used [0x00000000eed80000,0x00000000eeff8840,0x00000000ef000000)
  to   space 2560K, 0% used [0x00000000eeb00000,0x00000000eeb00000,0x00000000eed80000)
 ParOldGen       total 44032K, used 13420K [0x00000000c0000000, 0x00000000c2b00000, 0x00000000eab00000)
  object space 44032K, 30% used [0x00000000c0000000,0x00000000c0d1b138,0x00000000c2b00000)
 Metaspace       used 6230K, capacity 7088K, committed 7296K, reserved 1056768K
  class space    used 602K, capacity 616K, committed 640K, reserved 1048576K
}
Event: 7.359 GC heap before
{Heap before GC invocations=5 (full 0):
 PSYoungGen      total 68096K, used 68066K [0x00000000eab00000, 0x00000000ef000000, 0x0000000100000000)
  eden space 65536K, 100% used [0x00000000eab00000,0x00000000eeb00000,0x00000000eeb00000)
  from space 2560K, 98% used [0x00000000eed80000,0x00000000eeff8840,0x00000000ef000000)
  to   space 2560K, 0% used [0x00000000eeb00000,0x00000000eeb00000,0x00000000eed80000)
 ParOldGen       total 44032K, used 13420K [0x00000000c0000000, 0x00000000c2b00000, 0x00000000eab00000)
  object space 44032K, 30% used [0x00000000c0000000,0x00000000c0d1b138,0x00000000c2b00000)
 Metaspace       used 6296K, capacity 7152K, committed 7296K, reserved 1056768K
  class space    used 602K, capacity 616K, committed 640K, reserved 1048576K
Event: 7.426 GC heap after
Heap after GC invocations=5 (full 0):
 PSYoungGen      total 68096K, used 2533K [0x00000000eab00000, 0x00000000f4900000, 0x0000000100000000)
  eden space 65536K, 0% used [0x00000000eab00000,0x00000000eab00000,0x00000000eeb00000)
  from space 2560K, 98% used [0x00000000eeb00000,0x00000000eed794b0,0x00000000eed80000)
  to   space 15360K, 0% used [0x00000000f3a00000,0x00000000f3a00000,0x00000000f4900000)
 ParOldGen       total 44032K, used 23866K [0x00000000c0000000, 0x00000000c2b00000, 0x00000000eab00000)
  object space 44032K, 54% used [0x00000000c0000000,0x00000000c174ea80,0x00000000c2b00000)
 Metaspace       used 6296K, capacity 7152K, committed 7296K, reserved 1056768K
  class space    used 602K, capacity 616K, committed 640K, reserved 1048576K
}
Event: 8.657 GC heap before
{Heap before GC invocations=6 (full 0):
 PSYoungGen      total 68096K, used 68069K [0x00000000eab00000, 0x00000000f4900000, 0x0000000100000000)
  eden space 65536K, 100% used [0x00000000eab00000,0x00000000eeb00000,0x00000000eeb00000)
  from space 2560K, 98% used [0x00000000eeb00000,0x00000000eed794b0,0x00000000eed80000)
  to   space 15360K, 0% used [0x00000000f3a00000,0x00000000f3a00000,0x00000000f4900000)
 ParOldGen       total 44032K, used 23866K [0x00000000c0000000, 0x00000000c2b00000, 0x00000000eab00000)
  object space 44032K, 54% used [0x00000000c0000000,0x00000000c174ea80,0x00000000c2b00000)
 Metaspace       used 6375K, capacity 7152K, committed 7296K, reserved 1056768K
  class space    used 602K, capacity 616K, committed 640K, reserved 1048576K
Event: 8.719 GC heap after
Heap after GC invocations=6 (full 0):
 PSYoungGen      total 143872K, used 13539K [0x00000000eab00000, 0x00000000f4e00000, 0x0000000100000000)
  eden space 128512K, 0% used [0x00000000eab00000,0x00000000eab00000,0x00000000f2880000)
  from space 15360K, 88% used [0x00000000f3a00000,0x00000000f4738d20,0x00000000f4900000)
  to   space 17920K, 0% used [0x00000000f2880000,0x00000000f2880000,0x00000000f3a00000)
 ParOldGen       total 44032K, used 23874K [0x00000000c0000000, 0x00000000c2b00000, 0x00000000eab00000)
  object space 44032K, 54% used [0x00000000c0000000,0x00000000c1750a80,0x00000000c2b00000)
 Metaspace       used 6375K, capacity 7152K, committed 7296K, reserved 1056768K
  class space    used 602K, capacity 616K, committed 640K, reserved 1048576K
}
Event: 10.859 GC heap before
{Heap before GC invocations=7 (full 0):
 PSYoungGen      total 143872K, used 142051K [0x00000000eab00000, 0x00000000f4e00000, 0x0000000100000000)
  eden space 128512K, 100% used [0x00000000eab00000,0x00000000f2880000,0x00000000f2880000)
  from space 15360K, 88% used [0x00000000f3a00000,0x00000000f4738d20,0x00000000f4900000)
  to   space 17920K, 0% used [0x00000000f2880000,0x00000000f2880000,0x00000000f3a00000)
 ParOldGen       total 44032K, used 23874K [0x00000000c0000000, 0x00000000c2b00000, 0x00000000eab00000)
  object space 44032K, 54% used [0x00000000c0000000,0x00000000c1750a80,0x00000000c2b00000)
 Metaspace       used 6518K, capacity 7256K, committed 7424K, reserved 1056768K
  class space    used 623K, capacity 656K, committed 768K, reserved 1048576K
Event: 11.335 GC heap after
Heap after GC invocations=7 (full 0):
 PSYoungGen      total 146432K, used 17905K [0x00000000eab00000, 0x00000000fde00000, 0x0000000100000000)
  eden space 128512K, 0% used [0x00000000eab00000,0x00000000eab00000,0x00000000f2880000)
  from space 17920K, 99% used [0x00000000f2880000,0x00000000f39fc548,0x00000000f3a00000)
  to   space 28672K, 0% used [0x00000000fc200000,0x00000000fc200000,0x00000000fde00000)
 ParOldGen       total 44032K, used 38119K [0x00000000c0000000, 0x00000000c2b00000, 0x00000000eab00000)
  object space 44032K, 86% used [0x00000000c0000000,0x00000000c2539e80,0x00000000c2b00000)
 Metaspace       used 6518K, capacity 7256K, committed 7424K, reserved 1056768K
  class space    used 623K, capacity 656K, committed 768K, reserved 1048576K
}
Event: 11.335 GC heap before
{Heap before GC invocations=8 (full 1):
 PSYoungGen      total 146432K, used 17905K [0x00000000eab00000, 0x00000000fde00000, 0x0000000100000000)
  eden space 128512K, 0% used [0x00000000eab00000,0x00000000eab00000,0x00000000f2880000)
  from space 17920K, 99% used [0x00000000f2880000,0x00000000f39fc548,0x00000000f3a00000)
  to   space 28672K, 0% used [0x00000000fc200000,0x00000000fc200000,0x00000000fde00000)
 ParOldGen       total 44032K, used 38119K [0x00000000c0000000, 0x00000000c2b00000, 0x00000000eab00000)
  object space 44032K, 86% used [0x00000000c0000000,0x00000000c2539e80,0x00000000c2b00000)
 Metaspace       used 6518K, capacity 7256K, committed 7424K, reserved 1056768K
  class space    used 623K, capacity 656K, committed 768K, reserved 1048576K
Event: 14.477 GC heap after
Heap after GC invocations=8 (full 1):
 PSYoungGen      total 146432K, used 7638K [0x00000000eab00000, 0x00000000fde00000, 0x0000000100000000)
  eden space 128512K, 0% used [0x00000000eab00000,0x00000000eab00000,0x00000000f2880000)
  from space 17920K, 42% used [0x00000000f2880000,0x00000000f2ff5990,0x00000000f3a00000)
  to   space 28672K, 0% used [0x00000000fc200000,0x00000000fc200000,0x00000000fde00000)
 ParOldGen       total 44032K, used 43735K [0x00000000c0000000, 0x00000000c2b00000, 0x00000000eab00000)
  object space 44032K, 99% used [0x00000000c0000000,0x00000000c2ab5dd8,0x00000000c2b00000)
 Metaspace       used 6518K, capacity 7256K, committed 7424K, reserved 1056768K
  class space    used 623K, capacity 656K, committed 768K, reserved 1048576K
}

Deoptimization events (10 events):
Event: 9.196 Thread 0x00000000171cb000 Uncommon trap: reason=class_check action=maybe_recompile pc=0x00000000036b3090 method=com.android.dx.cf.code.BytecodeArray.parseInstruction(ILcom/android/dx/cf/code/BytecodeArray$Visitor;)I @ 1417
Event: 9.197 Thread 0x00000000171cb000 Uncommon trap: reason=class_check action=maybe_recompile pc=0x00000000036b3090 method=com.android.dx.cf.code.BytecodeArray.parseInstruction(ILcom/android/dx/cf/code/BytecodeArray$Visitor;)I @ 1417
Event: 9.332 Thread 0x00000000171a4000 Uncommon trap: reason=unstable_if action=reinterpret pc=0x000000000333a864 method=java.util.HashMap.putVal(ILjava/lang/Object;Ljava/lang/Object;ZZ)Ljava/lang/Object; @ 162
Event: 9.345 Thread 0x00000000171a4000 Uncommon trap: reason=unstable_if action=reinterpret pc=0x0000000003591158 method=java.util.HashMap.getNode(ILjava/lang/Object;)Ljava/util/HashMap$Node; @ 84
Event: 9.448 Thread 0x00000000171ca000 Uncommon trap: reason=unstable_if action=reinterpret pc=0x00000000035f3294 method=com.android.dx.ssa.MoveParamCombiner$1.visitNonMoveInsn(Lcom/android/dx/ssa/NormalSsaInsn;)V @ 27
Event: 9.502 Thread 0x00000000171cb000 Uncommon trap: reason=bimorphic action=maybe_recompile pc=0x0000000003615f10 method=com.android.dx.ssa.LiteralOpUpgrader.tryReplacingWithConstant(Lcom/android/dx/ssa/NormalSsaInsn;)Z @ 62
Event: 9.510 Thread 0x00000000171cb000 Uncommon trap: reason=bimorphic action=maybe_recompile pc=0x0000000003615f10 method=com.android.dx.ssa.LiteralOpUpgrader.tryReplacingWithConstant(Lcom/android/dx/ssa/NormalSsaInsn;)Z @ 62
Event: 9.701 Thread 0x00000000171a4000 Uncommon trap: reason=unstable_if action=reinterpret pc=0x00000000033c730c method=java.util.HashMap.putVal(ILjava/lang/Object;Ljava/lang/Object;ZZ)Ljava/lang/Object; @ 109
Event: 10.656 Thread 0x00000000171ca000 Uncommon trap: reason=class_check action=maybe_recompile pc=0x000000000379df44 method=com.android.dx.cf.code.BytecodeArray.parseInstruction(ILcom/android/dx/cf/code/BytecodeArray$Visitor;)I @ 1807
Event: 10.656 Thread 0x00000000171ca000 Uncommon trap: reason=class_check action=maybe_recompile pc=0x000000000379df44 method=com.android.dx.cf.code.BytecodeArray.parseInstruction(ILcom/android/dx/cf/code/BytecodeArray$Visitor;)I @ 1807

Internal exceptions (6 events):
Event: 1.033 Thread 0x0000000002b9d800 Exception <a 'java/lang/NoSuchMethodError': Method sun.misc.Unsafe.defineClass(Ljava/lang/String;[BII)Ljava/lang/Class; name or signature does not match> (0x00000000eab0dc78) thrown at [C:\re\workspace\8-2-build-windows-amd64-cygwin\jdk8u60\4407\hotspot\sr˜Ohzÿ‡ð?
Event: 1.033 Thread 0x0000000002b9d800 Exception <a 'java/lang/NoSuchMethodError': Method sun.misc.Unsafe.prefetchRead(Ljava/lang/Object;J)V name or signature does not match> (0x00000000eab0df60) thrown at [C:\re\workspace\8-2-build-windows-amd64-cygwin\jdk8u60\4407\hotspot\src\share\vm\prims\jæVá**!@
Event: 8.582 Thread 0x00000000171cb000 Implicit null exception at 0x00000000036103b4 to 0x0000000003611c21
Event: 9.340 Thread 0x00000000171a4000 Exception <a 'java/lang/ArrayIndexOutOfBoundsException': 18> (0x00000000edf17fa8) thrown at [C:\re\workspace\8-2-build-windows-amd64-cygwin\jdk8u60\4407\hotspot\src\share\vm\interpreter\interpreterRuntime.cpp, line 366]
Event: 9.341 Thread 0x00000000171a4000 Exception <a 'java/lang/ArrayIndexOutOfBoundsException'> (0x00000000edf19b28) thrown at [C:\re\workspace\8-2-build-windows-amd64-cygwin\jdk8u60\4407\hotspot\src\share\vm\runtime\sharedRuntime.cpp, line 605]
Event: 9.343 Thread 0x00000000171a4000 Exception <a 'java/lang/ArrayIndexOutOfBoundsException'> (0x00000000edf1ae10) thrown at [C:\re\workspace\8-2-build-windows-amd64-cygwin\jdk8u60\4407\hotspot\src\share\vm\runtime\sharedRuntime.cpp, line 605]

Events (10 events):
Event: 9.701 Thread 0x00000000171a4000 DEOPT PACKING pc=0x00000000033c730c sp=0x0000000017e0e680
Event: 9.701 Thread 0x00000000171a4000 DEOPT UNPACKING pc=0x0000000002f4582a sp=0x0000000017e0e528 mode 2
Event: 10.656 Thread 0x00000000171ca000 Uncommon trap: trap_request=0xffffffde fr.pc=0x000000000379df44
Event: 10.656 Thread 0x00000000171ca000 DEOPT PACKING pc=0x000000000379df44 sp=0x000000001810e7e0
Event: 10.656 Thread 0x00000000171ca000 DEOPT UNPACKING pc=0x0000000002f4582a sp=0x000000001810e7a8 mode 2
Event: 10.656 Thread 0x00000000171ca000 Uncommon trap: trap_request=0xffffffde fr.pc=0x000000000379df44
Event: 10.656 Thread 0x00000000171ca000 DEOPT PACKING pc=0x000000000379df44 sp=0x000000001810e7e0
Event: 10.656 Thread 0x00000000171ca000 DEOPT UNPACKING pc=0x0000000002f4582a sp=0x000000001810e7a8 mode 2
Event: 10.691 Executing VM operation: ParallelGCFailedAllocation
Event: 14.477 Executing VM operation: ParallelGCFailedAllocation done


Dynamic libraries:
0x00007ff7367a0000 - 0x00007ff7367d7000 	C:\Program Files\Java\jdk1.8.0_60\bin\java.exe
0x00007ffd16590000 - 0x00007ffd16751000 	C:\WINDOWS\SYSTEM32\ntdll.dll
0x00007ffd14290000 - 0x00007ffd1433d000 	C:\WINDOWS\system32\KERNEL32.DLL
0x00007ffd13a80000 - 0x00007ffd13c5d000 	C:\WINDOWS\system32\KERNELBASE.dll
0x00007ffd13f00000 - 0x00007ffd13fa6000 	C:\WINDOWS\system32\ADVAPI32.dll
0x00007ffd143f0000 - 0x00007ffd1448d000 	C:\WINDOWS\system32\msvcrt.dll
0x00007ffd14090000 - 0x00007ffd140eb000 	C:\WINDOWS\system32\sechost.dll
0x00007ffd16460000 - 0x00007ffd16586000 	C:\WINDOWS\system32\RPCRT4.dll
0x00007ffd14b50000 - 0x00007ffd14c9e000 	C:\WINDOWS\system32\USER32.dll
0x00007ffd140f0000 - 0x00007ffd14276000 	C:\WINDOWS\system32\GDI32.dll
0x00007ffd072e0000 - 0x00007ffd07554000 	C:\WINDOWS\WinSxS\amd64_microsoft.windows.common-controls_6595b64144ccf1df_6.0.10240.16384_none_f41f7b285750ef43\COMCTL32.dll
0x00007ffd14340000 - 0x00007ffd14376000 	C:\WINDOWS\system32\IMM32.DLL
0x00007ffd14730000 - 0x00007ffd1488c000 	C:\WINDOWS\system32\MSCTF.dll
0x00000000726a0000 - 0x0000000072772000 	C:\Program Files\Java\jdk1.8.0_60\jre\bin\msvcr100.dll
0x0000000072a90000 - 0x0000000073319000 	C:\Program Files\Java\jdk1.8.0_60\jre\bin\server\jvm.dll
0x00007ffd14280000 - 0x00007ffd14288000 	C:\WINDOWS\system32\PSAPI.DLL
0x00007ffd06650000 - 0x00007ffd06659000 	C:\WINDOWS\SYSTEM32\WSOCK32.dll
0x00007ffd14380000 - 0x00007ffd143e9000 	C:\WINDOWS\system32\WS2_32.dll
0x00007ffd162f0000 - 0x00007ffd162f8000 	C:\WINDOWS\system32\NSI.dll
0x00007ffd11570000 - 0x00007ffd11593000 	C:\WINDOWS\SYSTEM32\WINMM.dll
0x00007ffd08870000 - 0x00007ffd0887a000 	C:\WINDOWS\SYSTEM32\VERSION.dll
0x00007ffd11500000 - 0x00007ffd1152c000 	C:\WINDOWS\SYSTEM32\WINMMBASE.dll
0x00007ffd13110000 - 0x00007ffd13154000 	C:\WINDOWS\system32\cfgmgr32.dll
0x00007ffd11950000 - 0x00007ffd11977000 	C:\WINDOWS\SYSTEM32\DEVOBJ.dll
0x0000000073bd0000 - 0x0000000073bdf000 	C:\Program Files\Java\jdk1.8.0_60\jre\bin\verify.dll
0x0000000073ba0000 - 0x0000000073bc9000 	C:\Program Files\Java\jdk1.8.0_60\jre\bin\java.dll
0x0000000073b80000 - 0x0000000073b96000 	C:\Program Files\Java\jdk1.8.0_60\jre\bin\zip.dll
0x00007ffd14ca0000 - 0x00007ffd161c2000 	C:\WINDOWS\system32\SHELL32.dll
0x00007ffd13450000 - 0x00007ffd13a78000 	C:\WINDOWS\system32\windows.storage.dll
0x00007ffd13c60000 - 0x00007ffd13edc000 	C:\WINDOWS\system32\combase.dll
0x00007ffd14660000 - 0x00007ffd146b1000 	C:\WINDOWS\system32\shlwapi.dll
0x00007ffd13050000 - 0x00007ffd1305f000 	C:\WINDOWS\system32\kernel.appcore.dll
0x00007ffd13330000 - 0x00007ffd133e3000 	C:\WINDOWS\system32\shcore.dll
0x00007ffd13000000 - 0x00007ffd1304a000 	C:\WINDOWS\system32\powrprof.dll
0x00007ffd12fe0000 - 0x00007ffd12ff3000 	C:\WINDOWS\system32\profapi.dll

VM Arguments:
jvm_args: -Djava.awt.headless=true -Xmx1024M -Dfile.encoding=windows-1252 -Duser.country=US -Duser.language=en -Duser.variant 
java_command: com.android.dx.command.Main --dex --force-jumbo --num-threads=4 --multi-dex --output C:\Users\Harry\Documents\GitHub\Ecocar\app\build\intermediates\transforms\dex\debug\folders\1000\10\com.android.support-support-v4-23.2.0_51d5efa4c8fdc0aac48c7296eee4614acdca1ab3 C:\Users\Harry\Documents\GitHub\Ecocar\app\build\intermediates\exploded-aar\com.android.support\support-v4\23.2.0\jars\classes.jar
java_class_path (initial): C:\Users\Harry\AppData\Local\Android\sdk\build-tools\23.0.2\lib\dx.jar
Launcher Type: SUN_STANDARD

Environment Variables:
PATH=C:\Program Files (x86)\Razer Chroma SDK\bin;C:\Program Files\Razer Chroma SDK\bin;C:\ProgramData\Oracle\Java\javapath;C:\Program Files (x86)\NVIDIA Corporation\PhysX\Common;C:\Program Files (x86)\Intel\iCLS Client\;C:\Program Files\Intel\iCLS Client\;C:\WINDOWS\system32;C:\WINDOWS;C:\WINDOWS\System32\Wbem;C:\WINDOWS\System32\WindowsPowerShell\v1.0\;C:\Program Files (x86)\Intel\OpenCL SDK\3.0\bin\x86;C:\Program Files (x86)\Intel\OpenCL SDK\3.0\bin\x64;C:\Program Files\Intel\Intel(R) Management Engine Components\DAL;C:\Program Files\Intel\Intel(R) Management Engine Components\IPT;C:\Program Files (x86)\Intel\Intel(R) Management Engine Components\DAL;C:\Program Files (x86)\Intel\Intel(R) Management Engine Components\IPT;C:\Program Files\Sony\VAIO Improvement;C:\Program Files (x86)\Sony\VAIO BIOS Data Transfer Utility\;C:\Program Files (x86)\Sony\VAIO Startup Setting Tool;C:\Program Files (x86)\Windows Live\Shared;C:\Program Files\Intel\WiFi\bin\;C:\Program Files\Common Files\Intel\WirelessCommon\;C:\Program Files (x86)\PharosSystems\Core;c:\Program Files (x86)\Microsoft SQL Server\110\Tools\Binn\;c:\Program Files\Microsoft SQL Server\110\Tools\Binn\;c:\Program Files\Microsoft SQL Server\110\DTS\Binn\;C:\Program Files\nodejs\;C:\Program Files\Microsoft SQL Server\120\Tools\Binn\;C:\Program Files (x86)\Skype\Phone\;C:\Users\Harry\AppData\Roaming\npm;C:\Program Files\Intel\WiFi\bin\;C:\Program Files\Common Files\Intel\WirelessCommon\;C:\Users\Harry\AppData\Roaming\npm
USERNAME=Harry
OS=Windows_NT
PROCESSOR_IDENTIFIER=Intel64 Family 6 Model 69 Stepping 1, GenuineIntel



---------------  S Y S T E M  ---------------

OS: Windows 10.0 , 64 bit Build 10240 (10.0.10240.16384)

CPU:total 4 (2 cores per cpu, 2 threads per core) family 6 model 69 stepping 1, cmov, cx8, fxsr, mmx, sse, sse2, sse3, ssse3, sse4.1, sse4.2, popcnt, avx, avx2, aes, clmul, erms, lzcnt, ht, tsc, tscinvbit, bmi1, bmi2

Memory: 4k page, physical 4098948k(112456k free), swap 8833140k(4372k free)

vm_info: Java HotSpot(TM) 64-Bit Server VM (25.60-b23) for windows-amd64 JRE (1.8.0_60-b27), built on Aug  4 2015 11:06:27 by "java_re" with MS VC++ 10.0 (VS2010)

time: Wed Apr 20 16:32:14 2016
elapsed time: 14 seconds (0d 0h 0m 14s)

