#
# There is insufficient memory for the Java Runtime Environment to continue.
# Native memory allocation (malloc) failed to allocate 1020576 bytes for Chunk::new
# Possible reasons:
#   The system is out of physical RAM or swap space
#   In 32 bit mode, the process size limit was hit
# Possible solutions:
#   Reduce memory load on the system
#   Increase physical memory or swap space
#   Check if swap backing store is full
#   Use 64 bit Java on a 64 bit OS
#   Decrease Java heap size (-Xmx/-Xms)
#   Decrease number of Java threads
#   Decrease Java thread stack sizes (-Xss)
#   Set larger code cache with -XX:ReservedCodeCacheSize=
# This output file may be truncated or incomplete.
#
#  Out of Memory Error (allocation.cpp:390), pid=14204, tid=13980
#
# JRE version: Java(TM) SE Runtime Environment (8.0_60-b27) (build 1.8.0_60-b27)
# Java VM: Java HotSpot(TM) 64-Bit Server VM (25.60-b23 mixed mode windows-amd64 compressed oops)
# Failed to write core dump. Minidumps are not enabled by default on client versions of Windows
#

---------------  T H R E A D  ---------------

Current thread (0x0000000014f81000):  JavaThread "C2 CompilerThread1" daemon [_thread_in_native, id=13980, stack(0x00000000166c0000,0x00000000167c0000)]

Stack: [0x00000000166c0000,0x00000000167c0000]
[error occurred during error reporting (printing stack bounds), id 0xc0000005]

Native frames: (J=compiled Java code, j=interpreted, Vv=VM code, C=native code)


Current CompileTask:
C2:   3806 1418       4       com.android.dx.ssa.SsaRenamer$BlockRenamer::process (191 bytes)


---------------  P R O C E S S  ---------------

Java Threads: ( => current thread )
  0x0000000016b19800 JavaThread "pool-2-thread-4" [_thread_in_vm, id=3844, stack(0x00000000172c0000,0x00000000173c0000)]
  0x0000000016b18800 JavaThread "pool-2-thread-3" [_thread_in_Java, id=10024, stack(0x00000000171c0000,0x00000000172c0000)]
  0x0000000016b18000 JavaThread "pool-2-thread-2" [_thread_in_Java, id=3324, stack(0x00000000170c0000,0x00000000171c0000)]
  0x0000000016b12000 JavaThread "pool-3-thread-1" [_thread_blocked, id=7280, stack(0x0000000016fc0000,0x00000000170c0000)]
  0x0000000016b0c800 JavaThread "pool-2-thread-1" [_thread_in_Java, id=11952, stack(0x0000000016ec0000,0x0000000016fc0000)]
  0x00000000168c5000 JavaThread "Service Thread" daemon [_thread_blocked, id=4256, stack(0x0000000016cc0000,0x0000000016dc0000)]
  0x0000000014fd9800 JavaThread "C1 CompilerThread2" daemon [_thread_in_native, id=13624, stack(0x00000000167c0000,0x00000000168c0000)]
=>0x0000000014f81000 JavaThread "C2 CompilerThread1" daemon [_thread_in_native, id=13980, stack(0x00000000166c0000,0x00000000167c0000)]
  0x0000000014f7b800 JavaThread "C2 CompilerThread0" daemon [_thread_in_native, id=6492, stack(0x00000000165c0000,0x00000000166c0000)]
  0x0000000014f79800 JavaThread "Attach Listener" daemon [_thread_blocked, id=14036, stack(0x00000000164c0000,0x00000000165c0000)]
  0x0000000014f78000 JavaThread "Signal Dispatcher" daemon [_thread_blocked, id=13068, stack(0x00000000163c0000,0x00000000164c0000)]
  0x0000000002881000 JavaThread "Finalizer" daemon [_thread_blocked, id=13840, stack(0x00000000161d0000,0x00000000162d0000)]
  0x000000000287e000 JavaThread "Reference Handler" daemon [_thread_blocked, id=5884, stack(0x00000000160d0000,0x00000000161d0000)]
  0x000000000268d800 JavaThread "main" [_thread_in_vm, id=4268, stack(0x0000000002690000,0x0000000002790000)]

Other Threads:
  0x0000000014f47800 VMThread [stack: 0x0000000015fd0000,0x00000000160d0000] [id=280]
  0x00000000168db000 WatcherThread [stack: 0x0000000016dc0000,0x0000000016ec0000] [id=900]

VM state:not at safepoint (normal execution)

VM Mutex/Monitor currently owned by a thread: None

Heap:
 PSYoungGen      total 18944K, used 16434K [0x00000000eab00000, 0x00000000ed000000, 0x0000000100000000)
  eden space 16384K, 84% used [0x00000000eab00000,0x00000000eb88eec0,0x00000000ebb00000)
  from space 2560K, 99% used [0x00000000ebd80000,0x00000000ebffdc78,0x00000000ec000000)
  to   space 2560K, 0% used [0x00000000ebb00000,0x00000000ebb00000,0x00000000ebd80000)
 ParOldGen       total 44032K, used 2405K [0x00000000c0000000, 0x00000000c2b00000, 0x00000000eab00000)
  object space 44032K, 5% used [0x00000000c0000000,0x00000000c02594c0,0x00000000c2b00000)
 Metaspace       used 6126K, capacity 7024K, committed 7296K, reserved 1056768K
  class space    used 600K, capacity 616K, committed 640K, reserved 1048576K

Card table byte_map: [0x0000000011c50000,0x0000000011e60000] byte_map_base: 0x0000000011650000

Marking Bits: (ParMarkBitMap*) 0x000000005461a5b0
 Begin Bits: [0x00000000123c0000, 0x00000000133c0000)
 End Bits:   [0x00000000133c0000, 0x00000000143c0000)

Polling page: 0x0000000002620000

CodeCache: size=245760Kb used=5710Kb max_used=5710Kb free=240049Kb
 bounds [0x0000000002890000, 0x0000000002e30000, 0x0000000011890000]
 total_blobs=1690 nmethods=1421 adapters=182
 compilation: enabled

Compilation events (10 events):
Event: 3.790 Thread 0x0000000014fd9800 nmethod 1420 0x0000000002e03790 code [0x0000000002e038e0, 0x0000000002e03b30]
Event: 3.791 Thread 0x0000000014fd9800 1423       3       com.android.dx.ssa.PhiTypeResolver::equalsHandlesNulls (23 bytes)
Event: 3.792 Thread 0x0000000014fd9800 nmethod 1423 0x0000000002e04550 code [0x0000000002e046e0, 0x0000000002e04b28]
Event: 3.792 Thread 0x0000000014fd9800 1425       3       com.android.dx.rop.code.ThrowingInsn::<init> (49 bytes)
Event: 3.793 Thread 0x0000000014fd9800 nmethod 1425 0x0000000002e068d0 code [0x0000000002e06a60, 0x0000000002e06ec8]
Event: 3.795 Thread 0x0000000014fd9800 1426       3       com.android.dx.cf.code.ExecutionStack::clear (40 bytes)
Event: 3.795 Thread 0x0000000014fd9800 nmethod 1426 0x0000000002e05f10 code [0x0000000002e060c0, 0x0000000002e06628]
Event: 3.795 Thread 0x0000000014fd9800 1427       3       com.android.dx.cf.code.Ropper$CatchInfo::getSetup (53 bytes)
Event: 3.796 Thread 0x0000000014fd9800 nmethod 1427 0x0000000002e25c50 code [0x0000000002e25e20, 0x0000000002e26508]
Event: 3.803 Thread 0x0000000014fd9800 1429   !   3       com.android.dx.cf.code.Merger::mergeStack (192 bytes)

GC Heap History (4 events):
Event: 1.470 GC heap before
{Heap before GC invocations=1 (full 0):
 PSYoungGen      total 18944K, used 16384K [0x00000000eab00000, 0x00000000ec000000, 0x0000000100000000)
  eden space 16384K, 100% used [0x00000000eab00000,0x00000000ebb00000,0x00000000ebb00000)
  from space 2560K, 0% used [0x00000000ebd80000,0x00000000ebd80000,0x00000000ec000000)
  to   space 2560K, 0% used [0x00000000ebb00000,0x00000000ebb00000,0x00000000ebd80000)
 ParOldGen       total 44032K, used 0K [0x00000000c0000000, 0x00000000c2b00000, 0x00000000eab00000)
  object space 44032K, 0% used [0x00000000c0000000,0x00000000c0000000,0x00000000c2b00000)
 Metaspace       used 5474K, capacity 6448K, committed 6528K, reserved 1056768K
  class space    used 591K, capacity 616K, committed 640K, reserved 1048576K
Event: 1.476 GC heap after
Heap after GC invocations=1 (full 0):
 PSYoungGen      total 18944K, used 2532K [0x00000000eab00000, 0x00000000ec000000, 0x0000000100000000)
  eden space 16384K, 0% used [0x00000000eab00000,0x00000000eab00000,0x00000000ebb00000)
  from space 2560K, 98% used [0x00000000ebb00000,0x00000000ebd792d0,0x00000000ebd80000)
  to   space 2560K, 0% used [0x00000000ebd80000,0x00000000ebd80000,0x00000000ec000000)
 ParOldGen       total 44032K, used 837K [0x00000000c0000000, 0x00000000c2b00000, 0x00000000eab00000)
  object space 44032K, 1% used [0x00000000c0000000,0x00000000c00d1758,0x00000000c2b00000)
 Metaspace       used 5474K, capacity 6448K, committed 6528K, reserved 1056768K
  class space    used 591K, capacity 616K, committed 640K, reserved 1048576K
}
Event: 2.528 GC heap before
{Heap before GC invocations=2 (full 0):
 PSYoungGen      total 18944K, used 18916K [0x00000000eab00000, 0x00000000ec000000, 0x0000000100000000)
  eden space 16384K, 100% used [0x00000000eab00000,0x00000000ebb00000,0x00000000ebb00000)
  from space 2560K, 98% used [0x00000000ebb00000,0x00000000ebd792d0,0x00000000ebd80000)
  to   space 2560K, 0% used [0x00000000ebd80000,0x00000000ebd80000,0x00000000ec000000)
 ParOldGen       total 44032K, used 837K [0x00000000c0000000, 0x00000000c2b00000, 0x00000000eab00000)
  object space 44032K, 1% used [0x00000000c0000000,0x00000000c00d1758,0x00000000c2b00000)
 Metaspace       used 5941K, capacity 6832K, committed 7040K, reserved 1056768K
  class space    used 595K, capacity 616K, committed 640K, reserved 1048576K
Event: 2.881 GC heap after
Heap after GC invocations=2 (full 0):
 PSYoungGen      total 18944K, used 2551K [0x00000000eab00000, 0x00000000ed000000, 0x0000000100000000)
  eden space 16384K, 0% used [0x00000000eab00000,0x00000000eab00000,0x00000000ebb00000)
  from space 2560K, 99% used [0x00000000ebd80000,0x00000000ebffdc78,0x00000000ec000000)
  to   space 2560K, 0% used [0x00000000ebb00000,0x00000000ebb00000,0x00000000ebd80000)
 ParOldGen       total 44032K, used 2405K [0x00000000c0000000, 0x00000000c2b00000, 0x00000000eab00000)
  object space 44032K, 5% used [0x00000000c0000000,0x00000000c02594c0,0x00000000c2b00000)
 Metaspace       used 5941K, capacity 6832K, committed 7040K, reserved 1056768K
  class space    used 595K, capacity 616K, committed 640K, reserved 1048576K
}

Deoptimization events (4 events):
Event: 0.468 Thread 0x000000000268d800 Uncommon trap: reason=unstable_if action=reinterpret pc=0x00000000029df7d4 method=java.lang.String.compareTo(Ljava/lang/String;)I @ 38
Event: 1.456 Thread 0x000000000268d800 Uncommon trap: reason=unstable_if action=reinterpret pc=0x0000000002ab0fa4 method=java.util.HashMap.getNode(ILjava/lang/Object;)Ljava/util/HashMap$Node; @ 129
Event: 2.003 Thread 0x0000000016b19800 Uncommon trap: reason=unstable_if action=reinterpret pc=0x0000000002c0815c method=com.android.dx.rop.cst.Constant.compareTo(Lcom/android/dx/rop/cst/Constant;)I @ 12
Event: 2.018 Thread 0x0000000016b18000 Uncommon trap: reason=unstable_if action=reinterpret pc=0x0000000002c115fc method=com.android.dx.rop.code.LocalItem.hashCode()I @ 25

Internal exceptions (2 events):
Event: 0.077 Thread 0x000000000268d800 Exception <a 'java/lang/NoSuchMethodError': Method sun.misc.Unsafe.defineClass(Ljava/lang/String;[BII)Ljava/lang/Class; name or signature does not match> (0x00000000eab0dce8) thrown at [C:\re\workspace\8-2-build-windows-amd64-cygwin\jdk8u60\4407\hotspot\sr_Ï[»³?
Event: 0.077 Thread 0x000000000268d800 Exception <a 'java/lang/NoSuchMethodError': Method sun.misc.Unsafe.prefetchRead(Ljava/lang/Object;J)V name or signature does not match> (0x00000000eab0dfd0) thrown at [C:\re\workspace\8-2-build-windows-amd64-cygwin\jdk8u60\4407\hotspot\src\share\vm\prims\j

Events (10 events):
Event: 3.183 loading class com/android/dx/dex/file/ParameterAnnotationStruct
Event: 3.183 loading class com/android/dx/dex/file/ParameterAnnotationStruct done
Event: 3.184 loading class com/android/dx/dex/file/UniformListItem
Event: 3.184 loading class com/android/dx/dex/file/UniformListItem done
Event: 3.185 loading class com/android/dx/dex/file/AnnotationSetRefItem
Event: 3.185 loading class com/android/dx/dex/file/AnnotationSetRefItem done
Event: 3.205 loading class com/android/dx/cf/attrib/AttRuntimeInvisibleAnnotations
Event: 3.205 loading class com/android/dx/cf/attrib/AttRuntimeInvisibleAnnotations done
Event: 3.205 loading class com/android/dx/cf/attrib/BaseAnnotations
Event: 3.205 loading class com/android/dx/cf/attrib/BaseAnnotations done


Dynamic libraries:
0x00007ff7be2f0000 - 0x00007ff7be327000 	C:\Program Files\Java\jdk1.8.0_60\bin\java.exe
0x00007ffa39ba0000 - 0x00007ffa39d61000 	C:\WINDOWS\SYSTEM32\ntdll.dll
0x00007ffa37270000 - 0x00007ffa3731d000 	C:\WINDOWS\system32\KERNEL32.DLL
0x00007ffa36db0000 - 0x00007ffa36f8d000 	C:\WINDOWS\system32\KERNELBASE.dll
0x00007ffa39ad0000 - 0x00007ffa39b76000 	C:\WINDOWS\system32\ADVAPI32.dll
0x00007ffa37d30000 - 0x00007ffa37dcd000 	C:\WINDOWS\system32\msvcrt.dll
0x00007ffa37ac0000 - 0x00007ffa37b1b000 	C:\WINDOWS\system32\sechost.dll
0x00007ffa398d0000 - 0x00007ffa399f6000 	C:\WINDOWS\system32\RPCRT4.dll
0x00007ffa37970000 - 0x00007ffa37abe000 	C:\WINDOWS\system32\USER32.dll
0x00007ffa37570000 - 0x00007ffa376f6000 	C:\WINDOWS\system32\GDI32.dll
0x00007ffa2c6a0000 - 0x00007ffa2c914000 	C:\WINDOWS\WinSxS\amd64_microsoft.windows.common-controls_6595b64144ccf1df_6.0.10240.16384_none_f41f7b285750ef43\COMCTL32.dll
0x00007ffa380e0000 - 0x00007ffa38116000 	C:\WINDOWS\system32\IMM32.DLL
0x00007ffa37f80000 - 0x00007ffa380dc000 	C:\WINDOWS\system32\MSCTF.dll
0x0000000053a50000 - 0x0000000053b22000 	C:\Program Files\Java\jdk1.8.0_60\jre\bin\msvcr100.dll
0x0000000053e10000 - 0x0000000054699000 	C:\Program Files\Java\jdk1.8.0_60\jre\bin\server\jvm.dll
0x00007ffa39a00000 - 0x00007ffa39a08000 	C:\WINDOWS\system32\PSAPI.DLL
0x00007ffa25490000 - 0x00007ffa25499000 	C:\WINDOWS\SYSTEM32\WSOCK32.dll
0x00007ffa377b0000 - 0x00007ffa37819000 	C:\WINDOWS\system32\WS2_32.dll
0x00007ffa37dd0000 - 0x00007ffa37dd8000 	C:\WINDOWS\system32\NSI.dll
0x00007ffa26e30000 - 0x00007ffa26e3a000 	C:\WINDOWS\SYSTEM32\VERSION.dll
0x00007ffa34590000 - 0x00007ffa345b3000 	C:\WINDOWS\SYSTEM32\WINMM.dll
0x00007ffa34560000 - 0x00007ffa3458c000 	C:\WINDOWS\SYSTEM32\WINMMBASE.dll
0x00007ffa36f90000 - 0x00007ffa36fd4000 	C:\WINDOWS\system32\cfgmgr32.dll
0x00007ffa34ea0000 - 0x00007ffa34ec7000 	C:\WINDOWS\SYSTEM32\DEVOBJ.dll
0x0000000054f50000 - 0x0000000054f5f000 	C:\Program Files\Java\jdk1.8.0_60\jre\bin\verify.dll
0x0000000054f20000 - 0x0000000054f49000 	C:\Program Files\Java\jdk1.8.0_60\jre\bin\java.dll
0x0000000054f00000 - 0x0000000054f16000 	C:\Program Files\Java\jdk1.8.0_60\jre\bin\zip.dll
0x00007ffa38120000 - 0x00007ffa39642000 	C:\WINDOWS\system32\SHELL32.dll
0x00007ffa36670000 - 0x00007ffa36c98000 	C:\WINDOWS\system32\windows.storage.dll
0x00007ffa39650000 - 0x00007ffa398cc000 	C:\WINDOWS\system32\combase.dll
0x00007ffa39a10000 - 0x00007ffa39a61000 	C:\WINDOWS\system32\shlwapi.dll
0x00007ffa365f0000 - 0x00007ffa365ff000 	C:\WINDOWS\system32\kernel.appcore.dll
0x00007ffa36fe0000 - 0x00007ffa37093000 	C:\WINDOWS\system32\shcore.dll
0x00007ffa36600000 - 0x00007ffa3664a000 	C:\WINDOWS\system32\powrprof.dll
0x00007ffa36650000 - 0x00007ffa36663000 	C:\WINDOWS\system32\profapi.dll

VM Arguments:
jvm_args: -Djava.awt.headless=true -Xmx1024M -Dfile.encoding=windows-1252 -Duser.country=US -Duser.language=en -Duser.variant 
java_command: com.android.dx.command.Main --dex --force-jumbo --num-threads=4 --multi-dex --output C:\Users\Harry\Documents\GitHub\Ecocar\app\build\intermediates\transforms\dex\debug\folders\1000\10\internal_impl-23.2.0_6dbf4064302b4d46951566217984f6d6a6d04d17 C:\Users\Harry\Documents\GitHub\Ecocar\app\build\intermediates\exploded-aar\com.android.support\support-v4\23.2.0\jars\libs\internal_impl-23.2.0.jar
java_class_path (initial): C:\Users\Harry\AppData\Local\Android\sdk\build-tools\23.0.2\lib\dx.jar
Launcher Type: SUN_STANDARD

Environment Variables:
PATH=C:\Program Files (x86)\Razer Chroma SDK\bin;C:\Program Files\Razer Chroma SDK\bin;C:\ProgramData\Oracle\Java\javapath;C:\Program Files (x86)\NVIDIA Corporation\PhysX\Common;C:\Program Files (x86)\Intel\iCLS Client\;C:\Program Files\Intel\iCLS Client\;C:\WINDOWS\system32;C:\WINDOWS;C:\WINDOWS\System32\Wbem;C:\WINDOWS\System32\WindowsPowerShell\v1.0\;C:\Program Files (x86)\Intel\OpenCL SDK\3.0\bin\x86;C:\Program Files (x86)\Intel\OpenCL SDK\3.0\bin\x64;C:\Program Files\Intel\Intel(R) Management Engine Components\DAL;C:\Program Files\Intel\Intel(R) Management Engine Components\IPT;C:\Program Files (x86)\Intel\Intel(R) Management Engine Components\DAL;C:\Program Files (x86)\Intel\Intel(R) Management Engine Components\IPT;C:\Program Files\Sony\VAIO Improvement;C:\Program Files (x86)\Sony\VAIO BIOS Data Transfer Utility\;C:\Program Files (x86)\Sony\VAIO Startup Setting Tool;C:\Program Files (x86)\Windows Live\Shared;C:\Program Files\Intel\WiFi\bin\;C:\Program Files\Common Files\Intel\WirelessCommon\;C:\Program Files (x86)\PharosSystems\Core;c:\Program Files (x86)\Microsoft SQL Server\110\Tools\Binn\;c:\Program Files\Microsoft SQL Server\110\Tools\Binn\;c:\Program Files\Microsoft SQL Server\110\DTS\Binn\;C:\Program Files\nodejs\;C:\Program Files\Microsoft SQL Server\120\Tools\Binn\;C:\Program Files (x86)\Skype\Phone\;C:\Users\Harry\AppData\Roaming\npm;C:\Program Files\Intel\WiFi\bin\;C:\Program Files\Common Files\Intel\WirelessCommon\;C:\Users\Harry\AppData\Roaming\npm
USERNAME=Harry
OS=Windows_NT
PROCESSOR_IDENTIFIER=Intel64 Family 6 Model 69 Stepping 1, GenuineIntel



---------------  S Y S T E M  ---------------

OS: Windows 10.0 , 64 bit Build 10240 (10.0.10240.16384)

CPU:total 4 (2 cores per cpu, 2 threads per core) family 6 model 69 stepping 1, cmov, cx8, fxsr, mmx, sse, sse2, sse3, ssse3, sse4.1, sse4.2, popcnt, avx, avx2, aes, clmul, erms, lzcnt, ht, tsc, tscinvbit, bmi1, bmi2

Memory: 4k page, physical 4098948k(179904k free), swap 9123944k(6540k free)

vm_info: Java HotSpot(TM) 64-Bit Server VM (25.60-b23) for windows-amd64 JRE (1.8.0_60-b27), built on Aug  4 2015 11:06:27 by "java_re" with MS VC++ 10.0 (VS2010)

time: Fri Apr 22 01:35:28 2016
elapsed time: 3 seconds (0d 0h 0m 3s)

