#
# There is insufficient memory for the Java Runtime Environment to continue.
# Native memory allocation (malloc) failed to allocate 769552 bytes for Chunk::new
# Possible reasons:
#   The system is out of physical RAM or swap space
#   In 32 bit mode, the process size limit was hit
# Possible solutions:
#   Reduce memory load on the system
#   Increase physical memory or swap space
#   Check if swap backing store is full
#   Use 64 bit Java on a 64 bit OS
#   Decrease Java heap size (-Xmx/-Xms)
#   Decrease number of Java threads
#   Decrease Java thread stack sizes (-Xss)
#   Set larger code cache with -XX:ReservedCodeCacheSize=
# This output file may be truncated or incomplete.
#
#  Out of Memory Error (allocation.cpp:390), pid=8932, tid=1972
#
# JRE version: Java(TM) SE Runtime Environment (8.0_60-b27) (build 1.8.0_60-b27)
# Java VM: Java HotSpot(TM) 64-Bit Server VM (25.60-b23 mixed mode windows-amd64 compressed oops)
# Failed to write core dump. Minidumps are not enabled by default on client versions of Windows
#

---------------  T H R E A D  ---------------

Current thread (0x0000000014f37000):  JavaThread "C2 CompilerThread1" daemon [_thread_in_native, id=1972, stack(0x0000000016730000,0x0000000016830000)]

Stack: [0x0000000016730000,0x0000000016830000]
[error occurred during error reporting (printing stack bounds), id 0xc0000005]

Native frames: (J=compiled Java code, j=interpreted, Vv=VM code, C=native code)


Current CompileTask:
C2:  11598 1464       4       com.android.dx.ssa.LocalVariableExtractor::processBlock (383 bytes)


---------------  P R O C E S S  ---------------

Java Threads: ( => current thread )
  0x0000000016b87800 JavaThread "pool-2-thread-4" [_thread_blocked, id=15864, stack(0x0000000017330000,0x0000000017430000)]
  0x0000000016b86000 JavaThread "pool-2-thread-3" [_thread_blocked, id=9056, stack(0x0000000017230000,0x0000000017330000)]
  0x0000000016b84800 JavaThread "pool-2-thread-2" [_thread_blocked, id=5580, stack(0x0000000017130000,0x0000000017230000)]
  0x0000000016bce800 JavaThread "pool-3-thread-1" [_thread_blocked, id=13576, stack(0x0000000017030000,0x0000000017130000)]
  0x0000000016bcd800 JavaThread "pool-2-thread-1" [_thread_blocked, id=17740, stack(0x0000000016f30000,0x0000000017030000)]
  0x0000000016935800 JavaThread "Service Thread" daemon [_thread_blocked, id=204, stack(0x0000000016d30000,0x0000000016e30000)]
  0x0000000014f39800 JavaThread "C1 CompilerThread2" daemon [_thread_blocked, id=17788, stack(0x0000000016830000,0x0000000016930000)]
=>0x0000000014f37000 JavaThread "C2 CompilerThread1" daemon [_thread_in_native, id=1972, stack(0x0000000016730000,0x0000000016830000)]
  0x0000000014edb800 JavaThread "C2 CompilerThread0" daemon [_thread_in_native, id=19560, stack(0x0000000016630000,0x0000000016730000)]
  0x0000000014ed9800 JavaThread "Attach Listener" daemon [_thread_blocked, id=9840, stack(0x0000000016530000,0x0000000016630000)]
  0x0000000014ed8000 JavaThread "Signal Dispatcher" daemon [_thread_blocked, id=14724, stack(0x0000000016430000,0x0000000016530000)]
  0x0000000002806800 JavaThread "Finalizer" daemon [_thread_blocked, id=6844, stack(0x0000000016150000,0x0000000016250000)]
  0x00000000027fe000 JavaThread "Reference Handler" daemon [_thread_blocked, id=4708, stack(0x0000000016050000,0x0000000016150000)]
  0x000000000270d800 JavaThread "main" [_thread_in_Java, id=8360, stack(0x00000000023b0000,0x00000000024b0000)]

Other Threads:
  0x0000000014ea7800 VMThread [stack: 0x0000000015f50000,0x0000000016050000] [id=2620]
  0x0000000016943800 WatcherThread [stack: 0x0000000016e30000,0x0000000016f30000] [id=4236]

VM state:not at safepoint (normal execution)

VM Mutex/Monitor currently owned by a thread: None

Heap:
 PSYoungGen      total 35328K, used 33328K [0x00000000eab00000, 0x00000000ed000000, 0x0000000100000000)
  eden space 32768K, 93% used [0x00000000eab00000,0x00000000ec913930,0x00000000ecb00000)
  from space 2560K, 98% used [0x00000000ecd80000,0x00000000ecff8868,0x00000000ed000000)
  to   space 2560K, 0% used [0x00000000ecb00000,0x00000000ecb00000,0x00000000ecd80000)
 ParOldGen       total 44032K, used 7417K [0x00000000c0000000, 0x00000000c2b00000, 0x00000000eab00000)
  object space 44032K, 16% used [0x00000000c0000000,0x00000000c073e680,0x00000000c2b00000)
 Metaspace       used 6193K, capacity 7088K, committed 7296K, reserved 1056768K
  class space    used 601K, capacity 616K, committed 640K, reserved 1048576K

Card table byte_map: [0x0000000011bd0000,0x0000000011de0000] byte_map_base: 0x00000000115d0000

Marking Bits: (ParMarkBitMap*) 0x000000007329a5b0
 Begin Bits: [0x0000000012340000, 0x0000000013340000)
 End Bits:   [0x0000000013340000, 0x0000000014340000)

Polling page: 0x0000000000bd0000

CodeCache: size=245760Kb used=6204Kb max_used=6224Kb free=239555Kb
 bounds [0x0000000002810000, 0x0000000002e30000, 0x0000000011810000]
 total_blobs=1798 nmethods=1529 adapters=182
 compilation: enabled

Compilation events (10 events):
Event: 11.236 Thread 0x0000000014f39800 1556       1       com.android.dx.rop.cst.TypedConstant::getFrameType (2 bytes)
Event: 11.236 Thread 0x0000000014f39800 nmethod 1556 0x0000000002dfdc10 code [0x0000000002dfdd60, 0x0000000002dfde70]
Event: 11.274 Thread 0x0000000014edb800 nmethod 1474 0x0000000002e18610 code [0x0000000002e18b40, 0x0000000002e1e0b0]
Event: 11.275 Thread 0x0000000014edb800 1551       4       com.android.dx.ssa.SCCP::simulateBranch (666 bytes)
Event: 11.298 Thread 0x0000000014f39800 1557       2       com.android.dx.ssa.back.IdenticalBlockCombiner::replaceSucc (83 bytes)
Event: 11.300 Thread 0x0000000014f39800 nmethod 1557 0x0000000002dfd410 code [0x0000000002dfd5c0, 0x0000000002dfd918]
Event: 11.300 Thread 0x0000000014f39800 1558       2       com.android.dx.rop.code.BasicBlockList$RegCountVisitor::visitThrowingInsn (6 bytes)
Event: 11.301 Thread 0x0000000014f39800 nmethod 1558 0x0000000002dfd090 code [0x0000000002dfd200, 0x0000000002dfd368]
Event: 11.385 Thread 0x0000000014f37000 nmethod 1522 0x0000000002e28410 code [0x0000000002e28720, 0x0000000002e2a990]
Event: 11.389 Thread 0x0000000014f37000 1464       4       com.android.dx.ssa.LocalVariableExtractor::processBlock (383 bytes)

GC Heap History (8 events):
Event: 4.600 GC heap before
{Heap before GC invocations=1 (full 0):
 PSYoungGen      total 18944K, used 16384K [0x00000000eab00000, 0x00000000ec000000, 0x0000000100000000)
  eden space 16384K, 100% used [0x00000000eab00000,0x00000000ebb00000,0x00000000ebb00000)
  from space 2560K, 0% used [0x00000000ebd80000,0x00000000ebd80000,0x00000000ec000000)
  to   space 2560K, 0% used [0x00000000ebb00000,0x00000000ebb00000,0x00000000ebd80000)
 ParOldGen       total 44032K, used 0K [0x00000000c0000000, 0x00000000c2b00000, 0x00000000eab00000)
  object space 44032K, 0% used [0x00000000c0000000,0x00000000c0000000,0x00000000c2b00000)
 Metaspace       used 3788K, capacity 4944K, committed 5120K, reserved 1056768K
  class space    used 420K, capacity 456K, committed 512K, reserved 1048576K
Event: 4.646 GC heap after
Heap after GC invocations=1 (full 0):
 PSYoungGen      total 18944K, used 1269K [0x00000000eab00000, 0x00000000ed000000, 0x0000000100000000)
  eden space 16384K, 0% used [0x00000000eab00000,0x00000000eab00000,0x00000000ebb00000)
  from space 2560K, 49% used [0x00000000ebb00000,0x00000000ebc3d600,0x00000000ebd80000)
  to   space 2560K, 0% used [0x00000000ecd80000,0x00000000ecd80000,0x00000000ed000000)
 ParOldGen       total 44032K, used 8K [0x00000000c0000000, 0x00000000c2b00000, 0x00000000eab00000)
  object space 44032K, 0% used [0x00000000c0000000,0x00000000c0002000,0x00000000c2b00000)
 Metaspace       used 3788K, capacity 4944K, committed 5120K, reserved 1056768K
  class space    used 420K, capacity 456K, committed 512K, reserved 1048576K
}
Event: 8.456 GC heap before
{Heap before GC invocations=2 (full 0):
 PSYoungGen      total 18944K, used 17653K [0x00000000eab00000, 0x00000000ed000000, 0x0000000100000000)
  eden space 16384K, 100% used [0x00000000eab00000,0x00000000ebb00000,0x00000000ebb00000)
  from space 2560K, 49% used [0x00000000ebb00000,0x00000000ebc3d600,0x00000000ebd80000)
  to   space 2560K, 0% used [0x00000000ecd80000,0x00000000ecd80000,0x00000000ed000000)
 ParOldGen       total 44032K, used 8K [0x00000000c0000000, 0x00000000c2b00000, 0x00000000eab00000)
  object space 44032K, 0% used [0x00000000c0000000,0x00000000c0002000,0x00000000c2b00000)
 Metaspace       used 5965K, capacity 6896K, committed 7040K, reserved 1056768K
  class space    used 600K, capacity 616K, committed 640K, reserved 1048576K
Event: 8.482 GC heap after
Heap after GC invocations=2 (full 0):
 PSYoungGen      total 18944K, used 2538K [0x00000000eab00000, 0x00000000ed000000, 0x0000000100000000)
  eden space 16384K, 0% used [0x00000000eab00000,0x00000000eab00000,0x00000000ebb00000)
  from space 2560K, 99% used [0x00000000ecd80000,0x00000000ecffa918,0x00000000ed000000)
  to   space 2560K, 0% used [0x00000000ebb00000,0x00000000ebb00000,0x00000000ebd80000)
 ParOldGen       total 44032K, used 2234K [0x00000000c0000000, 0x00000000c2b00000, 0x00000000eab00000)
  object space 44032K, 5% used [0x00000000c0000000,0x00000000c022e8b0,0x00000000c2b00000)
 Metaspace       used 5965K, capacity 6896K, committed 7040K, reserved 1056768K
  class space    used 600K, capacity 616K, committed 640K, reserved 1048576K
}
Event: 9.384 GC heap before
{Heap before GC invocations=3 (full 0):
 PSYoungGen      total 18944K, used 18922K [0x00000000eab00000, 0x00000000ed000000, 0x0000000100000000)
  eden space 16384K, 100% used [0x00000000eab00000,0x00000000ebb00000,0x00000000ebb00000)
  from space 2560K, 99% used [0x00000000ecd80000,0x00000000ecffa918,0x00000000ed000000)
  to   space 2560K, 0% used [0x00000000ebb00000,0x00000000ebb00000,0x00000000ebd80000)
 ParOldGen       total 44032K, used 2234K [0x00000000c0000000, 0x00000000c2b00000, 0x00000000eab00000)
  object space 44032K, 5% used [0x00000000c0000000,0x00000000c022e8b0,0x00000000c2b00000)
 Metaspace       used 6102K, capacity 7024K, committed 7296K, reserved 1056768K
  class space    used 601K, capacity 616K, committed 640K, reserved 1048576K
Event: 9.449 GC heap after
Heap after GC invocations=3 (full 0):
 PSYoungGen      total 18944K, used 2548K [0x00000000eab00000, 0x00000000ed000000, 0x0000000100000000)
  eden space 16384K, 0% used [0x00000000eab00000,0x00000000eab00000,0x00000000ebb00000)
  from space 2560K, 99% used [0x00000000ebb00000,0x00000000ebd7d358,0x00000000ebd80000)
  to   space 2560K, 0% used [0x00000000ecd80000,0x00000000ecd80000,0x00000000ed000000)
 ParOldGen       total 44032K, used 5140K [0x00000000c0000000, 0x00000000c2b00000, 0x00000000eab00000)
  object space 44032K, 11% used [0x00000000c0000000,0x00000000c0505190,0x00000000c2b00000)
 Metaspace       used 6102K, capacity 7024K, committed 7296K, reserved 1056768K
  class space    used 601K, capacity 616K, committed 640K, reserved 1048576K
}
Event: 9.937 GC heap before
{Heap before GC invocations=4 (full 0):
 PSYoungGen      total 18944K, used 18932K [0x00000000eab00000, 0x00000000ed000000, 0x0000000100000000)
  eden space 16384K, 100% used [0x00000000eab00000,0x00000000ebb00000,0x00000000ebb00000)
  from space 2560K, 99% used [0x00000000ebb00000,0x00000000ebd7d358,0x00000000ebd80000)
  to   space 2560K, 0% used [0x00000000ecd80000,0x00000000ecd80000,0x00000000ed000000)
 ParOldGen       total 44032K, used 5140K [0x00000000c0000000, 0x00000000c2b00000, 0x00000000eab00000)
  object space 44032K, 11% used [0x00000000c0000000,0x00000000c0505190,0x00000000c2b00000)
 Metaspace       used 6147K, capacity 7024K, committed 7296K, reserved 1056768K
  class space    used 601K, capacity 616K, committed 640K, reserved 1048576K
Event: 9.981 GC heap after
Heap after GC invocations=4 (full 0):
 PSYoungGen      total 35328K, used 2530K [0x00000000eab00000, 0x00000000ed000000, 0x0000000100000000)
  eden space 32768K, 0% used [0x00000000eab00000,0x00000000eab00000,0x00000000ecb00000)
  from space 2560K, 98% used [0x00000000ecd80000,0x00000000ecff8868,0x00000000ed000000)
  to   space 2560K, 0% used [0x00000000ecb00000,0x00000000ecb00000,0x00000000ecd80000)
 ParOldGen       total 44032K, used 7417K [0x00000000c0000000, 0x00000000c2b00000, 0x00000000eab00000)
  object space 44032K, 16% used [0x00000000c0000000,0x00000000c073e680,0x00000000c2b00000)
 Metaspace       used 6147K, capacity 7024K, committed 7296K, reserved 1056768K
  class space    used 601K, capacity 616K, committed 640K, reserved 1048576K
}

Deoptimization events (10 events):
Event: 4.415 Thread 0x000000000270d800 Uncommon trap: reason=unstable_if action=reinterpret pc=0x000000000296af14 method=java.lang.String.compareTo(Ljava/lang/String;)I @ 38
Event: 7.020 Thread 0x0000000016bcd800 Uncommon trap: reason=unstable_if action=reinterpret pc=0x0000000002a3e584 method=java.util.HashMap.getNode(ILjava/lang/Object;)Ljava/util/HashMap$Node; @ 62
Event: 8.272 Thread 0x000000000270d800 Uncommon trap: reason=class_check action=maybe_recompile pc=0x0000000002c09a28 method=com.android.dx.rop.type.Type.equals(Ljava/lang/Object;)Z @ 8
Event: 8.279 Thread 0x000000000270d800 Uncommon trap: reason=null_check action=make_not_entrant pc=0x0000000002c09a38 method=com.android.dx.rop.type.Type.equals(Ljava/lang/Object;)Z @ 8
Event: 8.291 Thread 0x000000000270d800 Uncommon trap: reason=unstable_if action=reinterpret pc=0x0000000002a848f0 method=java.util.BitSet.nextSetBit(I)I @ 87
Event: 8.772 Thread 0x0000000016b84800 Uncommon trap: reason=unstable_if action=reinterpret pc=0x0000000002c85138 method=com.android.dx.cf.code.Ropper.labelToResultIndex(I)I @ 34
Event: 9.314 Thread 0x000000000270d800 Uncommon trap: reason=unstable_if action=reinterpret pc=0x0000000002b43cdc method=com.android.dx.rop.cst.Constant.compareTo(Lcom/android/dx/rop/cst/Constant;)I @ 12
Event: 10.059 Thread 0x0000000016bcd800 Uncommon trap: reason=unstable_if action=reinterpret pc=0x0000000002cbaa7c method=com.android.dx.util.IntList.binarysearch(I)I @ 105
Event: 10.068 Thread 0x0000000016bcd800 Uncommon trap: reason=unstable_if action=reinterpret pc=0x0000000002d9e6d4 method=com.android.dx.ssa.SCCP.simulateStmt(Lcom/android/dx/ssa/SsaInsn;)V @ 59
Event: 11.315 Thread 0x000000000270d800 Uncommon trap: reason=unstable_if action=reinterpret pc=0x0000000002bc3084 method=com.android.dx.rop.code.RegisterSpec.equals(ILcom/android/dx/rop/type/TypeBearer;Lcom/android/dx/rop/code/LocalItem;)Z @ 42

Internal exceptions (3 events):
Event: 0.360 Thread 0x000000000270d800 Exception <a 'java/lang/NoSuchMethodError': Method sun.misc.Unsafe.defineClass(Ljava/lang/String;[BII)Ljava/lang/Class; name or signature does not match> (0x00000000eab0d910) thrown at [C:\re\workspace\8-2-build-windows-amd64-cygwin\jdk8u60\4407\hotspot\sru,¯×?
Event: 0.360 Thread 0x000000000270d800 Exception <a 'java/lang/NoSuchMethodError': Method sun.misc.Unsafe.prefetchRead(Ljava/lang/Object;J)V name or signature does not match> (0x00000000eab0dbf8) thrown at [C:\re\workspace\8-2-build-windows-amd64-cygwin\jdk8u60\4407\hotspot\src\share\vm\prims\j]%"
£Ž @
Event: 8.279 Thread 0x000000000270d800 Implicit null exception at 0x0000000002c09922 to 0x0000000002c09a29

Events (10 events):
Event: 9.981 Executing VM operation: ParallelGCFailedAllocation done
Event: 10.059 Thread 0x0000000016bcd800 Uncommon trap: trap_request=0xffffff65 fr.pc=0x0000000002cbaa7c
Event: 10.059 Thread 0x0000000016bcd800 DEOPT PACKING pc=0x0000000002cbaa7c sp=0x000000001702ecc0
Event: 10.059 Thread 0x0000000016bcd800 DEOPT UNPACKING pc=0x000000000285582a sp=0x000000001702ec38 mode 2
Event: 10.068 Thread 0x0000000016bcd800 Uncommon trap: trap_request=0xffffff65 fr.pc=0x0000000002d9e6d4
Event: 10.068 Thread 0x0000000016bcd800 DEOPT PACKING pc=0x0000000002d9e6d4 sp=0x000000001702ed10
Event: 10.068 Thread 0x0000000016bcd800 DEOPT UNPACKING pc=0x000000000285582a sp=0x000000001702ed38 mode 2
Event: 11.315 Thread 0x000000000270d800 Uncommon trap: trap_request=0xffffff65 fr.pc=0x0000000002bc3084
Event: 11.315 Thread 0x000000000270d800 DEOPT PACKING pc=0x0000000002bc3084 sp=0x00000000024ae010
Event: 11.315 Thread 0x000000000270d800 DEOPT UNPACKING pc=0x000000000285582a sp=0x00000000024adf98 mode 2


Dynamic libraries:
0x00007ff7367a0000 - 0x00007ff7367d7000 	C:\Program Files\Java\jdk1.8.0_60\bin\java.exe
0x00007ffd16590000 - 0x00007ffd16751000 	C:\WINDOWS\SYSTEM32\ntdll.dll
0x00007ffd14290000 - 0x00007ffd1433d000 	C:\WINDOWS\system32\KERNEL32.DLL
0x00007ffd13a80000 - 0x00007ffd13c5d000 	C:\WINDOWS\system32\KERNELBASE.dll
0x00007ffd13f00000 - 0x00007ffd13fa6000 	C:\WINDOWS\system32\ADVAPI32.dll
0x00007ffd143f0000 - 0x00007ffd1448d000 	C:\WINDOWS\system32\msvcrt.dll
0x00007ffd14090000 - 0x00007ffd140eb000 	C:\WINDOWS\system32\sechost.dll
0x00007ffd16460000 - 0x00007ffd16586000 	C:\WINDOWS\system32\RPCRT4.dll
0x00007ffd14b50000 - 0x00007ffd14c9e000 	C:\WINDOWS\system32\USER32.dll
0x00007ffd140f0000 - 0x00007ffd14276000 	C:\WINDOWS\system32\GDI32.dll
0x00007ffd072e0000 - 0x00007ffd07554000 	C:\WINDOWS\WinSxS\amd64_microsoft.windows.common-controls_6595b64144ccf1df_6.0.10240.16384_none_f41f7b285750ef43\COMCTL32.dll
0x00007ffd14340000 - 0x00007ffd14376000 	C:\WINDOWS\system32\IMM32.DLL
0x00007ffd14730000 - 0x00007ffd1488c000 	C:\WINDOWS\system32\MSCTF.dll
0x00000000726a0000 - 0x0000000072772000 	C:\Program Files\Java\jdk1.8.0_60\jre\bin\msvcr100.dll
0x0000000072a90000 - 0x0000000073319000 	C:\Program Files\Java\jdk1.8.0_60\jre\bin\server\jvm.dll
0x00007ffd14280000 - 0x00007ffd14288000 	C:\WINDOWS\system32\PSAPI.DLL
0x00007ffd06650000 - 0x00007ffd06659000 	C:\WINDOWS\SYSTEM32\WSOCK32.dll
0x00007ffd14380000 - 0x00007ffd143e9000 	C:\WINDOWS\system32\WS2_32.dll
0x00007ffd162f0000 - 0x00007ffd162f8000 	C:\WINDOWS\system32\NSI.dll
0x00007ffd11570000 - 0x00007ffd11593000 	C:\WINDOWS\SYSTEM32\WINMM.dll
0x00007ffd08870000 - 0x00007ffd0887a000 	C:\WINDOWS\SYSTEM32\VERSION.dll
0x00007ffd11500000 - 0x00007ffd1152c000 	C:\WINDOWS\SYSTEM32\WINMMBASE.dll
0x00007ffd13110000 - 0x00007ffd13154000 	C:\WINDOWS\system32\cfgmgr32.dll
0x00007ffd11950000 - 0x00007ffd11977000 	C:\WINDOWS\SYSTEM32\DEVOBJ.dll
0x0000000073bd0000 - 0x0000000073bdf000 	C:\Program Files\Java\jdk1.8.0_60\jre\bin\verify.dll
0x0000000073ba0000 - 0x0000000073bc9000 	C:\Program Files\Java\jdk1.8.0_60\jre\bin\java.dll
0x0000000073b80000 - 0x0000000073b96000 	C:\Program Files\Java\jdk1.8.0_60\jre\bin\zip.dll
0x00007ffd14ca0000 - 0x00007ffd161c2000 	C:\WINDOWS\system32\SHELL32.dll
0x00007ffd13450000 - 0x00007ffd13a78000 	C:\WINDOWS\system32\windows.storage.dll
0x00007ffd13c60000 - 0x00007ffd13edc000 	C:\WINDOWS\system32\combase.dll
0x00007ffd14660000 - 0x00007ffd146b1000 	C:\WINDOWS\system32\shlwapi.dll
0x00007ffd13050000 - 0x00007ffd1305f000 	C:\WINDOWS\system32\kernel.appcore.dll
0x00007ffd13330000 - 0x00007ffd133e3000 	C:\WINDOWS\system32\shcore.dll
0x00007ffd13000000 - 0x00007ffd1304a000 	C:\WINDOWS\system32\powrprof.dll
0x00007ffd12fe0000 - 0x00007ffd12ff3000 	C:\WINDOWS\system32\profapi.dll

VM Arguments:
jvm_args: -Djava.awt.headless=true -Xmx1024M -Dfile.encoding=windows-1252 -Duser.country=US -Duser.language=en -Duser.variant 
java_command: com.android.dx.command.Main --dex --force-jumbo --num-threads=4 --multi-dex --output C:\Users\Harry\Documents\GitHub\Ecocar\app\build\intermediates\transforms\dex\debug\folders\1000\10\com.android.support-support-v4-23.2.0_51d5efa4c8fdc0aac48c7296eee4614acdca1ab3 C:\Users\Harry\Documents\GitHub\Ecocar\app\build\intermediates\exploded-aar\com.android.support\support-v4\23.2.0\jars\classes.jar
java_class_path (initial): C:\Users\Harry\AppData\Local\Android\sdk\build-tools\23.0.2\lib\dx.jar
Launcher Type: SUN_STANDARD

Environment Variables:
PATH=C:\Program Files (x86)\Razer Chroma SDK\bin;C:\Program Files\Razer Chroma SDK\bin;C:\ProgramData\Oracle\Java\javapath;C:\Program Files (x86)\NVIDIA Corporation\PhysX\Common;C:\Program Files (x86)\Intel\iCLS Client\;C:\Program Files\Intel\iCLS Client\;C:\WINDOWS\system32;C:\WINDOWS;C:\WINDOWS\System32\Wbem;C:\WINDOWS\System32\WindowsPowerShell\v1.0\;C:\Program Files (x86)\Intel\OpenCL SDK\3.0\bin\x86;C:\Program Files (x86)\Intel\OpenCL SDK\3.0\bin\x64;C:\Program Files\Intel\Intel(R) Management Engine Components\DAL;C:\Program Files\Intel\Intel(R) Management Engine Components\IPT;C:\Program Files (x86)\Intel\Intel(R) Management Engine Components\DAL;C:\Program Files (x86)\Intel\Intel(R) Management Engine Components\IPT;C:\Program Files\Sony\VAIO Improvement;C:\Program Files (x86)\Sony\VAIO BIOS Data Transfer Utility\;C:\Program Files (x86)\Sony\VAIO Startup Setting Tool;C:\Program Files (x86)\Windows Live\Shared;C:\Program Files\Intel\WiFi\bin\;C:\Program Files\Common Files\Intel\WirelessCommon\;C:\Program Files (x86)\PharosSystems\Core;c:\Program Files (x86)\Microsoft SQL Server\110\Tools\Binn\;c:\Program Files\Microsoft SQL Server\110\Tools\Binn\;c:\Program Files\Microsoft SQL Server\110\DTS\Binn\;C:\Program Files\nodejs\;C:\Program Files\Microsoft SQL Server\120\Tools\Binn\;C:\Program Files (x86)\Skype\Phone\;C:\Users\Harry\AppData\Roaming\npm;C:\Program Files\Intel\WiFi\bin\;C:\Program Files\Common Files\Intel\WirelessCommon\;C:\Users\Harry\AppData\Roaming\npm
USERNAME=Harry
OS=Windows_NT
PROCESSOR_IDENTIFIER=Intel64 Family 6 Model 69 Stepping 1, GenuineIntel



---------------  S Y S T E M  ---------------

OS: Windows 10.0 , 64 bit Build 10240 (10.0.10240.16384)

CPU:total 4 (2 cores per cpu, 2 threads per core) family 6 model 69 stepping 1, cmov, cx8, fxsr, mmx, sse, sse2, sse3, ssse3, sse4.1, sse4.2, popcnt, avx, avx2, aes, clmul, erms, lzcnt, ht, tsc, tscinvbit, bmi1, bmi2

Memory: 4k page, physical 4098948k(200520k free), swap 8788764k(5460k free)

vm_info: Java HotSpot(TM) 64-Bit Server VM (25.60-b23) for windows-amd64 JRE (1.8.0_60-b27), built on Aug  4 2015 11:06:27 by "java_re" with MS VC++ 10.0 (VS2010)

time: Wed Apr 20 17:47:47 2016
elapsed time: 11 seconds (0d 0h 0m 11s)

