#
# There is insufficient memory for the Java Runtime Environment to continue.
# Native memory allocation (malloc) failed to allocate 53520 bytes for Chunk::new
# Possible reasons:
#   The system is out of physical RAM or swap space
#   In 32 bit mode, the process size limit was hit
# Possible solutions:
#   Reduce memory load on the system
#   Increase physical memory or swap space
#   Check if swap backing store is full
#   Use 64 bit Java on a 64 bit OS
#   Decrease Java heap size (-Xmx/-Xms)
#   Decrease number of Java threads
#   Decrease Java thread stack sizes (-Xss)
#   Set larger code cache with -XX:ReservedCodeCacheSize=
# This output file may be truncated or incomplete.
#
#  Out of Memory Error (allocation.cpp:390), pid=7156, tid=7628
#
# JRE version: Java(TM) SE Runtime Environment (8.0_60-b27) (build 1.8.0_60-b27)
# Java VM: Java HotSpot(TM) 64-Bit Server VM (25.60-b23 mixed mode windows-amd64 compressed oops)
# Failed to write core dump. Minidumps are not enabled by default on client versions of Windows
#

---------------  T H R E A D  ---------------

Current thread (0x0000000014aeb800):  JavaThread "C2 CompilerThread0" daemon [_thread_in_native, id=7628, stack(0x0000000016140000,0x0000000016240000)]

Stack: [0x0000000016140000,0x0000000016240000]
[error occurred during error reporting (printing stack bounds), id 0xc0000005]

Native frames: (J=compiled Java code, j=interpreted, Vv=VM code, C=native code)


Current CompileTask:
C2:   3857 1309   !   4       com.android.dx.cf.cst.ConstantPoolParser::parse0 (731 bytes)


---------------  P R O C E S S  ---------------

Java Threads: ( => current thread )
  0x0000000016a59000 JavaThread "pool-2-thread-4" [_thread_in_Java, id=13664, stack(0x0000000017640000,0x0000000017740000)]
  0x0000000016a58000 JavaThread "pool-2-thread-3" [_thread_in_Java, id=7548, stack(0x0000000017540000,0x0000000017640000)]
  0x0000000016a54800 JavaThread "pool-2-thread-2" [_thread_in_Java, id=12392, stack(0x0000000017440000,0x0000000017540000)]
  0x0000000016593800 JavaThread "pool-3-thread-1" [_thread_blocked, id=14260, stack(0x0000000017340000,0x0000000017440000)]
  0x0000000016592800 JavaThread "pool-2-thread-1" [_thread_in_Java, id=9632, stack(0x0000000017240000,0x0000000017340000)]
  0x000000001634d000 JavaThread "Service Thread" daemon [_thread_blocked, id=11328, stack(0x0000000016840000,0x0000000016940000)]
  0x0000000016348800 JavaThread "C1 CompilerThread2" daemon [_thread_blocked, id=10476, stack(0x0000000016740000,0x0000000016840000)]
  0x0000000014af1000 JavaThread "C2 CompilerThread1" daemon [_thread_blocked, id=3384, stack(0x0000000016240000,0x0000000016340000)]
=>0x0000000014aeb800 JavaThread "C2 CompilerThread0" daemon [_thread_in_native, id=7628, stack(0x0000000016140000,0x0000000016240000)]
  0x0000000014ae9800 JavaThread "Attach Listener" daemon [_thread_blocked, id=9332, stack(0x0000000016040000,0x0000000016140000)]
  0x0000000014ae8000 JavaThread "Signal Dispatcher" daemon [_thread_blocked, id=5268, stack(0x0000000015f40000,0x0000000016040000)]
  0x0000000002411000 JavaThread "Finalizer" daemon [_thread_blocked, id=416, stack(0x0000000015d60000,0x0000000015e60000)]
  0x000000000240e000 JavaThread "Reference Handler" daemon [_thread_blocked, id=8864, stack(0x0000000015c60000,0x0000000015d60000)]
  0x000000000231d800 JavaThread "main" [_thread_in_native, id=13380, stack(0x0000000002180000,0x0000000002280000)]

Other Threads:
  0x0000000014ab7800 VMThread [stack: 0x0000000015b60000,0x0000000015c60000] [id=10160]
  0x0000000016353800 WatcherThread [stack: 0x0000000016940000,0x0000000016a40000] [id=6936]

VM state:not at safepoint (normal execution)

VM Mutex/Monitor currently owned by a thread: None

Heap:
 PSYoungGen      total 18944K, used 18329K [0x00000000eab00000, 0x00000000ec000000, 0x0000000100000000)
  eden space 16384K, 96% used [0x00000000eab00000,0x00000000eba67be0,0x00000000ebb00000)
  from space 2560K, 99% used [0x00000000ebd80000,0x00000000ebffeaa0,0x00000000ec000000)
  to   space 2560K, 0% used [0x00000000ebb00000,0x00000000ebb00000,0x00000000ebd80000)
 ParOldGen       total 44032K, used 2692K [0x00000000c0000000, 0x00000000c2b00000, 0x00000000eab00000)
  object space 44032K, 6% used [0x00000000c0000000,0x00000000c02a1118,0x00000000c2b00000)
 Metaspace       used 6088K, capacity 6960K, committed 7040K, reserved 1056768K
  class space    used 601K, capacity 616K, committed 640K, reserved 1048576K

Card table byte_map: [0x00000000117e0000,0x00000000119f0000] byte_map_base: 0x00000000111e0000

Marking Bits: (ParMarkBitMap*) 0x000000005461a5b0
 Begin Bits: [0x0000000011f50000, 0x0000000012f50000)
 End Bits:   [0x0000000012f50000, 0x0000000013f50000)

Polling page: 0x00000000008f0000

CodeCache: size=245760Kb used=5482Kb max_used=5497Kb free=240277Kb
 bounds [0x0000000002420000, 0x0000000002990000, 0x0000000011420000]
 total_blobs=1620 nmethods=1351 adapters=182
 compilation: enabled

Compilation events (10 events):
Event: 3.720 Thread 0x0000000016348800 nmethod 1362 0x00000000029749d0 code [0x0000000002974ba0, 0x0000000002975648]
Event: 3.728 Thread 0x0000000014af1000 nmethod 1312 0x000000000297b150 code [0x000000000297b4a0, 0x000000000297df70]
Event: 3.728 Thread 0x0000000014af1000 1339       4       com.android.dx.rop.code.RegisterSpec::make (7 bytes)
Event: 3.729 Thread 0x0000000014af1000 nmethod 1339 0x0000000002931390 code [0x00000000029314e0, 0x0000000002931548]
Event: 3.729 Thread 0x0000000014af1000 1354       4       java.util.ArrayList::subListRangeCheck (110 bytes)
Event: 3.730 Thread 0x0000000014af1000 nmethod 1354 0x000000000291ec50 code [0x000000000291ed80, 0x000000000291ee18]
Event: 3.730 Thread 0x0000000014af1000 1314       4       com.android.dx.rop.code.RopMethod::labelToPredecessors (54 bytes)
Event: 3.782 Thread 0x0000000014af1000 nmethod 1314 0x0000000002981d50 code [0x0000000002981f40, 0x0000000002983498]
Event: 3.782 Thread 0x0000000014af1000 1310       4       com.android.dx.rop.code.ThrowingCstInsn::<init> (51 bytes)
Event: 3.785 Thread 0x0000000014af1000 nmethod 1310 0x0000000002977e90 code [0x0000000002977fe0, 0x0000000002978198]

GC Heap History (4 events):
Event: 2.110 GC heap before
{Heap before GC invocations=1 (full 0):
 PSYoungGen      total 18944K, used 16384K [0x00000000eab00000, 0x00000000ec000000, 0x0000000100000000)
  eden space 16384K, 100% used [0x00000000eab00000,0x00000000ebb00000,0x00000000ebb00000)
  from space 2560K, 0% used [0x00000000ebd80000,0x00000000ebd80000,0x00000000ec000000)
  to   space 2560K, 0% used [0x00000000ebb00000,0x00000000ebb00000,0x00000000ebd80000)
 ParOldGen       total 44032K, used 0K [0x00000000c0000000, 0x00000000c2b00000, 0x00000000eab00000)
  object space 44032K, 0% used [0x00000000c0000000,0x00000000c0000000,0x00000000c2b00000)
 Metaspace       used 5541K, capacity 6512K, committed 6784K, reserved 1056768K
  class space    used 596K, capacity 616K, committed 640K, reserved 1048576K
Event: 2.119 GC heap after
Heap after GC invocations=1 (full 0):
 PSYoungGen      total 18944K, used 2552K [0x00000000eab00000, 0x00000000ec000000, 0x0000000100000000)
  eden space 16384K, 0% used [0x00000000eab00000,0x00000000eab00000,0x00000000ebb00000)
  from space 2560K, 99% used [0x00000000ebb00000,0x00000000ebd7e100,0x00000000ebd80000)
  to   space 2560K, 0% used [0x00000000ebd80000,0x00000000ebd80000,0x00000000ec000000)
 ParOldGen       total 44032K, used 879K [0x00000000c0000000, 0x00000000c2b00000, 0x00000000eab00000)
  object space 44032K, 1% used [0x00000000c0000000,0x00000000c00dbca8,0x00000000c2b00000)
 Metaspace       used 5541K, capacity 6512K, committed 6784K, reserved 1056768K
  class space    used 596K, capacity 616K, committed 640K, reserved 1048576K
}
Event: 3.473 GC heap before
{Heap before GC invocations=2 (full 0):
 PSYoungGen      total 18944K, used 18936K [0x00000000eab00000, 0x00000000ec000000, 0x0000000100000000)
  eden space 16384K, 100% used [0x00000000eab00000,0x00000000ebb00000,0x00000000ebb00000)
  from space 2560K, 99% used [0x00000000ebb00000,0x00000000ebd7e100,0x00000000ebd80000)
  to   space 2560K, 0% used [0x00000000ebd80000,0x00000000ebd80000,0x00000000ec000000)
 ParOldGen       total 44032K, used 879K [0x00000000c0000000, 0x00000000c2b00000, 0x00000000eab00000)
  object space 44032K, 1% used [0x00000000c0000000,0x00000000c00dbca8,0x00000000c2b00000)
 Metaspace       used 5996K, capacity 6896K, committed 7040K, reserved 1056768K
  class space    used 601K, capacity 616K, committed 640K, reserved 1048576K
Event: 3.481 GC heap after
Heap after GC invocations=2 (full 0):
 PSYoungGen      total 18944K, used 2554K [0x00000000eab00000, 0x00000000ec000000, 0x0000000100000000)
  eden space 16384K, 0% used [0x00000000eab00000,0x00000000eab00000,0x00000000ebb00000)
  from space 2560K, 99% used [0x00000000ebd80000,0x00000000ebffeaa0,0x00000000ec000000)
  to   space 2560K, 0% used [0x00000000ebb00000,0x00000000ebb00000,0x00000000ebd80000)
 ParOldGen       total 44032K, used 2692K [0x00000000c0000000, 0x00000000c2b00000, 0x00000000eab00000)
  object space 44032K, 6% used [0x00000000c0000000,0x00000000c02a1118,0x00000000c2b00000)
 Metaspace       used 5996K, capacity 6896K, committed 7040K, reserved 1056768K
  class space    used 601K, capacity 616K, committed 640K, reserved 1048576K
}

Deoptimization events (8 events):
Event: 0.621 Thread 0x000000000231d800 Uncommon trap: reason=unstable_if action=reinterpret pc=0x00000000025748d4 method=java.lang.String.compareTo(Ljava/lang/String;)I @ 38
Event: 2.126 Thread 0x000000000231d800 Uncommon trap: reason=unstable_if action=reinterpret pc=0x0000000002659384 method=java.util.HashMap.getNode(ILjava/lang/Object;)Ljava/util/HashMap$Node; @ 62
Event: 2.129 Thread 0x000000000231d800 Uncommon trap: reason=bimorphic action=maybe_recompile pc=0x0000000002662218 method=java.util.HashMap.getNode(ILjava/lang/Object;)Ljava/util/HashMap$Node; @ 126
Event: 2.729 Thread 0x0000000016592800 Uncommon trap: reason=unstable_if action=reinterpret pc=0x00000000026d3284 method=com.android.dx.rop.code.RegisterSpec.equals(ILcom/android/dx/rop/type/TypeBearer;Lcom/android/dx/rop/code/LocalItem;)Z @ 42
Event: 2.749 Thread 0x0000000016a59000 Uncommon trap: reason=null_check action=make_not_entrant pc=0x0000000002709828 method=com.android.dx.ssa.SsaRenamer.getLocalForNewReg(I)Lcom/android/dx/rop/code/LocalItem; @ 19
Event: 2.768 Thread 0x0000000016a59000 Uncommon trap: reason=unstable_if action=reinterpret pc=0x000000000278a2ac method=com.android.dx.rop.code.RegisterSpecSet.put(Lcom/android/dx/rop/code/RegisterSpec;)V @ 77
Event: 2.769 Thread 0x0000000016a59000 Uncommon trap: reason=unstable_if action=reinterpret pc=0x00000000027ddcac method=com.android.dx.rop.code.RegisterSpecSet.put(Lcom/android/dx/rop/code/RegisterSpec;)V @ 77
Event: 3.525 Thread 0x0000000016592800 Uncommon trap: reason=bimorphic action=maybe_recompile pc=0x0000000002662218 method=java.util.HashMap.getNode(ILjava/lang/Object;)Ljava/util/HashMap$Node; @ 126

Internal exceptions (3 events):
Event: 0.076 Thread 0x000000000231d800 Exception <a 'java/lang/NoSuchMethodError': Method sun.misc.Unsafe.defineClass(Ljava/lang/String;[BII)Ljava/lang/Class; name or signature does not match> (0x00000000eab0dcf0) thrown at [C:\re\workspace\8-2-build-windows-amd64-cygwin\jdk8u60\4407\hotspot\srŠVãÀä‹³?
Event: 0.076 Thread 0x000000000231d800 Exception <a 'java/lang/NoSuchMethodError': Method sun.misc.Unsafe.prefetchRead(Ljava/lang/Object;J)V name or signature does not match> (0x00000000eab0dfd8) thrown at [C:\re\workspace\8-2-build-windows-amd64-cygwin\jdk8u60\4407\hotspot\src\share\vm\prims\jƒŠsêý@
Event: 2.749 Thread 0x0000000016a59000 Implicit null exception at 0x0000000002707647 to 0x00000000027097e5

Events (10 events):
Event: 2.769 Thread 0x0000000016a59000 Uncommon trap: trap_request=0xffffff65 fr.pc=0x00000000027ddcac
Event: 2.769 Thread 0x0000000016a59000 DEOPT PACKING pc=0x00000000027ddcac sp=0x000000001773e7f0
Event: 2.769 Thread 0x0000000016a59000 DEOPT UNPACKING pc=0x000000000246582a sp=0x000000001773e710 mode 2
Event: 2.778 loading class com/android/dx/dex/file/FieldAnnotationStruct
Event: 2.778 loading class com/android/dx/dex/file/FieldAnnotationStruct done
Event: 3.471 Executing VM operation: ParallelGCFailedAllocation
Event: 3.481 Executing VM operation: ParallelGCFailedAllocation done
Event: 3.525 Thread 0x0000000016592800 Uncommon trap: trap_request=0xffffffc6 fr.pc=0x0000000002662218
Event: 3.525 Thread 0x0000000016592800 DEOPT PACKING pc=0x0000000002662218 sp=0x000000001733ea50
Event: 3.525 Thread 0x0000000016592800 DEOPT UNPACKING pc=0x000000000246582a sp=0x000000001733e968 mode 2


Dynamic libraries:
0x00007ff7be2f0000 - 0x00007ff7be327000 	C:\Program Files\Java\jdk1.8.0_60\bin\java.exe
0x00007ffa39ba0000 - 0x00007ffa39d61000 	C:\WINDOWS\SYSTEM32\ntdll.dll
0x00007ffa37270000 - 0x00007ffa3731d000 	C:\WINDOWS\system32\KERNEL32.DLL
0x00007ffa36db0000 - 0x00007ffa36f8d000 	C:\WINDOWS\system32\KERNELBASE.dll
0x00007ffa39ad0000 - 0x00007ffa39b76000 	C:\WINDOWS\system32\ADVAPI32.dll
0x00007ffa37d30000 - 0x00007ffa37dcd000 	C:\WINDOWS\system32\msvcrt.dll
0x00007ffa37ac0000 - 0x00007ffa37b1b000 	C:\WINDOWS\system32\sechost.dll
0x00007ffa398d0000 - 0x00007ffa399f6000 	C:\WINDOWS\system32\RPCRT4.dll
0x00007ffa37970000 - 0x00007ffa37abe000 	C:\WINDOWS\system32\USER32.dll
0x00007ffa37570000 - 0x00007ffa376f6000 	C:\WINDOWS\system32\GDI32.dll
0x00007ffa2c6a0000 - 0x00007ffa2c914000 	C:\WINDOWS\WinSxS\amd64_microsoft.windows.common-controls_6595b64144ccf1df_6.0.10240.16384_none_f41f7b285750ef43\COMCTL32.dll
0x00007ffa380e0000 - 0x00007ffa38116000 	C:\WINDOWS\system32\IMM32.DLL
0x00007ffa37f80000 - 0x00007ffa380dc000 	C:\WINDOWS\system32\MSCTF.dll
0x0000000053a50000 - 0x0000000053b22000 	C:\Program Files\Java\jdk1.8.0_60\jre\bin\msvcr100.dll
0x0000000053e10000 - 0x0000000054699000 	C:\Program Files\Java\jdk1.8.0_60\jre\bin\server\jvm.dll
0x00007ffa39a00000 - 0x00007ffa39a08000 	C:\WINDOWS\system32\PSAPI.DLL
0x00007ffa25490000 - 0x00007ffa25499000 	C:\WINDOWS\SYSTEM32\WSOCK32.dll
0x00007ffa377b0000 - 0x00007ffa37819000 	C:\WINDOWS\system32\WS2_32.dll
0x00007ffa37dd0000 - 0x00007ffa37dd8000 	C:\WINDOWS\system32\NSI.dll
0x00007ffa26e30000 - 0x00007ffa26e3a000 	C:\WINDOWS\SYSTEM32\VERSION.dll
0x00007ffa34590000 - 0x00007ffa345b3000 	C:\WINDOWS\SYSTEM32\WINMM.dll
0x00007ffa34560000 - 0x00007ffa3458c000 	C:\WINDOWS\SYSTEM32\WINMMBASE.dll
0x00007ffa36f90000 - 0x00007ffa36fd4000 	C:\WINDOWS\system32\cfgmgr32.dll
0x00007ffa34ea0000 - 0x00007ffa34ec7000 	C:\WINDOWS\SYSTEM32\DEVOBJ.dll
0x0000000054f50000 - 0x0000000054f5f000 	C:\Program Files\Java\jdk1.8.0_60\jre\bin\verify.dll
0x0000000054f20000 - 0x0000000054f49000 	C:\Program Files\Java\jdk1.8.0_60\jre\bin\java.dll
0x0000000054f00000 - 0x0000000054f16000 	C:\Program Files\Java\jdk1.8.0_60\jre\bin\zip.dll
0x00007ffa38120000 - 0x00007ffa39642000 	C:\WINDOWS\system32\SHELL32.dll
0x00007ffa36670000 - 0x00007ffa36c98000 	C:\WINDOWS\system32\windows.storage.dll
0x00007ffa39650000 - 0x00007ffa398cc000 	C:\WINDOWS\system32\combase.dll
0x00007ffa39a10000 - 0x00007ffa39a61000 	C:\WINDOWS\system32\shlwapi.dll
0x00007ffa365f0000 - 0x00007ffa365ff000 	C:\WINDOWS\system32\kernel.appcore.dll
0x00007ffa36fe0000 - 0x00007ffa37093000 	C:\WINDOWS\system32\shcore.dll
0x00007ffa36600000 - 0x00007ffa3664a000 	C:\WINDOWS\system32\powrprof.dll
0x00007ffa36650000 - 0x00007ffa36663000 	C:\WINDOWS\system32\profapi.dll

VM Arguments:
jvm_args: -Djava.awt.headless=true -Xmx1024M -Dfile.encoding=windows-1252 -Duser.country=US -Duser.language=en -Duser.variant 
java_command: com.android.dx.command.Main --dex --force-jumbo --num-threads=4 --multi-dex --output C:\Users\Harry\Documents\GitHub\Ecocar\app\build\intermediates\transforms\dex\debug\folders\1000\10\com.android.support-appcompat-v7-23.2.0_d4137ad3b3a2f9afa8d303a33b86794b69c9853a C:\Users\Harry\Documents\GitHub\Ecocar\app\build\intermediates\exploded-aar\com.android.support\appcompat-v7\23.2.0\jars\classes.jar
java_class_path (initial): C:\Users\Harry\AppData\Local\Android\sdk\build-tools\23.0.2\lib\dx.jar
Launcher Type: SUN_STANDARD

Environment Variables:
PATH=C:\Program Files (x86)\Razer Chroma SDK\bin;C:\Program Files\Razer Chroma SDK\bin;C:\ProgramData\Oracle\Java\javapath;C:\Program Files (x86)\NVIDIA Corporation\PhysX\Common;C:\Program Files (x86)\Intel\iCLS Client\;C:\Program Files\Intel\iCLS Client\;C:\WINDOWS\system32;C:\WINDOWS;C:\WINDOWS\System32\Wbem;C:\WINDOWS\System32\WindowsPowerShell\v1.0\;C:\Program Files (x86)\Intel\OpenCL SDK\3.0\bin\x86;C:\Program Files (x86)\Intel\OpenCL SDK\3.0\bin\x64;C:\Program Files\Intel\Intel(R) Management Engine Components\DAL;C:\Program Files\Intel\Intel(R) Management Engine Components\IPT;C:\Program Files (x86)\Intel\Intel(R) Management Engine Components\DAL;C:\Program Files (x86)\Intel\Intel(R) Management Engine Components\IPT;C:\Program Files\Sony\VAIO Improvement;C:\Program Files (x86)\Sony\VAIO BIOS Data Transfer Utility\;C:\Program Files (x86)\Sony\VAIO Startup Setting Tool;C:\Program Files (x86)\Windows Live\Shared;C:\Program Files\Intel\WiFi\bin\;C:\Program Files\Common Files\Intel\WirelessCommon\;C:\Program Files (x86)\PharosSystems\Core;c:\Program Files (x86)\Microsoft SQL Server\110\Tools\Binn\;c:\Program Files\Microsoft SQL Server\110\Tools\Binn\;c:\Program Files\Microsoft SQL Server\110\DTS\Binn\;C:\Program Files\nodejs\;C:\Program Files\Microsoft SQL Server\120\Tools\Binn\;C:\Program Files (x86)\Skype\Phone\;C:\Users\Harry\AppData\Roaming\npm;C:\Program Files\Intel\WiFi\bin\;C:\Program Files\Common Files\Intel\WirelessCommon\;C:\Users\Harry\AppData\Roaming\npm
USERNAME=Harry
OS=Windows_NT
PROCESSOR_IDENTIFIER=Intel64 Family 6 Model 69 Stepping 1, GenuineIntel



---------------  S Y S T E M  ---------------

OS: Windows 10.0 , 64 bit Build 10240 (10.0.10240.16384)

CPU:total 4 (2 cores per cpu, 2 threads per core) family 6 model 69 stepping 1, cmov, cx8, fxsr, mmx, sse, sse2, sse3, ssse3, sse4.1, sse4.2, popcnt, avx, avx2, aes, clmul, erms, lzcnt, ht, tsc, tscinvbit, bmi1, bmi2

Memory: 4k page, physical 4098948k(182144k free), swap 9123944k(3748k free)

vm_info: Java HotSpot(TM) 64-Bit Server VM (25.60-b23) for windows-amd64 JRE (1.8.0_60-b27), built on Aug  4 2015 11:06:27 by "java_re" with MS VC++ 10.0 (VS2010)

time: Fri Apr 22 01:35:28 2016
elapsed time: 3 seconds (0d 0h 0m 3s)

